one.jpg
OOOOO
OOOOO
OAOOO
OOOOO
OOOOO
OOOOO
two.bmp
JJJJJ
JJZZJ
JWJJJ
JWJJJ
JJJJJ
JJJJJ
three.bmp
JLLLL
JLLLL
JLLLL
JWJJM
JJJJM
JJJNN
n.bmp
OOO
OOO
OOO
OOO
OOO
OOO
OOO
de.tmp
OOOOOOOOOO
OOOOOOOOOO
OOOOOOOOOO
OOOOOOOOOO
OOOOOOOOOO
OOOOOOOOOO
OOOOOOOOOO
OOOOOOOOOO
OOOOOOOOOO
OOOOOOOOOO
OOOOOOOOOO
OOOOOOOOOO
OOOOOOOOOO
OOOOOOOOOO
OOOOOOOOOO
OOOOOOOOOO
OOOOOOOOOO
OOOOOOOOOO
OOOOOOOOOO
de.tml
EEEEEEEEEE
EEEEEEEEEE
IIIIIEEEEE
IIIIIEEEEE
IIIIIEEEEE
IIIIIEEEEE
IIIIIEEEEE
IIIIIEEEEE
EEEEEEEEEE
EEEEEEEEEE
EEEEEEEEEE
EEEEEEEEEE
EEEEEEEEEE
EEEEEEEEEE
EEEEEEEEEE
EEEEEEEEEE
EEEEEEEEEE
EEEEEEEEEE
EEEEEEEEEE
