teste1.bmp
HHHHHHHYYYYYYYYYYYHHHHHHH
HHHHHHHHHHHHAHHHHHHHHHHHH
HHHHHHHHHHHHAHHHHHHHHHHHH
HHHHHHHHHHHHAHHHHHHHHHHHH
HHHHHHHHHHHHAHHHHHHHHHHHH
HHHHHHHHHHHHAHHHHHHWHHHHH
HHHHHHHHHHHHAHHHHHHWHHHHH
HHHHHHHHHHHHAHHHHHHWHHHHH
HHHHHHHHHHHHAHHHHHHWHHHHH
HHHHHHHHHHHHAHHHHHHWHHHHH
HHHHHHHHHHHHAHHHHHHWHHHHH
HHHHHHHHHHHHAHHHHHHWHHHHH
HHHHHHHHHHHHAHHHHHHWHHHHH
HHHHHHHHHHHHAHHHHHHWHHHHH
HHHHHHHHHHHHAHHHHHHWHHHHH
HHHHHHHHHHHHAHHHHHHWHHHHH
HHHHHHHHHHHHAHHHHHHWHHHHH
HHHHHHHHHHHHHHHHHHHWHHHHH
HHHHHHHHHHHHHHHHHHHHHHHHH
IIIIIIIIIIIIIIIIIIIIIIIII
IIIIIIIIIIIIIIIIIIIIIIIII
IIIIIIIIIIIIIIIIIIIIIIIII
IIIIIIIIIIIIIIIIIIIIIIIII
IIIIIIIIIIIIIIIIIIIIIIIII
IIIIIIIIIIIIIIIIIIIIIIIII
teste2.bmp
HHHHHHHYYYYYYYYYYYHHHHHHH
HHHHHHHHHHHHAHHHHHHHHHHHH
HHHHHHHHHHHHAHHHHHHHHHHHH
HHHHHHHHHHHHAHHHHHHHHHHHH
HHHHHHHHHHHHAHHHHHHHHHHHH
HHHHHHHHHHHHAHHHHHHWHHHHH
HHHHHHHHHHHHAHHHHHHWHHHHH
HHHHHHHHHHHHAHHHHHHWHHHHH
HHHHHHHHHHHHAHHHHHHWHHHHH
HHHHHHHHHHHHAHHHHHHWHHHHH
HHHHHHHHHHHHAHHHHHHWHHHHH
HHHHHHHHHHHHAHHHHHHWHHHHH
HHHHHHHHHHHHAHHHHHHWHHHHH
HHHHHHHHHHHHAHHHHHHWHHHHH
HHHHHHHHHHHHAHHHHHHWHHHHH
HHHHHHHHHHHHAHHHHHHWHHHHH
HHHHHHHHHHHHAHHHHHHWHHHHH
HHHHHHHHHHHHHHHHHHHWHHHHH
HHHHHHHHHHHHHHHHHHHHHHHHH
IIIIIIIIIIIIIIIIIIIIIIIII
IIIIIIIIIIIIIIIIIIIIIIIII
IIIIIIIIIIIIIIIIIIIIIIIII
IIIIIIIIIIIIIIIIIIIIIIIII
IIIIIIIIIIIIIIIIIIIIIIIII
IIIIIIIIIIIIIIIIIIIIIIIII
teste3.bmp
HHHHHHHYYYYYYYYYYYHHHHHHH
HHHHHHHHHHHHAHHHHHHHHHHHH
IIIIIHHHHHHJAHHHHHHHHHHHH
HHHHHHHHHHHJAHHHHHHHHHHHH
HHEEEEEEEEEJEEEEEEEEHHHHH
HHHHHHHHHHHHAHHHHHHWHHHHH
HHHHHHHHHHHHAHHHHHHWHHHHH
HHHHHHHHHHHHAHHHHHHWHHHHH
HHHHHHHHHHHHAHHHHHHWHHHHH
HHHHHHHHHHHHAHHHHHHWHHHHH
HHHHHHHHHHHHAHHHHHHWHHHHH
HHHHHHHHHHHHAHHHHHHWHHHHH
HHHHHHHHHHHHAHHHHHHWHHHHH
HHHHHHHHHHHHAHHHHHHWHHHHH
HHHHHHHHHHHHAHHHHHHWHHHHH
HHHHHHHHHHHHAHHHHHHWRHHHH
HHHHHHHHHHHHAHHHHHHWHHHHH
HHHHHHHHHHHHHHHHHHHWHHHHH
HHHHHHHHHHHHHHHHHHHHHHHHH
IIIIIIIIIIIIIIIIIIIIIIIII
IIIIIIIIIIIIIIIIIIIIIIIII
IIIIIIIIIIIIIIIIIIIIIIIII
IIIIIIIIIIIIIIIIIIIIIIIII
IIIIIIIIIIIIIIIIIIIIIIIII
IIIIIIIIIIIIIIIIIIIIIIIII
teste4.bmp
OOOOOOOOOOOOOOOOOOOOOOOOO
OOOOOOOOOOOOOOOOOOOOOOOOO
OOOOOOOOOOOOOOOOOOOOOOOOO
OOOOOOOOOOOOOOOOOOOOOOOOO
OOOOOOOOOOOOOOOOOOOOOOOOO
OOOOOOOOOOOOOOOOOOOOOOOOO
OOOOOOOOOOOOOOOOOOOOOOOOO
OOOOOOOOOOOOOOOOOOOOOOOOO
OOOOOOOOOOOOOOOOOOOOOOOOO
OOOOOOOOOOOOOOOOOOOOOOOOO
OOOOOOOOOOOOOOOOOOOOOOOOO
OOOOOOOOOOOOOOOOOOOOOOOOO
OOOOOOOOOOOOOOOOOOOOOOOOO
OOOOOOOOOOOOOOOOOOOOOOOOO
OOOOOOOOOOOOOOOOOOOOOOOOO
OOOOOOOOOOOOOOOOOOOOOOOOO
OOOOOOOOOOOOOOOOOOOOOOOOO
OOOOOOOOOOOOOOOOOOOOOOOOO
OOOOOOOOOOOOOOOOOOOOOOOOO
OOOOOOOOOOOOOOOOOOOOOOOOO
OOOOOOOOOOOOOOOOOOOOOOOOO
OOOOOOOOOOOOOOOOOOOOOOOOO
OOOOOOOOOOOOOOOOOOOOOOOOO
OOOOOOOOOOOOOOOOOOOOOOOOO
OOOOOOOOOOOOOOOOOOOOOOOOO
teste5.bmp
VVVVVVVVHVVVVVVVVVVVVVVVV
VVVVVVVVHVVVVVVVVVVVVVVVV
VVVVVVVVHVVVVVVVVVVVVVVVV
VVVVVVVVHVVVVVVVVVVVVVVVV
VVVVVVVVHVVVVVVVVVVVVVVVV
VVVVVVVVHVVVVVVVVVVVVVVVV
VVVVVVVVHVVVVVVVVVVVVVVVV
VVVVVVVVHVVVVVVVVVVVVVVVV
VVVVVVVVHVVVVVVVVVVVVVVVV
VVVVVVVVHVVVVVVVVVVVVVVVV
VVVVVVVVHVVVVVVVVVVVVVVVV
VVVVVVVVHVVVVVVVVVVVVVVVV
VVVVVVVVHVVVVVVVVVVVVVVVV
VVVVVVVVHVVVVVVVVVVVVVVVV
VVVVVVVVHVVVVVVVVVVVVVVVV
VVVVVVVVHVVVVVVVVVVVVVVVV
VVVVVVVVHVVVVVVVVVVVVVVVV
VVVVVVVVHVVVVVVVVVVVVVVVV
VVVVVVVVHVVVVVVVVVVVVVVVV
VVVVVVVVHVVVVVVVVVVVVVVVV
VVVVVVVVHVVVVVVVVVVVVVVVV
VVVVVVVVVVVVVVVVVVVVVVVVV
VVVVVVVVVVVVVVVVVVVVVVVVV
VVVVVVVVVVVVVVVVVVVVVVVVV
VVVVVVVVVVVVVVVVVVVVVVVVV
teste6.bmp
OOOOOOOOOOOOOOOOOOOOOOOOO
OOOOOOOOOOOOOOOOOOOOOOOOO
OOOOOOOOOOOOOOOOOOOOOOOOO
OOOOOOOOOOOOOOOOOOOOOOOOO
OOOOOOOOOOOOOOOOOOOOOOOOO
OOOOOOOOOOOOOOOOOOOOOOOOO
OOOOOOOOOOOOOOOOOOOOOOOOO
OOOOOOOOOOOOOOOOOOOOOOOOO
OOOOOOOOOOOOOOOOOOOOOOOOO
OOOOOOOOOOOOOOOOOOOOOOOOO
OOOOOOOOOOOOOOOOOOOOOOOOO
OOOOOOOOOOOOOOOOOOOOOOOOO
OOOOOOMMMMMMMMMMMMMMMMMMO
OOOOOOOOOOOOOOOOOOOOOOOOO
OOOOOOOOOOOOOOOOOOOOOOOOO
OOOOOOOOOOOOOOOOOOOOOOOOO
OOOOONOOOOOOOOOOOOOOOOOOO
OOOOOOOOOOOOOOOOOOOOOOOOO
OOOOOOOOOOOOOOOOOOOOOOOOO
OOOOOOOOOOOCCCCCCCCCCOOOO
OOOOOOOOOOOOOOOOOOOOOOOOO
EEEEEEEEEEEEEEEEEEEEEEEEE
OOOOOOOOOOOOOOOOOOOOOOOOO
OOOOOOOOOOOOOOOOOOOOOOOOO
OOOOOOOOOOOOOOOOOOOOOOOOO
teste7.bmp
AAAAAAAAAAAAAAAAAAAAAAAAA
AAAAAAAAAAEEEEEEAAAAAAAAA
AAAAAAAAAAAAAAAAAAAAAAAAA
AAAAAAAAAAAAAAAAAAAAAAAAA
AAAAAAAAAAAAAAAAAAAAAAAAA
AAAAAAAAAAAAAAAAAAAAAAAAA
AAAAAAAAAAAAAAAAAAAAAAAAA
AAAAAAAAAAAAAAAAAAAAAAAAA
AAAAAAAAAAAAAAAAAAAAAAAAA
AAAAAAAAAAAAAAAAAAAAAAAAA
AAAAAAAAAAAAAAAAAAAAAAAAA
AAAAAAAAAAAAAAAAAAAAAAAAA
AAAAAAAAAAAAAAAAAAAAAAAAA
AAAAAAAAAAAAAAAAAAAAAAAAA
AAAAAAAAAAAAAAAAAAAAAAAAA
AAAAAAAAAAAAAAAAAAAAAAAAA
AAAAAAAAAAAAAAAAAAAAAAAAA
AAAAAAAAAAAAAAAAAAAAAAAAA
AAAAAAAAAAAAAAAAAAAAAAAAA
AAAAAAAAAAAAAAAAAAAAAAAAA
AAAAAAAAAAAAAAAAAAAAAAAAA
AAAAAAAAAAAAAAAAAAAAAAAAA
AAAAAAAAAAAAAAAAAAAAAAAAA
AAAAAAAAAAAAAAAAAAAAAAAAA
AAAAAAAAAAAAAAAAAAAAAAAAA
teste8.bmp
OOOOOOOOOOOOOOOOOOOOOOOOO
OOOOOOOOOOOOOOOOOOOOOOOOO
OOOOOOOOOOOOOOOOOOOOOOOOO
OOOOOOOOOOOOOOOOOOOOOOMOO
OOOOOOOOOOOOOOOOOOOOOOMOO
OOOOOOOOOOOOOOOOOOOOOOMOO
OOOOOOOOOOOOOOOOOOOOOOMOO
OOOOOOOOOOOOOOOOOOOOOOMOO
OOOOOOOOOOOOOOOOOOOOOOMOO
OOOOOOOOOOOOOOOOOOOOOOMOO
OOOOOOOOOOOOOOOOOOOOOOMOO
OOOOOOOOOOOOOOOOOOOOOOMOO
OOOOOOOOOOOOOOOOOOOOOOMOO
OOOOOOOOOOOOOOOOOOOOOOMOO
OOOOOOOOOOOOOOOOOOOOOOOOO
OOOOOOOOOOOOOOOOOOOOOOOOO
OOOOOOOOOOMMOOOOOOOOOOOOO
OOOOOOOOOOOOOOOOOOOOOOOOO
OOOOOOOOOOOOOOOOOOOOOOOOO
OOOOOOOOOOOOOOOOOOOOOOOOO
OOOOOOOOOOOOOOOOOOOOOOOOO
OOOOOOOOOOOOOOOOOOOOOOOOO
OOOOOOOOOOOOOOOOOOOOOOOOO
OOOOOOOOOOOOOOOOOOOOOOOOO
OOOOOOOOOOOOOOOOOOOOOOOOO
teste9.bmp
OOOOOOOOOOOOOOOOOOOOOOOOO
OOOOOOOOOOOOOOOOOOOOOOOOO
OOOOOOOOOOOOOOOOOOOOOOOOO
OOOOOOOOOOOOOOOOOOOOOOMOO
OOOOOOOOOOOOOOOOOOOOOOMOO
OOOOOOOOOOOOOOOOOOOOOOMOO
OOOOOUOOOOOOOOOOOOOOOOMOO
OOOOOUOOOOOOOOOOOOOOOOMOO
OOOOOUOOOOOOOOOOOOOOOOMOO
OOOOOUOOOOOOOOOOOOOOOOMOO
OOOOOUOOOOOOOOOOOOOOOOMOO
OOOOOUOOOOOOOOYYYYYYYOMOO
OOOOOOOOOOOOOOOOOOOOOOMOO
OOOOOOOOOOOOOOOOOOOOOOMOO
OOOOOOOOOOOOOOOOOOOOOOOOO
OOOOOOOOOOOOOOOOOOOOOOOOO
OOOOOOOOOOMMOOOOOOOOOOOOO
OOOOOOOOOOOOOOOOOOOOOOOOO
OOOOOOOOOOOOOOOOOOOOOOOOO
OOOOOOOOOOOOOOOOOOOOOOOOO
OOOOOOOOOOOOOOOOOOOOOOOOO
OOOOOOOOOOOOOOOOOOOOOOOOO
OOOOOOOOOOOOOOOOOOOOOOOOO
OOOOOOOOOOOOOOOOOOOOOOOOO
OOOOOOOOOOOOOOOOOOOOOOOOO
teste10.bmp
ZZZZZZZZZZZZZZZZZZZZZZZZZ
ZZZZZZZZZZZZZZZZZZZZZZZZZ
ZZZZZZZZZZZZZZZZZZZZZZZZZ
LLLLLLLLLLLLZZZZZZZZZZZZZ
ZZZZZZZZZZZZZZZZZZZZZZZZZ
ZZZZZZZZZZZZZZZZZZZZZZZZZ
ZZZZZZZZZZZZZZZZZZZZZZZZZ
ZZZZZZZZZZZZZZZZZZZZZZZZZ
ZZZZZZZZZZZZZZZZZZZZZZZZZ
ZZZZZZZZZZZZZZZZZZZZZZZZZ
ZZZZZZZZZZZZZZZZZZZZZZZZZ
ZZZZZZZZZZZZZZZZZZZZZZZZZ
ZZZZZZNZZZZZZZZZZZZZZZZZZ
ZZZZZZZZZZZZZZZZZZZZZZZZZ
ZZZZZZZZZZZZZZZZZZZZZZZZZ
ZZZZZZZZZZZZZZZZZZZZZZZZZ
ZZZZZZZZZZZZZZZZZZZZZZZZZ
ZZZZZZZZZZZZZZZZZZZZZZZZZ
ZZZZZZZZZZZZZZZZZZZZZZZZZ
ZZZZZZZZZZZZZZZZZZZZZZZZZ
ZZZZZZZZZZZZZZZZZZZZZZZZZ
ZZZZZZZZZZZZZZZZZZZZZZZZZ
ZZZZZZZUZZZZZZZZQQQQZZZZZ
ZZZZZZZZZZZZZZZZZZZZZZZZZ
ZZZZZZZZZZZZZZFFFFFFZZZZZ
teste11.bmp
YYYYYLYYYYYYYYYYYYYYYYYYY
YYYYYYYYYYYYYYYYYYYYYYYYY
YYYYYYYYYYYYYYYYYYYYYYYYY
YYYYYYYYYYYYYYYYYYYYYYYYY
YYYYYYYYYYYYYYYYYYYYYYYYY
YYYYYYYYYYYYYYYYYYYYYYYYY
YYYYYYYYYYYYYYYYYYYYYYYYY
YYYYYYYYYYYYYYYYYYYYYYYYY
YYYYYYYYYYYYYYYYYYYYYYYYY
YYYYYYYYYYYYYYYYYYYYYYYYY
YYYYYYYYYYYYYYYYYYYYYYYYY
YYYYYYYYYYYYYYYYYYYYYYYYY
YYYYYYYYYYYYYYYYYYYYYYYYY
YYYYYYYYYYYYYYYYYYYYYYYYY
YYYYYYYYYYYYYYYYYYYYYYYYY
YYYYYYYYYYYYYYYYYYYYYYYYY
YYYYYYYYYYYYYYYYYYYYYYYYY
YYYYYYYYYYYYYYYYYYYYYYYYY
YYYYYYYYYYYYYYYYYYYYYYYYY
YYYYYYYYYYYYYYYYYYYYYYYYY
YYYYYYYYYYYYYYYYYYYYYYYYY
YYYYYYYYYYYYYYYYYYYYYYYYY
YYYYYYYYYYYYYYYYYYYYYYYYY
YYYYYYYYYYYYYYYYYYYYYYYYY
YYYYYYYYYYYYYYYYYYYYYYYYY
teste12.bmp
OOOOOOOOOOOOOOOOOOOOOOOOO
OOOOOOOOOOOOOOOOOOOOOOOOO
OOOOOOOOOOOOOOOOOOOOOOOOO
OOOOOOOOOOOOOOOOOOOOOOOOO
OOOOOOOOOOOOOOOOOOOOOOOOO
OOOOOOOOOOOOOOOOOOOOOOOOO
OOOOOOOOOOOOOOOOOOOOOOOOO
OOOOOOOOOOOOOOOOOOOOOOOOO
OOOOOOOOOOOOOOZOOOOOOOOOO
OOOOOOOOOOOOOOZOOOOOOOOOO
OOOOOOOOOOOOOOZOOOOOOOOOO
OOOOOOOOOOOOOOZOOOOOOOOOO
OOOOOOOOOOOOOOZOOOOOOOOOO
OOOOOOOOOOOOOOZOOOOOOOOOO
OOOOOOOOOOOOOOZOOOOOOOOOO
OOOOOOOOOOOOOOOOOOOOOOOOO
OOOOOOOOOOOOOOOOOOOOOOOOO
OOOOOOOOOOOOOOOOOOOOOOOOO
OOOOOOOOOOOOOOOOOOOOOOOOO
OOOOOOOOOOOOOOOOOOOOOOOOO
OOOOOOOOOOOOOOOOOOOOOOOOO
OOOOOOOOOOOOOOOOOOOOOOOOO
OOOOOOOOOOOOOOOOOOOOOOOOO
OOOOOOOOOOOOOOOOOOOOOOOOO
OOOOOOOOOOOOOOOOOOOOOOOOO
teste13.bmp
UUUUUUUUUUUUUUUUUUUUUUUUU
UUUUUUUUUUUUUUUUUUUUUUUUU
UUUUUUUUUUUUUUUUUUUUUUUUU
UUUUUUUUUUUUUUUUUUUUUUUUU
UUUUUUUUUUUUUUUUUUUUUUUUU
UUUUUUUUUUUUUUUUUUUUUUUUU
UUUUUUUUUUUUUUUUUUUUUUUUU
UUUUUUUUUUUUUUUUUUUUUUUUU
UUUUUUUUUUUUUUUUUUUUUUUUU
UUUUUUUUUUUUUUUUUUUUUUUUU
UUUUUUUUUUUUUUUUUUUUUUUUU
UUUUUUUUUUUUUUUUUUUUUUUUU
UUUUUUUUUUUUUUUUUUUUUUUUU
UUUUUUUUUUUUUUUUUUUUUUUUU
UUUUUUUUUUUUUUUUUUUUUUUUU
UUUUUUUUUUUUUUUUUUUUUUUUU
UUUUUUUUUUUUUUUUUUUUUUUUU
UUUUUUUUUUUUUUUUUUUUUUUUU
UUUUUUUUUUUUUUUUUUUUUUUUU
UUUUUUUUUUUUUUUUUUUUUUUUU
UUUUUUUUUUUUUUUUUUUUUUUUU
UUUUUUUUUURUUUUUUUUUUUUUU
UUUUUUUUUURUUUUUUUUUUUUUU
UUUUUUUUUUUUUUUUUUUUUUUUU
UUUUUUUUUUUUUUUUUUUUUUUUU
teste14.bmp
FFFFFFFFFFFFFFFFFFFFFFFFF
FFFFFFFFFFFFFFFFFFFFFFFFF
FFFFFFFFFFFFFFFFFFFFFFFFF
FFFFFFFFFFFFFFFFFFFFFFFFF
FFFFFFFFFFFFFFFFFFFFFFFFF
FFFFFFFFFFFFFFFFFFFFFFFFF
FFFFFFFFFFFFFFFFFFFFFFFFF
FFFFFFFFFFFFFFFFFFFFFFFFF
FFFFFFFFFFFFFFFFFFFFFFFFF
FFFFFFFFFFFFFFFFFFFFFFFFF
FFFFFFFFFFFFFFFFFFFFFFFFF
FFFFFFFFFFFFFFFFFFFFFFFFF
FFFFFFFFFFFFFFFFFFFFFFFFF
FFFFFFFFFFFFFFFFFFFFFFFFF
FFFFFFFFFFFFFFFFFFFFFFFFF
FFFFFFFFFFFFFFFFFFFFFFFFF
FFFFFFFFFFFFFFFFFFFFFFFFF
FFFFFFFFFFFFFFFFFFFFFFFFF
FFFFFFFFFFFFFFFFFFFFFFFFF
FFFFFFFFFFFFFFFFFFFFFFFFF
FFFFFFFFFFFFFFFFFFFFFFFFF
FFFFFFFFFFRFFFFFFFFFFFFFF
FFFFFFFFFFRFFFFFFFFFFFFFF
FFFFFFFFFFFFFFFFFFFFFFFFF
FFFFFFFFFFFFFFFFFFFFFFFFF
teste15.bmp
OOOOOOOOOOOOOOOOOOOOOOOOO
OOOOOOOOOOOOOOOOOOOOOOOOO
OOOOOOOOOOOOOOOOOOOOOOOOO
OOOOOOOOOOOOOOOOOOOOOOOOO
OOOOOOOOOOOOOOOOOOOOOOOOO
OOOOOOOOOOOOOOOOOOOOOOOOO
OOOOOOOOOOOOOOOOOOOOOOOOO
OOOOOOOOOOOOOOOOOOOOOOOOO
OOOOOOOOOOOOOOOOOOOOOOOOO
OOOOOOOOOOOOOOOOOOOOOOOOO
OOOOOOOOOOOOOOOOOOOOOOOOO
OOOOOOOOOOOOOOOOOOOOOOOOO
OOOOOOOOOOOOOOOOOOOOOOOOO
OOOOOOOOOOOOOOOOOOOOOOOOO
OOOOOOOOOOOOOOOOOOOOOOOOO
OOOOOOOOOOOOOOOOOOOOOOOOO
OOOOOOOOOOOOOOOOOOOOOOOOO
OOOOOOOOOOOOOOOOOOOOOOOOO
OOOOOOOOOOOOOOOOOOOOOOOOO
OOOOOOOOOOOOOOOOOOOOOOOOO
OOOOOOOOOOOOOOOOOOOOOOOOO
OOOOOOOOOOOOOOOOOOOOOOOOO
OOOOOOOOOOOOOOOOOOOOOOOOO
OOOOOOOOOOOOOOOOOOOOOOOOO
OOOOOOOOOOOOOOOOOOOOOOOOO
teste16.bmp
OOOOOOOOOOOOOOOOOOOOOOOOO
OOOOOOOOOOOOOOOOOOOOOOOOO
OOOOOOOOOOOOOOOOOOOOOOOOO
OOOOOOOOOOOOOOOOOOOOOOOOO
OOOOOOOOOOOOOOOOOOOOOOOOO
OUOOOOOOOOOOOOOOOOOOOOOOO
OOOOOOOOOOOOOOOOOOOOOOOOO
OOOOOOOOOOOOOOOOOOOOOOOOO
OOOOOOOOOOOOOOOOOOOOOOOOO
OOOOOOOOOGOOOOOOOOOOOOOOO
OOOOOOOOOGOOOOOOOOOOOOOOO
OOOOOOOOOGOOOOOOOOOOOOOOO
OOOOOOOOOGOOOOOOOOOOOOOOO
OOOOOOOOOGOOOOOOOOOOOOOOO
OOOOOOOOOGOOOOOOOOOOOOOOO
OOOOOOOOOGOOOOOOOOOOOOOOO
OOOOOOOOOGOOOOOOOOOOOOOOO
OOOOOOOOOGOOOOOOOOOOOOOOO
OOOOOOOOOOOOOOOOOOOOOOOOO
OOOOOOOOOOOOOOOOOOOOOOOOO
OOOOOOOOOOOOOOOOOOOOOOOOO
OOOOOOOOOOOOOOOOOOOOOOOOO
OOOOOOOOOOOOOOOOOOOOOOOOO
OOOOOOOOOOOOOOOOOOOOOOOOO
OOOOOOOOOOOOOOOOOOOOOOOOO
teste17.bmp
OOOOOOOOOOOOOOOOOOOOOOOOO
OOOOOOOOOOOOOOOOOOOOOOOOO
OOOOOOOOOOOOOOOOOOOOOOOOO
OOOOOOOOOOOOOOOOOOOOOOOOO
OOOOOOOOOOOOOOOOOOOOOOOOO
OOOOOOOOOOOOOOOOOOOOOOOOO
OOOOOOOOOOOOOOOOOOOOOOOOO
OOOOOOOOOOOOOOOOOOOOOOOOO
OOOOOOOOOOOOOOOOOOOOOOOOO
OOOOOOOOOOOOOOOOOOOOOOOOO
OOOOOOOOOOOOOOOOOOOOOOOOO
OOOOOOOOOOOOOOOOOOOOOOOOO
OOOOOOOOOOOOOOOOOOOOOOOOO
OOOOOOOOOOOOOOOOOOOOOOOOO
OOOOOOOOOOOOOOOOOOOOOOOOO
OOOOOOOOOOOOOOOOOOOOOOOOO
OOOOOOOOOOOOOOOOOOOOOOOOO
OOOOOOOOOOOOOOOOOOOOOOOOO
OOOOOOOOOOOOOOOOOOOOOOOOO
OOOOOOOOOOOOOOOOOOOOOOOOO
OOOOOOOOOOOOOOOOOOOOOOOOO
OOOOOOOOOOOOOOOOOOOOOOOOO
OOOOOOOOOOOOOOOOOOOOOOOOO
OOOOOOOOOOOOOOOOOOOOOOOOO
OOOOOOOOOOOOOOOOOOOOOOOOO
teste18.bmp
NNNNNNNNNNNNNNNNNNNNNNNNN
NNNNNNNNNNNNNNNNNNNNNNNNN
NNNNNNNNNNNNNNNNNNNNNNNNN
NNNNNCCNNNNNNNNNNNNNNNNNN
NNNNNCCNNNNNNNNNNNNNNNNNN
NNNNNCCNNNNNNNNNNNNNNNNNN
NNNNNCCNNNNNNNNNNNNNNNNNN
NNNNNCCNNNNNNNNNNNNNNNNNN
NNNNNCCNNNNNNNNNNNNNNNNNN
NNNNNCCNNNNNNNNNNNNNNNNNN
NNNNNCCNNNNNNNNNNNNNNNNNN
NNNNNCCNNNNNNNNNNNNNNNNNN
NNNNNCCNNNNNNNNNNNNNNNNNN
NNNNNCCNNNNNNNNNNNNNNNNNN
NNNNNCCNNNNNNNNNNNNNNNNNN
NNNNNCCNNNNNNNNNNNNNNNNNN
NNNNNCCNNNNNNNNNNNNNNNNNN
NNNNNNNNNNNNNNNNNNNNNNNNN
NNNNNNNNNNNNNNNNNNNNNNNNN
NNNNNNNNNNNNNNNNNNNNNNNNN
NNNNNNNNNNNNNNNNNNNNNNNNN
NNNNNNNNNNNNNNNNNNNNNNNNN
NNNNNNNNNNNNNNNNNNNNNNNNN
NNNNNNNNNNNNNNNNNNNNNNNNN
NNNNNNNNNNNNNNNNNNNNNNNNN
teste19.bmp
WWWWWWWWWWWWWWWWWWWWWWWWW
WWWWWWWWWWWWWWWWWWWWWWWWW
WWWWWWWWWWWWWWWWWWWWWWWWW
WWWWWWWWWWWWWWWWWWWWWWWWW
WWWWWWWWWWWGGGGGGWWWWWWWW
WWWWWWWWWWWGGGGGGWWWWWWWW
WWWWWWWWWWWGGGGGGWWWWWWWW
WWWWWWZWWWWGGGGGGWWWWWWWW
WWWWWWZWWWWGGGGGGWWWWWWWW
WWWWWLZWWWWGGGGGGWWWWWWWW
WWWWWWWWWWWGGGGGGWWWWWWWW
WWWWWWWWWWWGGGGGGWWWWWWWW
WWWWWWWWWWWWWWWWWWWWWWWWW
WWWWWWWWWWWWWWWWWWWWWWWWW
WWWWWWWWWWWWWWWWWWWWWWWWW
WWWWWWWWWWWWWWWWWWWWWWWWW
WWWWWWWWWWWWWWWWWWWWWWWWW
WWWWWWWWWWWWWWWWWWWWWWWWW
WWWWWWWWWWWWWWWWWWWWWWWWW
WWWWWWWWWWWWWWWWWWWWWWWWW
WWWWWWWWWWWWWWWWWWWWWWWWW
WWWWWWWWWWWWWWWWWWWWWWWWW
WWWWWWWWWWWWWWWWWWWWWWWWW
WWWWWWWWWWWWWWWWWWWWWWWWW
WWWWWWWWWWWWWWWWWWWWWWWWW
teste20.bmp
OOOOOOOOOOOOOOOOOOOOOOOOO
OOOOOOOOOOOOOOOOOOOOOOOOO
OOOOOOOOOOOOOOOOOOOOOOOOO
OOOOOOOOOOOOOOOOOOOOOOOOO
OOOOOOOOOOOOOOOOOOOOOOOOO
OOOOOOOOOOOOOOOOOOOOOOOOO
OOOOOOOOOOOOOOOOOOOOOOOOO
OOOOOOOOOOOOOOOOOOOOOOOOO
OOOOOOOOOOOOOOOOOOOOOOOOO
OOOOOOOOOOOOOOOOOOOOOOOOO
OOOOOOOOOOOOOOOOOOOOOOOOO
OOOOOOOOOOOOOOOOOOOOOOOOO
OOOOOOOOOOOOOOOOOOOOOOOOO
OOOOOOOOOOOOOOOOOOOOOOOOO
OOOOOOOOOOOOOOOOOOOOOOOOO
OOOOOOOOOOOOOOOOOOOOOOOOO
OOOOOOOOOOOOOOOOOOOOOOOOO
OOOOOOOOOOOOOOOOOOOOOOOOO
OOOOOOOOOOOOOOOOOOOOOOOOO
OOOOOOOOOOOOOOOOOOOOOOOOO
OOOOOOOOOOOOOOOOOOOOOOOOO
OOOOOOOOOOOOOOOOOOOOOOOOO
OOOOOOOOOOOOOOOOOOOOOOOOO
OOOOOOOOOOOOOOOOOOOOOOOOO
OOOOOOOOOOOOOOOOOOOOOOOOO
teste21.bmp
UUUUUUUUUUUUUUUUUUUUUUUUU
UUUUUUUUUUUUUUUUUUUUUUUUU
UUUUUUUUUUUUUUUUUUUUUUUUU
UUUUUUUUUUUUUUUUUUUUUUUUU
UUUUUUJJJJJJJJJJJJJJUUUUU
UFFFUUJJJJJJJJJJJJJJUUUUU
UFFFUUJJJJJJJJJJJJJJUUUUU
UFFFUJJJJJJJJJJJJJJJUUUUU
UFFFUUJJGGGGGGGGGGGGUUUUU
UFFFUUUUGGGGGGGGGGGGUUUUU
UFFFUUUUGGGGGGGGGGGGUUUUU
UFFFUUUUGGGGGGGGGGGGUUUUU
UUXXXXXXGGGGGGGGGGGGUUUUU
UUXXXXXXGGGGGGGGGGGGUUUUU
UUXXXXXXGGGGGGGGGGGGUUUUU
UUXXXXXXGGGGGGGGGGGGUUUUU
UUXXXXDXGGGGGGGGGGGGUUUUU
UUXXXXDXGGGGGGGGGGGGUUUUU
UUXXXXXXGGGGGGGGGGGGUUUUU
UUXXXXXXGGGGGGGGGGGGUUVUU
UUXXXXXXGGGGGGGGGGGGUUVUU
ZZZZZZZZGGGGGGGGGGGGUUUUU
ZZZZZZZZGGGGGGGGGGGGUUUUU
ZZZZZZZZZZZZZZZZZZZLUUUUU
UUUUUUUUUUUUUUUUUUUUUUUUU
teste22.bmp
JJJJJJJJJJJJJJJJJJJJJZJJJ
JJJJJJJJJJJJJJJJJJJJJJJJJ
JJJJJJJJJJJJJJJJJJJJJJJJJ
JJJJJJJJJJJJJJJJJJJJJJJJJ
JJJJJJJJJJJJJJJJJJJJJJJJJ
JFFFJJJJJJJJJJJJJJJJJJJJJ
JFFFJJJJJJJJJJJJJJJJJJJJJ
JFFHHHHHHJJJJJJJJJJJJJJJJ
JFFFUUJJGGGGGGGGGGGGJJJJJ
JFFFUUUUGGGGGGGGGGGGJJJJJ
JFFFUUUUGGGGGGGGGGGGJJJJJ
JFFFUUUUGGGGGGGGGGGGJJJJJ
JJXXXXXXGGGGGGGGGGGGJJJJJ
JJXXXXXXGGGGGGGGGGGGJJJJJ
JJXXXXXSGGGGGGGGGGGGJJJJJ
JJXXXXXXGGGGGGGDGGGGJJJJJ
JJXXXXDXGGGGGGGDGGGGJJJJJ
JJXXXXDEEEEEEEEDGGGGJJJJJ
JJXXXXXXGGGGGGGDGGGGJJJJJ
JJXXXXXXGGGGGGGDGGGGJJVJJ
JJXXXXXXGGGGGGGDGGGGJJVJJ
ZZZZZZZZGGGGGGGGGGGGJJJJJ
ZZZZZZZZGGGGGGGGGGGGJJJJJ
ZZZZZZZZZZZZZZZZZZZLJJJJJ
JJJJJJJJJJJJJJJJJJJJJJJJJ
teste23.bmp
OOOOOOOOOOOOOOOOOOOOOOOOO
OOOOOOOOOOOOOOOOOOOOOOOOO
OIIIIIIIIIOOOOOOOOOOOOOOO
OOOOOOOOOOOOOOOOOOOOOOOOO
OOOOOOOOOOOOOOOOOOOOOOOOO
OOOOOOOOOOOOOOOOOOOOOOOOO
OOOOOOOOOOOOOOOOOOOOOOOOO
OOOOOOOOOOOOOOOOOOOOOOOOO
OOOOOOOOOOOOOOOOOOOOOOOOO
OOOOOOOOOOOOOOOOOOOOOOOOO
OOOOOOOOOOOOOOOOOOOOOOOOO
OOOOOOOOOOOOTOOOOOOOOOOOO
OOOOOOOOOOOOOOOOOOOOOOOOO
OOOOOOOOOOOOOOOOOOOOOOOOO
OOOOOOOOOOOOOOOOOOOOOOOOO
OOOOOOOOOOOOOOOOOOOOOOOOO
OOOOOOOOOOOOOOOOOOOOOOOOO
OOOOOOOOOOOOOOOOOOOOOOOOO
OOOOOOOOOOOOOOOOOOOOOOOOO
OOOOOOOOOOOOOOOOOOOOOOOOO
OOOOOOOOOOOOOOOOOOOOOOOOO
OOOOOOOOOOOOOOOOOOOOOOOOO
OOOOOOOOOOOOOOOOOOOOOOOOO
OOOOOOOOOOOOOOOOOOOOOOOOO
OOOOOOOOOOOOOOOOOOOOOOOOO
teste24.bmp
OOOOOOOOOOOOOOOOOOOOOOOOO
OOOOOOOOOOOOOOOOOOOOOOOOO
OIIIIIIIIIOOOOOOOOOOOOOOO
OOOOOOOOOOOOOOOOOOOOOOOOO
OOOOOOOOOOOOOOOOOOOOOOOOO
OOOOOOOOOOOOOOOOOOOOOOOOO
OOOOOOOOOOOOOOOOOOOOOOOOO
OOOOOOOOOOOOOOOOOOOOOOOOO
OOOOOOOOOOOOOOOOOOOOOOOOO
OOOOOOOOOOOOOOOOOOOOOOOOO
OOOOOOOOOOOOOOOOOOOOOOOOO
OOOOOOOOOOOOTOOOOOOOOOOOO
OOOOOOOOOOOOOOOOOOOOOOOOO
OOOOOOOOOOOOOOOOOOOOOOOOO
OOOOOOOOOOOOOOOOOOOOOOOOO
OOOOOOOOOOOOOOOOOOOOOOOOO
OOOOOOOOOOOOOOOOOOOOOOOOO
OOOOOOOOOOOOOOOOOOOOOOOOO
OOOOOOOOOOOOOOOOOOOOOOOOO
OOOOOOOOOOOOOOOOOOOOOOOOO
OOOOOOOOOOOOOOOOOOOOOOOOO
OOOOOOOOOOOOOOOOOOOOOOOOO
OOOOOOOOOOOOOOOOOOOOOOOOO
OOOOOOOOOOOOOOOOOOOOOOOOO
OOOOOOOOOOOOOOOOOOOOOOOOO
teste25.bmp
OOOOOOOOOOOOOOOOOOOOOOOOO
OOOOOOOOOOOOOOOOOOOOOOOOO
OOOOOOOOOOOOOOOOOOOOOOOOO
OOOOOOOOOOOOOOOOQQQQQQOOO
OOOOOOOOOOOOOOOOQQQQQQOOO
OOOOOOOOOOOOOOOOQQQQQQOOO
OOOOOOOOOOOOOOOOQQQQQQOOO
OOOOOOOOOOOOOOOOQQQQQQOOO
OOOOOOOOOOOOOOOOQQQQQQOOO
OOOOOOOOOOOOOOOOOOOOOOOOO
OOOOOOOOOOOOOOOOOOOOOOOOO
OOOOOOOOOOOOOOOOOOOOOOOOO
OOOOOOOOOOOOOOOOOOOOOOOOO
OOOOOOOOOOOOOOOOOOOOOOOOO
OOOOOOOOOOOOOOOOOOOOOOOOO
OOOOOOOOOOOOOOOOOOOOOOOOO
OOOOOOOOOOOOOOOOOOOOOOOOO
OOOOOOOOOOOOOOOOOOOOOOOOO
OOOOOOOOOOOOOOOOOOOOOOOOO
OOOOOOOOOOOOOOOOOOOOOOOOO
OOOOOOOOOOOOOOOOOOOOOOOOO
OOOOOOOOOOOOOOOOOOOOOOOOO
OOOOOOOOOOOOOOOOOOOOOOOOO
OOOOOOOOOOOOOOOOOOOOOOOOO
OOOOOOOOOOOOOOOOOOOOOOOOO
teste26.bmp
OOOOOOOOOOOOOOOOOOOOOOOOO
OOOOOOOOOOOOOOOOOOOOOOOOO
OYOOOOOOOOOOOOOOOOOOOOOOO
OYOOOOOOOOOOOOOOOOOOOOOOO
OYOOOOOOOOQOOOOOOOOOOOOOO
OYOOOOOOOKKKKKOOOOOOOOOOO
OYOOOOOOOOQOOOOOOOOOOOOOO
OYOOOOOOOOQOOOOOOOOOOOOOO
OYOOOOOOOOQOOOYOOOOOOOOOO
OOOOOOOOOOQOOOYOOOOOOOOOO
OOOOOOOOOOQOOOYOOOOOOOOOO
OOOOOOOOOOQOOOYOOOOOOOOOO
OOOOOOOOOOQOOOYOOOOOOOOOO
OOOOOOOOOOQOOOYOOOOOOOOOO
OOOOOOOOOOQOOOYOOOOOOOOOO
OOOOOOOOOOQOOOOOOOOOOOOOO
OOOOOOOOOOQOOOOOOOOOOOOOO
OOOOOOOOOOOOOOOOOOOOOOOOO
OOOOOOOOOOOOOOOOOOOOOOOOO
OOOOOOOOOOOOOOOOOOOOOOOOO
OOOOOOOOOOOOOOOOOOOOOOOOO
OOOOOOOOOOOOOOOOOOOOOOOOO
OOOOOOOOOOOOOOOOOOOOOOOOO
OOOOOOOOOOOOOOOOOOOOOOOOO
OOOOOOOOOOOOOOOOOOOOOOOOO
teste27.bmp
OOOOOOOOOOOOOOOOOOOOOOOOO
OOOOOOOOOOOOOOOOOOOOOOOOO
OOOOOOOOOOOOOOOOOOOOOOOOO
OOOOOOOOOOOOOOOOOOOOOOOOO
OOOOOOOOOOOOOOOOOOOOOOOOO
OOOOOOOOOOOOOOOOOOOOOOOOO
OOOOOOOOOOOOOOOOOOOOOOOOO
OOOOOOOOOOOOOOOOOOOOOOOOO
OOOOOOOOOOOOOOOOOOOOOOOOO
OOOOOOOOOOOOOOOOOOOOOOOOO
OOOOOOOOOOOOOOOOOOOOOOOOO
OOOOVOOOOOOOOOOOOOOOOOOOO
OOOOVOOOOOOOOOOOOOOOOOOOO
OOOOVOOOOOOOOOOOOOOOOOOOO
OOOOVOOOOOOOOOOOOOOOOOOOO
OOOOOOOOOOOOOOOOOOOOOOOOO
OOOOOOOOOOOOOOOOOOOOOOOOO
OOOOOOOOOOOOOOOOOOOOOOOOO
OOOOOOOOOOOOOOOOOOOOOOOOO
OOOOOOOOOOOOOOOOOOOOOOOOO
OOOOOOOOOOOOOOOOOOOOOOOOO
OOOOOOOOOOOOOOOOOOOOOOOOO
OOOOOOOOOOOOOOOOOOOOOOOOO
OOOOOOOOOOOOOOOOOOOOOOOOO
OOOOOOOOOOOOOOOOOOOOOOOOO
teste28.bmp
OOOOOOOOOOOOOOOOOOOOOOOOO
OOOOOOOOOOOOOOOOOOOOOOOOO
OOOOOOOOOOOOOOOOOOOOOOOOO
OOOOOOOOOOOOOOOOOOOOOOOOO
OOOOOOOOOOOOOOOOOOOOOOOOO
OOOOOOOOOOOOOOOOOOOOOOOOO
OOOOOOOOOOOOOOOOOOOOOOOOO
OOOOOOOOOOOOOOOOOOOOOOOOO
OOOOOOOOOOOOOOOOOOOOOOOOO
OOOOOOOOOOOOOOOOOOOOOOOOO
OOOOOOOOOOOOOOOOOOOOOOOOO
OOOOOOOOOOOOOOOOOOOOOOOOO
OOOOOOOOOOOOOOOOOOOOOOOOO
OOOOOOOOOOOOOOOOOOOOOOOOO
OOOOOOOOOOOOOOOOOOOOOOOOO
OOOOOOOOOOOOOOOOOOOOOOOOO
OOOOOOOOOOOOOOOOOOOOOOOOO
OOOOOOOOOOOOOOOOOOOOOOOOO
OOOOOOOOOOOOOOOOOOOOOOOOO
OOOOOOOOOOOOOOOOOOOOOOOOO
OOOOOOOOOOOOOOOOOOOOOOOOO
OOOOOOOOOOOOOOOOOOOOOOOOO
OOOOOOOOOOOOOOOOOOOOOOOOO
OOOOOOOOOOOOOOOOOOOOOOOOO
OOOOOOOOOOOOOOOOOOOOOOOOO
teste29.bmp
OOOOOOOOOOOOOOOOOOOOOOOOO
OOOOOOOOOOOOOOOOOOOOOOOOO
OOOOOOOOOOOOOOOOOOOOBOOOO
OOOOOOOOOOOOOOOOOOOOBOOOO
OOOOOOOOOOOOOOOOOOOOBOOOO
OOOOOOOOOOOOOOOOOOOOBOOOO
OOOOOOOOOOOOOOOOOOOOBOOOO
OOOOOOOOOOOOOOOOOOOOBOOOO
OOOOOOOOOOOOOOOOOOOOBOOOO
OOOOOOOOOOOOOOOOOOOOBOOOO
OOOOOOOOOOOOOOOOOOOOBOOOO
OOOOOOOOOOOOOOOOOOOOBOOOO
OOOOOOOOOOOOOOOOOOOOBOOOO
OOOOOOOOOOOOOOOOOOOOBOOOO
OOOOOOOOOOOOOOOOOOOOOOOOO
OOOOOOOOOOOOOOOOOOOOOOOOO
OOOOOOOOOOOOOOOOOOOOOOOOO
OOOOOOOOOOOOOOOOOOOOOOOOO
OOOOOOOOOOOOOOOOOOOOOOOOO
OOOOOOOOOOOOOOOOOOOOOOOOO
OOOOOOOOOOOOOOOOOOOOOOOOO
OOOOOOOOOOOOOOOOOOOOOOOOO
OOOOOOOOOOOOOOOOOOOOOOOOO
OOOOOOOOOOOOOOOOOOOOOOOOO
OOOOOOOOOOOOOOOOOOOOOOOOO
teste30.bmp
SSSSSSSSSSSSSSSSSSSSSSSSS
SSSSSSSSSSSSSSSSSSSSSSSSS
SSSSSSSSSSSSSSSSSSSSBSSSS
SSSSSSSSSSSSSSSSSSSSBSSSS
SSSSSSSSSSSSSSSSSSSSBSSSS
SSSSSSSSSSSSSSSSSSSSBSSSS
SSSSSSSSSSSSSSSSSSSSBSSSS
SSSSSSSSSSSSSSSSSSSSBSSSS
SSSSSSSSSSSSSSSSSSSSBSSSS
SSSSSSSSSSSSSSSSSSSSBSSSS
SSSSSSSSSSSSSSSSSSSSBSSSS
SSSSSSSSSSSSSSSSSSSSBSSSS
SSSSSSSSSSSSSSSSSSSSBSSSS
SSSSSSSSSSSSSSSSSSSSBSSSS
SSSSSSSSSSSSSSSSSSSSSSSSS
SSSSSSSSSSSSSSSSSSSSSSSSS
SSSSSSSSSSSSSSSSSSSSSSSSS
SSSSSSSSSSSSSSSSSSSSSSSSS
SSSSSSSSSSSSSSSSSSSSSSSSS
SSSSSSSSSSSSSSSSSSSSSSSSS
SSSSSSSSSSSSSSSSSSSSSSSSS
SSSSSSSSSSSSSSSSSSSSSSSSS
SSSSSSSSSSSSSSSSSSSSSSSSS
SSSSSSSSSSSSSSSSSSSSSSSSS
SSSSSSSSSSSSSSSSSSSSSSSSS
teste31.bmp
HHHHHHHHHHHHHHHHHHHHHHHHH
HHHHHHHHHHHHHHHHHHHHHHHHH
HHHHHHHHHHHHHHHHHHHHBHHHH
HHHHHHHHHHHRRRHHHHHHBHHHH
HHHHHHHHHHHRRRHHHHHHBHHHH
HHHHHHHHHHHRRRHHHHHHBHHHH
HHHHHHHHHHHRRRHHHHHHBHHHH
HHHHHHHHHHHRRRHHHHHHBHHHH
HHHHHHHHHHHRRRHHHEEEEEEEH
HHHHHHHHHHHRRRHHHHHHBHHHH
HHHHHHHHHHHRGRHHHHHHBHHHH
HHHHHHHHHHHRRRHHHHHHBHHHH
HHHGGGGGGHHRRRHHHHHHBHHHH
HHHGGGGGGHHRRRHHHHHHBHHHH
HHHGGGGGGHHRRRHHHHHHHHHHH
HHHGGGGGGHHRRRHHHHHHHHHHH
HHHHHHHHHHHRRRHHHHHHHHHHH
HHHHHHHHHHHRRRHHHHHHHHHHH
HHHHHHHHHHHRRRHHHHHHHHHHH
HHHHHHHHHHHRRRHHHHHHHHHHH
HHHHHHHHHHHRRRHHHHHHHHHHH
HHHHHHHHHHHHHHHHHHHHHHHHH
HHHHHHHHHHHHHHHHHHHHHHHHH
HHHHHHHHHHHHHHHHHHHHHHHHH
HHHHHHHHHHHHHHHHHHHHHHHHH
teste32.bmp
HHHHHHHHHHHHHHHWWWHHHHHHH
HHHHHHHHHHHHHHHHHHHHHHHHH
HHHHHHHHHHHHHHHHHHHHBHHHH
UHHHHHHHHHHRRRHHHHHHBHHHH
HHHHHHHHHHHRRRHHHHHHBHHHH
HHHHHHHHHHHRRXHHHHHHBHHHH
HHHHHHHHHHHRRXHHHHHHBHHHH
HHHHHHHHHHHRRXHHHHHHBHHHH
HHHHHHHHHHHRRXHHHEEEEEEEH
HHHHHHHHHHHRRXHHHHHHBHHHH
HHHHHHHHHHHRGXHHHHHHBHHHH
HHHHHHHHHHHRRXHHHHHHBHHHH
HHHGGGGGGHHRRXHHHHHHBHHHH
HHHGGGGGGHHRRXHHHHHHBHHHH
HHHGGGGGGHHRRRHHHHHHHHHHH
HHHGGGGGGHHRRRHHHHHHHHHHH
HHHHHHHHHHHRRRHHHHHHHHHHH
HHHHHHXXXXXXXXXXXXXHHHHHH
HHHHHHHHHHHRRRHHHHHHHHHHH
HHHHHHHHHHHRRRHHHHHHHHHHH
HHHHHHHHHHHRRRHHHHHHHHHHH
HHHHHHHHHHHHHHHHHHHHHHHHH
HHHHHHHHHHHHHHHHHHHHHHHHH
HHHHHHHHHHHHHHHHHHHHHHHHH
HHHHHHHHHHHHHHHHHHHHHHHHH
teste33.bmp
NNNNNNNNNNNNNNNWWWNNNNNNN
NNNNNNNNNNNNNNNNNNNNNNNNN
NNNNNNNNNNNNNNNNNNNNBNNNN
UNNNNNNNNNNRRRNIINNNBNNNN
NNNNNNNNNNNRRRNNNNNNBNNNN
NNNNNNNNNNNRRXNNNNNNBNNNN
NNNNNNNNNNNRRXNNNNNNBNNNN
NNNNNNNNNNNRRXNNNNNNBNNNN
NNNNNNNNNNNRRXNNNEEEEEEEN
NNNNNNNNNNNRRXNNNNNNBNNNN
NNNNNNNNNNNRGXNNNNNNBNNNN
NNNNNNNNNNNRRXNNYYYYYYNNN
NNNGGGGGGNNRRXNNNNNNBNNNN
NNNGGGGGGNNRRXNNNNNNBNNNN
NNNGGGGGGNNRRRNNNNNNNNNNN
NNNGGGGGGNNRRRNNNNNNNNNNN
MMMMMMMMMMNRRRNNNNNNNNNNN
MMMMMMMMMMPPPPPPPPPNNNNNN
MMMMMMMMMMNRRRNNNNNNNNNNN
MMMMMMMMMMNRRRNNNNNNNNNNN
MMMMMMMMMMNRRRNNNNNNNNNNN
MMMMMMMMMMNNNNNNNNNNNNNNN
MMMMMMMMMMNNNNNNNNNNNNNNN
MMMMMMMMMMNNNNNNNNNNNNNNN
MMMMMMMMMMNNNNNNNNNNNNNNN
teste34.bmp
NNNNNNNNNNNNNNNWWWNNNNNNN
NNNNNNNNNNNNNNFFFFFFNNNNN
NNNNNNNNNNNNNNFFFFFFBNNNN
UNNNNNNNNNNRRRFFFFFFBNNNN
NNNNNNNNNNNRRRFFFFFFBNNNN
NNNNNNNNNNNRRXFFFFFFBNNNN
NNNNNNNNNNNRRXFFFFFFBNNNN
NNNNNNNNNNNRRXFFFFFFBNNNN
NNNNNNNNNNNRRXFFFFFFEEEEN
NNNNNNNNNNNRRXFFFFFFBNNNN
JJJJJJJJJNNRGXFFFFFFBNNNN
NNNNNNNNNNNRRXFFFFFFYYNNN
NNNGGGGGGNNRRXNNNNNNBNNNN
NNNGGGGGGNNRRXNNNNNNBNNNN
NNNGGGGGGNNRRRNNNNNNNNNNN
NNNGGGGGGNNRRRNNNNNNNNNNN
MMMMMMMMMMNRRRNNMNNNNNNNN
MMMMMMMMMMPPPPPPPPPNNNNNN
MMMMMMMMMMNRRRNNNNNNNNNNN
MMMMMMMMMMNRRRNNNNNNNNNNN
MMMMMMMMMMNRRRNNNNNNNNNNN
MMMMMMMMMMNNNNNNNNNNNNNNN
MMMMMMMMMMNNNNNNNNNNNNNNN
MMMMMMMMMMNNNNNNNNNNNNNNN
MMMMMMMMMMNNNNNNNNNNNNNNN
teste35.bmp
OOOOOOOOOOOOOOOOOOOOOOOOO
OOOOOOOOOOOOOOOOOOOOOOOOO
OOOOOOOOOOOOOOOOOOOOOOOOO
OOOOOOOOOOOOOOOOOOOOOOOOO
OOOOOOOOOOOOOOOOOOOOOOOOO
OOOOOOOOOOOOOOOOOOOOOOOOO
OOOOOOOOOOOOOOOOOOOOOOOOO
OOOOOOOOOOOOOOOOOOOOOOOOO
OOOOOOOOOOOOOOOOOOOOOOOOO
OOOOOOOOOOOOOOOOOOOOOOOOO
OOOOOOOOOOOOOOOOOOOOOOOOO
OOOOOOOOOOOOOOOOOOOOOOOOO
OOOOOOOOOOOOOOOOOOOOOOOOO
OOOOOOOOOOOOOOOOOOOOOOOOO
OOOOOOOOOOOOOOOOOOOOOOOOO
OOOOOOOOOOOOOOOOOOOOOOOOO
OOOOOOOOOOOOOOOOOOOOOOOOO
OOOOOOOOOOOOOOOOOOOOOOOOO
OOOOOOOOOOOOOOOOOOOOOOOOO
OOOOOOOOOOOOOOOOOOOOOOOOO
OOOOOOOOOOOOOOOOOOOOOOOOO
OOOOOOOOOOOOOOOOOOOOOOOOO
OOOOOOOOOOOOOOOOOOOOOOOOO
OOOOOOOOOOOOOOOOOOOOOOOOO
OOOOOOOOOOOOOOOOOOOOOOOOO
teste36.bmp
OOOOOOOOOOOOOOOOOOOOOOOOO
OOOOOOOOOOOOOOOOOOOOOOOOO
OOOOOOOOOOOOOOOOOOOOOOOOO
OOOOOOOOOOOOOOOOOOOOOOOOO
OOOOOOOOOOOOOOOOOOOOOOOOO
OOOOOOOOOOOOOOOOOOOOOOOOO
OOOOOOOOOOOOOOOOOOOOOOOOO
OOOOOOOOOOOOOOOOOOOOOOOOO
OOOOOOOOOOOOOOOOOOOOOOOOO
OOOOOOOOOOOOOOOOOOOOOOOOO
OOOOOOOOOOOOOOOOOOOOOOOOO
OOOOOOOOOOOOOOOOOOOOOOOOO
OOOOOOOOOOOOOOOOOOOOOOOOO
OOOOOOOOOOOOOOOOOOOOOOOOO
OOOOOOOOOOOOOOOOOOOOOOOOO
OOOOOOOOOOOOOOOOOOOOOOOOO
OOOOOOOOOOOOOOOOOOOOOOOOO
OOOOOOOOOOOOOOOOOOOOOOOOO
OOOOOOOOOOOOOOOOOOOOOOOOL
OOOOOOOOOOOOOOOOOOOOOOOOO
OOOOOOOOOOOOOOOOOOOOOOOOO
OOOOOOOOOOOOOOOOOOOOOOOOO
OOOOOOOOOOOOOOOOOOOOOOOOO
OOOOOOOOOOOOOOOOOOOOOOOOO
OOOOOOOOOOOOOOOOOOOOOOOOO
teste37.bmp
FFFFFFFFFFFFFFFFFFFFFFFFF
FFFFFFFFLFFFFFFFFFFFFFFFF
FFFFCFFFLFFFFFFFFFFFFFFFF
FFFFCFFFFFFFFFFFFFFFFFFFF
FFFFCFFFFFFFFFFFFFFFFFFFF
FFFFCFFFFFFFFFFFFFFFFFFFF
FFFFCFFFFFFFFFFFFFFFFFFFF
FFFFCFFFFFFFFFFFFFFFFFFFF
FFFFCFFFFFFFFFFFFFFFFFFFF
FFFFCFFFFFFFFFFFFFFFFFFFF
FFFFFFFFFFFFFFFFFFFFFFFFF
FFFFFFFFFFFFFFFFFFFFFFFFF
FFFFFFFFFFFFFFFFFFFFFFFFF
FFFFFFFFFFFFFFFFFFFFFFFFF
FFFFFFFFFFFFFFFFFFFFFFFFF
FFFFFFFFFFFFFFFFFFFFFFFFF
FFFFFFFFFFFFFFFFFFFFFFFFF
FFFFFFFFFFFFFFFFFFFFFFFFF
FFFFFFFFFFFFFFFFFFFFFFFFF
FFFFFFFFFFFFFFFFFFFFFFFFF
FFFFFFFFFFFFFFFFFFFFFFFFF
FFFFFFFFFFFFFFFFFFFFFFFFF
FFFFFFFFFFFFFFFFFFFFFFFFF
FFFFFFFFFFFFFFFFFFFFFFFFF
FFFFFFFFFFFFFFFFFFFFFFFFF
teste38.bmp
OOOOOOOOOOOOOOOOOOOOOOOOO
OOOOOOOOOOOOOOOOOOOOOOOOO
OOOOOOOOOOOOOOOOOOOOOOOOO
OOOOOOOOOOOOOOOOOOOOOOOOO
OOOOOOOOOOOOOOOOOOOOOOOOO
OOOOOOOOOOOOOOOOOOOOOOOOO
OOOOOOOOOOOOOOOOOOOOOOOOO
OOOOOOOOOOOOOOOOOOOOOOOOO
OOOOOOOOOOOOOOOOOOOOOOOOO
OOOOOOOOOOOOOOOOOOOOOOOOO
OOOOOOOOOOOOOOOOOOOOOOOOO
OOOOOOOOOOOOOOOOOOOOOOOOO
OOOOOOOOOOOOOOOOOOOOOOOOO
OOOOOOOOOOOOOOOOOOOOOOOOO
OOOOOOOOOOOOOOOOOOOOOOOOO
OOOOOOOOOOOOOOOOOOOOOOOOO
OOOOOOOOOOOOOOOOOOOOOOOOO
OOOOOOOOOOOOOOOOOOOOOOOOO
OOOOOOOOOOOOOOOOOOOOOOOOO
OOOOOOOOOOOOOOOOOOOOOOOOO
OOOOOOOOOOOOOOOOOOOOOOOOO
OOOOOOOOOOOOOOOOOOOOOOOOO
OOOOOOOOOOOOOOOOOOOOOOOOO
OOOOOOOOOOOOOOOOOOOOOOOOO
OOOOOOOOOOOOOOOOOOOOOOOOO
teste39.bmp
OOOOOOOOOOOOOOOOOOOOOOOOO
OOOOOOOOOOOOOOOOOOOOOOOOO
OOOOOOOOOOOOOOOOOOOOOOOOO
OOOOOOOOOOOOOOOOOOOOOOOOO
OOOOOOOOOOOOOOOOOOOOOOOOO
OOOOOOOOOOOOOOOOOOOOOOOOO
OOOOOOOOOOOOOOOOOOOOOOOOO
OOOOOOOPPPPPPOOOOOOOOOOOO
OOOOOOOPPPPPPOOOOOOOOOOOO
OOOOOOOPPPPPPOOOOOOOOOOOO
OOOOOOOPPPPPPOOOOOOOOOOOO
OOOOOOOPPPPPPOOOOOOOOOOOO
OOOOOOOPPPPPPOOOOOOOOOOOO
OOOOOOOPPPPPPOOOOOOOOOOOO
OOOOOOOPPPPPPOOOOOOOOOOOO
OOOOOOOPPPPPPOOOOOOOOOOOO
OOOOOOOPPPPPPOOOOOOOOOOOO
OOOOOOOPPPPPPOOOOOOOOOOOO
OOOOOOOPPPPPPOOOOOOOOOOOO
OOOOOOOPPPPPPOOOOOOOOOOOO
OOOOOOOOOOOOOOOOOOOOOOOOO
OOOOOOOOOOOOOOOOOOOOOOOOO
OOOOOOOOOOOOOOOOOOOOOOOOO
OOOOOOOOOOOOOOOOOOOOOOOOO
OOOOOOOOOOOOOOOOOOOOOOOOO
teste40.bmp
OOOOOOOOOOOOOOOOOOOOOOOOO
OOOOOOOOOOOOOOOOOOOOOOOOO
OOOOOOOOOOOOOOOOOOOOOOOOO
OOOOOOOOOOOOOOOOOOOOOOOOO
OOOOOOOOOOOOOOOOOOOOOOOOO
OOOOOOOOOOOOOOOOOOOOOOOOO
OOOOOOOOOOOOOOOOOOOOOOOOO
OOOOOOOPPPPPPOOOOOOOOOOOO
OOOOOOOPPPPPPOOOOOOOOOOOO
OOOOOOOPPPPPPOOOOOOOOOOOO
OOOOOOOPPPPPPOOOOOOOOOOOO
OOOOOOOPPPPPPOOOOOOOOOOOO
OOOOOOOPPPPPPOOOOOOOOOOOO
OOOOOOOPPPPPPOOOOOOOOOOOO
OOOOOOOPPPPPPOOOOOOOOOOOO
OOOOOOOPPPPPPOOOOOOOOOOOO
OOOOOOOPPPPPPOOOOOOOOOOOO
OOOOOOOPPPPPPOOOOOOOOOOOO
OOOOOOOPPPPPPOOOOOOOOOOOO
OOOOOOOPPPPPPOOOOOOOOOOOO
OOOOOOOOOOOOOOOOOOOOOOOOO
OOOOOOOOOOOOOOOOOOOOOOOOO
OOOOOOOOOOOOOOOOOOOOOOOOO
OOOOOOOOOOOOOOOOOOOOOOOOO
OOOOOOOOOOOOOOOOOOOOOOOOO
teste41.bmp
ZZZZZZZZZZZZZZZZZZZZZZZZZ
ZZZZZZZZZZZZZZZZZZZZZZZZZ
ZZZZZZZZZZZZZZZZZZZZZZZZZ
ZZZZZZZZZZZZZZZZZZZZZZZZZ
ZZZZZZZZZZZZZZZZZZZZZZZZZ
ZZZZKKKKKZZZZZZZZZZZZZZZZ
ZZZZZZZZZZZZZZZZZZZZZZZZZ
ZZZZZZZPPPPPPZZZZZZZZZZZZ
ZZZZZZZPPPPPPZZZZZZZZZZZZ
ZZZZZZZPPPPPPZZZZZZZZZZZZ
ZZZZZZZPPPPPPZZZZZZZZZZZZ
ZZZZZZZPPPPPPZZZZZZZZZZZZ
ZZZZZZZPPPPPPZZZZZZZZZZZZ
ZZZZZZZPPPPPPZZZZZZZZZZZZ
ZZZZZZZPPPPPPZZZZZZZZZZZZ
ZZZZZZZPPPPPPZZZZZZZZZZZZ
ZZZZZZZPPPPPPZZZZZZZZZZZZ
ZZZZZZZPPPPPPZZZZZZZZZZZZ
ZZZZZZZPPPPPPZZZZZZZZZZZZ
ZZZZZZZPPPPPPZZZZZZZZZZZZ
ZZZZZZZZZZZZZZZZZZZZZZZZZ
ZZZZZZZZZZZZZZZZZZZZZZZZZ
ZWZZZZZZZZZZZZZZZZZZZZZZZ
ZZZZZZZZZZZZZZZZZZZZZZZZZ
ZZZZZZZZZZZZZZZZZZZZZZZZZ
teste42.bmp
ZZZZZZZZZZZZZZZZZZZZZZZZZ
ZZZZZZZZZZZZZZZZZZZZZZZZZ
ZZZZZZZZZZZZZZZZZZZZZZZZZ
ZZZZZZZZZZZZZZZZZZZZZZZZZ
ZZZZZZZZZZZZZZZZZZZZZZZZZ
ZZZZKKKKKZZZZZZZZZZZZZZZZ
ZZZZZZZZZZZZZZZZZZZZZZZZZ
ZZZZZZZPPPPPPZZZZZZZZZZZZ
ZZZZZZZPPPPPPZZZZZZZZZZZZ
ZZZZZZZPPPPPPZZZZZZZZZZZZ
ZZZZZZZPPPPPPZZZZZZZZZZZZ
ZZZZZZZPPPPPPZZZZZZZZZZZZ
ZZZZZZZPPPPPPZZZZZZZZZZZZ
ZZZZZZZPPPPPPZZZZZZZZZZZZ
ZZZZZZZPPPPPPZZZZZZZZZZZZ
ZZZZZZZPPPPPPZZZZZZZZZZZZ
ZZZZZZZPPPPPPZZZZZZZZZZZZ
ZZZZZZZPPPPPPZZZZZZZZZZZZ
ZZZZZZZPPPPPPZZZZZZZZZZZZ
ZZZZZZZPPPPPPZZZZZZZZZZZZ
ZZZZZZZZZZZZZZZZZZZZZZZZZ
ZZZZZZZZZZZZZZZZZZZZZZZZZ
ZWZZZZZZZZZZZZZZZZZZZZZZZ
ZZZZZZZZZZZZZZZZZZZZZZZZZ
ZZZZZZZZZZZZZZZZZZZZZZZZZ
teste43.bmp
TTTTTTTTTTTTTTTTTTTTTTTTT
TTTTTTTTTTTTTTTTTTTTTTTTT
TTTTTTTTTTTTTTTTTTTTTTTTT
TTTTTTTTTTTTTTTTTTTTTTTTT
TTTTTTTTTTTTTTTTTTTTTTTTT
TTTTTTTTTTTTTTTTTTTTTTTTT
TTTTTTTTTTTTTTTTTTTTTTTTT
TTTTTTTTTTTTTTTTTTTTTTTTT
TTTTTTTTTTTTTTTTTTTTTTTTT
TTTTTTTTTTTTTTTTTTTTTTTTT
TTTTTTTTTTTTTTTTTTTTTTTTT
TTTTTTTTTTTTTTTTTTTTTTTTT
TTTTTTTTTTTTTTTTOTTTTTTTT
TTTTTTTTTTETTTTTTTTTTTTTT
TTTTTTTTTTTTAAAAAAAAATTTT
TTTTTTTTTTTTTTTTTTTTTTTTT
TTTTTTTTTTTTTTTTTTTTTTTBT
TTTTTTTTTTTTTTTTTTTTTTTBT
TTTTTTTTTTTTTTTTTTTTTTTBT
TTTTTTTTTTTTTTTTTTTTTTTBT
TTTTTTTTTTTTTTTTTTTTTTTBT
TTTTTTTTTTTTTTTTTTTTTTTTT
TTTGTTTTTTTTTTTTTTTTTTTTT
TTTTTTTTTTTTTTTTTTTTTTTTT
TTTTTTTTTTTTTTTTTTTTTTTTT
teste44.bmp
UUUUUUUUUUUUUUUUUUUUUUUUU
UUUUUUUUUUUUUUUUUUUUUUUUU
UUUUUUUUUUUUUUUUUUUUUUUUU
UUUUUUUUUUUUUUUUUUUUUUUUU
UUUUUUYYYYYYYYUUUUUUUUUUU
UUUUUUYYYYYYYYUUUUUUUUUUU
UUUUUUYYYYYYYYUUUUUUUUUUU
UUUUUUYYYYYYYYUUUUUUUUUUU
UUUUUUYYYYYYYYUUUUUUUUUUU
UUUUUUYYYYYYYYUUUUUUUUUUU
UUUUUUYYYYYYYYUUUUUUUUUUU
UUUUUUYYYYYYYTUUUUUUUUUUU
UUUUUUYYYYYYYYUUOUUUUUUUU
UUUUUUYYYYYYYYUUUUUUUUUUU
UUUUUUYYYYYYYYAAAAAAAUUUU
UUUUUUYYYYYYYYUUUUUUUUUUU
UUUUUUYYYYYYYYUUUUUUUUUBU
UUUUUUYYYYYYYYUUUUUUUUUBU
UUUUUUYYYYYYYYUUUUUUUUUBU
UUUUUUYYYYYYYYUUUUUUUUUBU
UUUUUUYYYYYYYYUUUUUUUUUBU
UUUUUUYYYYYYYYUUUUUUUUUUU
UUUGUUYYYYYYYYUUUUUUUUUUU
UUUUUUYYYYYYYYUUUUUUUUUUU
UUUUUUUUUUUUUUUUUUUUUUUUU
teste45.bmp
UUUUUUUUUUUUUUUUUUUUUUUUU
UUUWWUUUUUUUUUUUUUUUUUUUU
UUUUUUUUUUUUUUUUUUUUUUUUU
UUUUUUUUUUUUUUUUUUUUUUUUU
UUUUUUYYYYYYYYUUUUUUUUUUU
UUUUUUYYYYYYYYUUUUUUUUUUU
UUUUUUYYYYYYYYUUUUUUUUUUU
UUUUUUYYYYYYYYUUUUUUUUUUU
UUUUUUYYYYYYYYUUUUUUUUUUU
UUUUUUYYYYYYYYUUUUUUUUUUU
UUUUUUYYYYYYYYUUUUUUUUUUU
UUUUUUYYYYYYYTUUUUUUUUUUU
UUUUUUYYYYYYYYUUOUUUUUUUU
UUUUUUYYYYYYYYUUUUUUUUUUU
UUUUUUYYYYYYYYAAAAAAAUUUU
UUUUUUYYYYYYYYUUUUUUUUUUU
UUUUUUYYYYYYYYUUUUUUUUUBU
UUUUUUYYYYYYYYUUUUUUUUUBU
UUUUUUYYYYYYYYUUUUUUUUUBU
UUUUUUYYYYYYYYUUUUUUUUUBU
UUUUUUYYYYYYYYUUUUUUUUUBU
UUUUUUYYYYYYYYUUUUUUUUUUU
UUUGUUYYYYYYYYUUUUUUUUUUU
UUUUUUYYYYYYYYUUUUUUUUUUU
UUUUUUUUUUUUUUUUUUUUUUUUU
teste46.bmp
UUUUUUUUUUUUUUUUUUUUUUUUU
UUUWWUUUUUUUUUUUUUUUUUUUU
UUUUUUUUUUUUUUUUUUUUUUUUU
UUUUUUUUUUUUUUUUUUUUUUUUU
UUUUUUYYYYYYYYUUUUUUUUUUU
UUUUUUYYYYYYYYUUUUUUUUUUU
UUUUUUYYYYYYYYUUUUUUUUUUU
UUUUUUYYYYYYYYUUUUUUUUUUU
UUUUUUYYYYYYYYUUUUUUUUUUU
UUUUUUYYYYYYYYUUUUUUUUUUU
UUUUUUYYYYYYYYUUUUUUUUUUU
UUUUUUYYYYYYYTUUUUUUUUUUU
UUUUUUYYYYYYYYUUOUUUUUUUU
UUUUUUYYYYYYYYUUUUUUUUUUH
UUUUUUYYYYYYYYAAAAAAAUUUU
UUUUUUYYYYYYYYUUUUUUUUUUU
UUUUUUYYYYYYYYUUUUUUUUUBU
UUUUUUYYYYYYYYUUUUUUUUUBU
UUUUUUYYYYYYYYUUUUUUUUUBU
UUUUUUYYYYYYYYUUUUUUUUUBU
UUUUUUYYYYYYYYUUUUUUUUUBU
UUUUUUYYYYYYYYUUUUUUUUUUU
UUUGUUYYYYYYYYUUUUUUUUUUU
UUUUUUYYYYYYYYUUUUUUUUUUU
UUUUUUUUUUUUUUUUUUUUUUUUU
teste47.bmp
UUUUUUUUUUUUUUUUUUUUUUUUU
UUUWWUUUUUUUUUUUUUUUUUUUU
UUUUUUUUUUUUUUUUUUUUUUUUU
UUUUUUUUUUUUUUUUUUUUUUUUU
UUUUUUYYYYYYYYUUUUUUUUUUU
UUUUUUYYYYYYYYUUUUUUUUUUU
UUUUUUYYYYYYYYUUUUUUUUUUU
UUUUUUYYYYYYYYUUUUUUUUUUU
UUUUUUYYYYYYYYUUUUUUUUUUU
UUUUUUYYYYYYYYUUUUUUUUUUU
UUUUUUYYYYYYYYUUUUUUUUUUU
UUUUUUYYYYYYYTUUUUUUUUUUU
UUUUUUYYYYYYYYUUOUUUUUUUU
UUUUUUYYYYYYYYUUUUUUUUUUH
UUUUUUYYYYYYYYAAAAAAAUUUU
UUUUUUYYYYYYYYUUUUUUUUUUU
UUUUUUYYYYYYYYUUUUUUUUUBU
UUUUUUYYYYYYYYUUUUUUUUUBU
UUUUUUYYYYYYYYUUUUUUUUUBU
UUUUUUYYYYYYYYUUUUUUUUUBU
UUUUUUYYYYYYYYUUUUUUUUUBU
UUUUUUYYYYYYYYUUUUUUUUUUU
UUUGUUYYYYYYYYUUUUUUUUUUU
UUUUUUYYYYYYYYUUUUUUUUUUU
UUUUUUUUUUUUUUUUUUUUUUUUU
teste48.bmp
OOOOOOOOOOOOOOOOOOOOOOOOO
OOOOOOOOOOOOOOOOOOOOOOOOO
OOOOOOOOOOOOOOOOOOOOOOOOO
OOOOOOOOOOOOOOOOOOOOOOOOO
OOOOOOOOOOOOOOOOOOOOOOOOO
OOOOOOOOOOOOOOOOOOOOOOOOO
OOOOOOOOOOOOOOOOOOOOOOOOO
OOOOOOOOOOOOOOOOOOOOOOOOO
OOOOOOOOOOOOOOOOOOOOOOOOO
OOOOOOOOOOOOOOOOOOOOOOOOO
OOOOOOOOOOOOOOOOOOOOOOOOO
OOOOOOOOOOOOOOOOOOOOOOOOO
OOOOOOOOOOOOOOOOOOOOOOOOO
OOOOOOOOOOOOOOOOOOOOOOOOO
OOOOOOOOOOOOOOOOOOOOOOOOO
OOOOOOOOOOOOOOOOOOOOOOOOO
OOOOOOOOOOOOOOOOOOOOOOOOO
OOOOOOOOOOOOOOOOOOOOOOOOO
OOOOOOOOOOOOOOOOOOOOOOOOO
OOOOOOOOOOOOOOOOOOOOOOOOO
OOOOOOOOOOOOOOOOOOOOOOOOO
OOOOOOOOOOOOOOOOOOOOOOOOO
OOOOOOOOOOOOOOOOOOOOOOOOO
OOOOOOOOOOOOOOOOOOOOOOOOO
OOOOOOOOOOOOOOOOOOOOOOOOO
teste49.bmp
NNNNNNNNNNNNNNNNNNNNNNNNN
NNNNNNNNNNNNNNNNNNNNNNNNN
NNNNNNNNNNNNNNNNNNNNNNNNN
NNNNNNNNNNNNNNNNNNNNNNNNN
NNNNNNNNNNNNNNNNNNNNNNNNN
NNNNNNNNNNNNNNNNNNNNNNNNN
NNNNNNNNNNNNNNNNNNNNNNNNN
NNNNNNNNNNNNNNNNNNNNNNNNN
NNNNNNNNNNNNNNNNNNNNNNNNN
NNNNNNNNNNNNNNNNNNNNNNNNN
NNNNNNNNNNNNNNNNNNNNNNNNN
NNNNNNNNNNNNNNNNNNNNNNNNN
NNNNNNNNNNNNNNNNNNNNNNNNN
NNNNNNNNNNNNNNNNNNNNNNNNN
NNNNNNNNNNNNNNNNNNNNNNNNN
NNNNNNNNNNNNNNNNNNNNNNNNN
NNNNNNNNNNNNNNNNNNNNNNNNN
NNNNNNNNNNNNNNNNNNNNNNNNN
NNNNNNNNNNNNNNNNNNNNNNNNN
NNNNNNNNNNNNNNNNNNNNNNNNN
NNNNNNNNNNNNNNNNNNNNNNNNN
NNNNNNNNNNNNNNNNNNNNNNNNN
NNNNNNNNNNNNNNNNNNNNNNNNN
NNNNNNNNNNNNNNNNNNNNNNNNN
NNNNNNNNNNNNNNNNNNNNNNNNN
teste50.bmp
OOOOOOOOOOOOOOOOOOOOOOOOO
OOOOOOOOOOOOOOOOOOOOOOOOO
OOOOOOOOOOOOOOOOOOOOOOOOO
OOOOOOOOOOORRRRRRRRROOOOO
OOOOOOOOOOORRRRRRRRROOOOO
OOOOOOOOOOORRRRRRRRROOOOO
OOOOOOOOOOORRRRRRRRROOOOO
OOOOOOOOOOORRRRRRRRROOOOO
OOOOOOOOOOORRRRRRRRROOOOO
OOOOOOOOOOORRRRRRRRROOOOO
OOOOOOOOOOORRRRRRRRROOOOO
OOOOOOOOOOORRRRRRRRROOOOO
OOOOOOOOOOORRRRRRRRROOOOO
OOOOOOOOOOORRRRRRRRROOOOO
OOOOOOOOOOORRRRRRRRROOOOO
OOOOOOOOOOORRRRRRRRROOOOO
OOOOOOOOOOOOOOOOOOOOOOOOO
OOOOOOOOOOOOOOOOOOOOOOOOO
OOOOOOOOOOOOOOOOOOOOOOOOO
OOOOOOOOOOOOOOOOOOOOOOOOO
OOOOOOOOOOOOOOOOOOOOOOOOO
OOOOOOOOOOOOOOOOOOOOOOOOO
OOOOOOOOOOOOOOOOOOOOOOOOO
OOOOOOOOOOOOOOOOOOOOOOOOO
OOOOOOOOOOOOOOOOOOOOOOOOO
teste51.bmp
OOOOOOOOOOOOOOOOOOOOOOOOO
OOOOOOOOOOOOOOOOOOOOOOOOO
OOOOOOOOOOOOOOOOOOOOOOOOO
OOOOOOOOOOOOOOOOOOOOOOOOO
OOOOOOOOOOOOOOOOOOOOOOOOO
OOOOOOOOOOOOOOOOOOOOOOOOO
OOOOOOOOOOOOOOOOOOOOOOOOO
OOOOOOOOOOOOOOOOOOOOOOOOO
OOOOOOOOOOOOOOOOOOOOOOOOO
OOOOOOOOOOOOOOOOOOOOOOOOO
OOOOOOOOOOOOOOOOOOOOOOOOO
OOOOOOOOOOOOOOOOOOOOOOOOO
OOOOOOOOOOOOOOOOOOOOOOOOO
OOOOOOOOOOOOOOOOOOOOOOOOO
OOOOOOOOOOOOOOOOOOOOOOOOO
OOOOOOOOOOOOOOOOOOOOOOOOO
OOOOOOOOOOOOOOOOOOOOOOOOO
OOOOOOOOOOOOOOOOOOOOOOOOO
OOOOOOOOOOOOOOOOOOOOOOOOO
OOOOOOOOOOOOOOOOOOOOOOOOO
OOOOOOOOOOOOOOOOOOOOOOOOO
OOOOOOOOOOOOOOOOOOOOOOOOO
OOOOOOOOOOOOOOOOOOOOOOOOO
OOOOOOOOOOOOOOOOOOOOOOOOO
OOOOOOOOOOOOOOOOOOOOOOOOO
teste52.bmp
OOOOOOOOOOOOOOOOOOOOOOOOO
OOOOOOOOOOOODOOOOOOOOOOOO
OOOOOOOOOOOODOOOOOOOOOOOO
OOOOOOOOOOOODOOOOOOOOOOOO
OOOOOOOOOOOODOOOOOOOOOOOO
OOOOOOOOOOOODOOOOOOOOOOOO
OOOOOOOOOOOODOOOOOOOOOOOO
OOOOOOOOOOOODOOOOOOOOOOOO
OOOOOOOOOOOODOOOOOOOOOOOO
OOOOOOOOOOOODOOOOOOOOOOOO
OOOOOOOOOOOODOOOOOOOOOOOO
OOOOOOOOOOOODOOOOOOOOOOOO
OOOOOOOOOOOODOOOOOOOOOOOO
OOOOOOOOOOOODOOOOOOOOOOOO
OOOOOOOOOOOODOOOOOOOOOOOO
OOOOOOOOOOOODOOOOOOOOOOOO
OOOOOOOOOOOODOOOOOOOOOOOO
OOOOOOOOOOOODOOOOOOOOOOOO
OOFFFFFOOOOOOOOOOOOOOOOOO
OOFFFFFOOOOOOOOOOOOOOOOOO
OOFFFFFOOOOOOOOOOOOOOOOOO
OOFFFFFOOOOOOOOOOOOOOOOOO
OOFFFFFOOOOOOOOOOOOOOOOOO
OOFFFFFOOOOOOOOOOOOOOOOOO
OOFFFFFOOOOOOOOOOOOOOOOOO
teste53.bmp
EEEEEEEEEEEEEEEEEEEEEEEEE
EEEEEEEEEEEEEEEEEEEEEEEEE
EEEENNNNNNNNNNEEEEEEEEEEE
EEEENNNNNNNNNNEEEEEEEEEEE
EEEENNNNNNNNNNEEEEEEEEEEE
FEEENNNNNNNNNNEEEEEEEEEEE
EEEENNNNNNNNNNEEEEEEEEEEE
EEEENNNNNNNNNNEEEEEEEEEEE
EEEENNNNNNNNNNEEEEEEEEEEE
EEEENNNNNNNNNNEEEEEEEEEEE
EEEENNNNNNNNNNEEEEEEEEEEE
EEEENNNNNNNNNNEEEEEEEEEEE
EEEXNNNNNNNNNNXXXXXXEEEEE
EEEXNNNNNNNNNNXXXXXXEEEEE
EEEXNNNNNNNNNNXXXXXXEEEEE
EEEXNNNNNNNNNNXXXXXXEEEEE
EEEXXXXXXXXXXXXXXXXXEEEEE
EEEXXXXXXXXXXXXXXXXXEEEEE
EEEXXXXXXXXXXXXXXXXXEEEEE
EEEXXXXXXXXXXXXXXXXXEEEEE
EEEXXXXXXXXXXXXXXXXXEEEEE
EEEEEEEEEEEEEEEEMEEEEEEEE
EEEEEEEEEEEEEEEEEEEEEEEEE
EEEEEEEEEEEEEEEEEEEEEEEEE
EEEEEEEEEEEEEEEEEEEEEEEEE
teste54.bmp
EEEEEEEEEEEEEEEEEEEEEEEEE
EEEEEEEEEEEEEEEEEEEEEEEEE
EEEENNNNNNNNNNEEEEEEEEEEE
EEEENNNNNNNNNNEEEEEEEEEEE
EEEENNNNNNNNNNEEEEEEEEEEE
FEEENNNNNNNNNNEEEEEEEEEEE
EEEENNNNNNNNNNEEEEEEEEEEE
EEEENNNNNNNNNNEEEEEEEEEEE
EEEENNNNNNNNNNEEEEEEEEEEE
EEEENNNNNNNNNNEEEEEEEEEEE
EEEENNNNNNNNNNEEEEEEEEEEE
EEEENNNNNNNNNNEEEEEEEEEEE
EEEXNNNNNNNNNNXXXXXXEEEEE
EEEXNNNNNNNNNNXXXXXXEEEEE
EEEXNNNNNNNNNNXXXXXXEEEEE
EEEXNNNNNNNNNNXXXXXXEEEEE
EEEXXXXXXXXXXXXXXXXXEEEEE
EEEXXXXXXXXXXXXXXXXXEEEEE
EEEXXXXXXXXXXXXXXXXXEEEEE
EEEXXXXXXXXXXXXXXXXXEEEEE
EEEXXXXXXXXXXXXXXXXXEEEEE
EEEEEEEEEEEEEEEEMEEEEEEEE
EEEEEEEEEEEEEEEEEEEEEEEEE
EEEEEEEEEEEEEEEEEEEEEEEEE
EEEEEEEEEEEEEEEEEEEEEEEEE
teste55.bmp
EEEEEEEEEEEESEEEEEEEEEEEE
EEEEEEEEEEEESEEEEEEEEEEEE
EEEENNNNNNNNSNEEEEEEEEEEE
EEEENNNNNNNNSNEEEEEEEEEEE
EEEENNBBBBBBSBBBEEEEEEEEE
FEEENNBBBBBBSBBBEEEEEEEEE
EDDDDDDDDDDDSDDDDDDDDDDDD
EDDDDDDDDDDDSDDDDDDDDDDDD
EDDDDDDDDDDDSDDDDDDDDDDDD
EDDDDDDDDDDDSDDDDDDDDDDDD
EDDDDDDDDDDDSDDDDDDDDDDDD
EDDDDDDDDDDDSDDDDDDDDDDDD
EDDDDDDDDDDDSDDDDDDDDDDDD
EDDDDDDDDDDDSDDDDDDDDDDDD
EDDDDDDDDDDDSDDDDDDDDDDDD
EDDDDDDDDDDDSDDDDDDDDDDDD
EDDDDDDDDDDDSDDDDDDDDDDDD
EDDFDDDDDDDDDTTTTTDDDDDDD
EDDDDDDDDDDDDDDDDDDDDDDDD
EDDDDDDDDDDDDDDDDDDDDDDDD
EDDDDDDDDDDDDDDDDDDDDDDDD
EDDDDDDDDDDDDDDDDDDDDDDDD
EEEEWEEEEEEEEVEEEEEEEEEEE
EEEEWEEEEEEEEEEEEEEEEEEEE
EEEEWEEEEEEEEEEEEEEEEEEEE
teste56.bmp
EEEEEEEEEEEESEEEEEEEEEEEE
EEEEEEEEEEEESEEEEEEEEEEEE
EEEENNNNNNNNSNEEEEEEEEEEE
EEEENNNNNNNNSNEEEEEEEEEEE
EEEENNBBBBBBSBBBEEEEEEEEE
FEEENNBBBBBBSBBBEEEEEEEEE
EDDDDDDDDDDDSDDDDDDDDDDDD
EDDDDDDDDDDDSDDDDDDDDDDDD
EDDDDDDDDDDDSDDDDDDDDDDDD
EDDDDDDDDDDDSDDDDDDDDDDDD
EDDDDDDDDDDDSDDDDDDDDDDDD
EDDDDDDDDDDDSDDDDDDDDDDDD
EDDDDDDDDDDDSDDDDDDDDDDDD
EDDDDDDDDDDDSDDDDDDDDDDDD
EDDDDDDDDDDDSDDDDDDDDDDDD
EDDDDDDDDDDDSDDDDDDDDDDDD
EDDDDDDDDDDDSDDDDDDDDDDDD
EDDFDDDDDDDDDTTTTTDDDDDDD
EDDDDDDKDDDDDDDDDDDDDDDDD
EDDDDDDDDDDDDDDDDDDDDDDDD
EDDDDDDDDDDDDDDDDDDDDDDDD
EDDDDDDDDDDDDDDDDDDDDDDDD
EEEEWEEEEEEEEVCCCCCCCCCCC
EEEEWEEEEEEEEECCCCCCCCCCC
EEEEWEEEEEEEEEEEEEEEEEEEE
teste57.bmp
OOOOOOOOOOOOOOOOOOOOOOOOO
OOOOOOOOOOOOOOOOOOOOOOOOO
OOOOOOOOOOOOOOOOOOOOPPPPP
OOOOOOOOOOOOOOOOOOOOPPPPP
OOOOOOOOOOOOOOOOOOOOPPPPP
OOOOOOOOOOOOOOOOOOOOPPPPP
OOOOOOOOOOOOOOOOOOOOPPPPP
OOOOOOOOOOOOOOOOOOOOPPPPP
OOOOOOOOOOOOOOOOOOOOPPPPP
OOOOOOOOOOOOOOOOOOOOPPPPP
OOOOOOOOOOOOOOOOOOOOPPPPP
OOOOOOOOOOOOOOOOOOOOOOOOO
OOOOOOOOOOOOOOOOOOOOOOOOO
OOOOOOOOOOOOOOOOOOOOOOOOO
OOOOOOOOOOOOOOOOOOOOOOOOO
OOOOOOOOOOOOOOOOOOOOOOOOO
OOOOOOOOOOOOOOOOOOOOOOOOO
OOOOOOOOOOOOOOOOOOOOOOOOO
OOOOVVVVVVVVVVVVVVOOOOOOO
OOOOVVVVVVVVVVVVVVOOOOOOO
OOOOVVVVVVVVVVVVVVOOOOOOO
OOOOVVVVVVVVVVVVVVOOOOOOO
OOOOOOOOOOOOOOOOOOOOOOOOO
OOOOOOOOOOOOOOOOOOOOOOOOO
OOOOOOOOOOOOOOOOOOOOOOOOO
teste58.bmp
OOOOOOOOOOOOOOOOOOOOOOOOO
OOOOOOOOOOOOOOOOOOOOOOOOO
OOOOOOOOOOOOOOOOOOOOOOOOO
OOOOOOOOOOOOOOOOOOOOOOOOO
OOOOOOOOOOOOOOOOOOOOOOOOO
OOOOOOOOOOOOOOOOOOOOOOOOO
OOOOOOOOOOOOOOOOOOOOOOOOO
OOOOOOOOOOOOOOOOOOOOOOOOO
OOOOOOOOOOOOOOOOOOOOOOOOO
OOOOOOOOOOOOOOOOOOOOOOOOO
OOOOOOOOOOOOOOOOOOOOOOOOO
OOOOOOOOOOOOOOOOOOOOOOOOO
OOOOOOOOOOOOOOOOOOOOOOOOO
OOOOOOOOOOOOOOOOOOOOOOOOO
OOOOOOOOOOOOOOOOOOOOOOOOO
OOOOOOOOOOOOOOOOOOOOOOOOO
OOOOOOOOOOOOOOOOOOOOOOOOO
OOOOOOOOOOOOOOOOOOOOOOOOO
OOOOOOOOOOOOOOOOOOOOOOOOO
OOOOOOOOOOOOOOOOOOOOOOOOO
OOOOOOOOOOOOOOOOOOOOOOOOO
OOOOOOOOOOOOOOOOOOOOOOOOO
OOOOOOOOOOOOOOOOOOOOOOOOO
OOOOOOOOOOOOOOOOOOOOOOOOO
OOOOOOOOOOOOOOOOOOOOOOOOO
teste59.bmp
OOOOOOOOOOOOOOOOOOOOOOOOO
OOOOOOOOOOOOOOOOOOOOOOOOO
OOOOOOOOOOOOOOOOOOOOOOOOO
OOOOOOOOOOOOOOOOOOOOOOOOO
OOOOOOOOOOOOOOOOOOOOOOOOO
OOOOOOOOOOOOOOOOOOOOOOOOO
OOOOOOOOOOOOOOOOOOOOOOOOO
OOOOOOOOOOOOOOOOOOOOOOOOO
OOOOOOOOOOOOOOOOOOOOOOOOO
OOOOOOOOOOOOOOOOOOOOOOOOO
OOOOOOOOOOOOOOOOOOOOOOOOO
OOOOOOOOOOOOOOOOOOOOOOOOO
OOOOOOOOOOOOOOOOOOOOOOOOO
OOOOOOOOOOOOOOOOOOOOOOOOO
OOOOOOOOOOOOOOOOOOOOOOOOO
OOOOOOOOOOOOOOOOOOOOOOOOO
OOOOOOOOOOOOOOOOOOOOOOOOO
OOOOOOOOOOOOOOOOOOOOOOOOO
OOOOOOOOOOOOOOOOOOOOOOOOO
OOOOOOOOOOOOOOOOOOOOOOOOO
OOOOOOOOOOOOOOOOOOOOOOOOO
OOOOOOOOOOOOOOOOOOOOOOOOO
OOOOOOOOOMMMMOOOOOOOOOOOO
OOOOOOOOOOOOOOOOOOOOOOOOO
OOOOOOOOOOOOOOOOOOOOOOOOO
teste60.bmp
OOOOOOOOOOOOOOOOOOOOOOOOO
OOOOOOOOOOOOOOOOOOOOOOOOO
OOOOOOOOOOOOOOOOOOOOOOOOO
OOOOOOOOOOOOOOOOOOOOOOOOO
OOOOOOOOOOOOOOOOOOOOOOOOO
OOOOOOOOOOOOOOOOOOOOOOOOO
OOOOOOOOOOOOOOOOOOOOOOOOO
OOOOOOOOOOOOOOOOOOOOOOOOO
OOOOOOOOOOOOOOOOOOOOOOOOO
OOOOOOOOOOOOOOOOOOOOOOOOO
OOOOOOOOOOOOOOOOOOOOOOOOO
OOOOOOOOOOOOOOOOOOOOOOOOO
OOOOOOOOOOOOOOOOOOOOOOOOO
OOOOOOOOOOOOOOOOOOOOOOOOO
OOOOOOOOOOOOOOOOOOOOOOOOO
OOOOOOOOOOOOOOOOOOOOOOOOO
OOOOOOOOOOOOOOOOOOOOOOOOO
OOOOOOOOOOOOOOOOOOOOOOOOO
OOOOOOOOOOOOOOOOOOOOOOOOO
OOOOOOOOOOOOOOOOOOOOOOOOO
OOOOOOOOOOOOOOOOOOOOOOOOO
OOOOOOOOOOOOOOOOOOOOOOOOO
OOOOOOOOOOOOOOOOOOOOOOOOO
OOOOOOOOOOOOOOOOOOOOOOOOO
OOOOOOOOOOOOOOOOOOOOOOOOO
teste61.bmp
QQQQQQQQQQQQQQQQQQQQQQQQQ
QQQQQQQQQQQQQQQQQQQQQQQQQ
QQQQQQQQQQQQQQQQQQQQQQQQQ
QQQQQQQQQQQQQQQQQQQQQQQQQ
QQQQQQQQQQQQQQQQQQQQQQQQQ
QQQQQQQQQQQQQQQQQQQQQQQQQ
QQQQQQQQQQQQQQQQQQQQQQQQQ
QQQQQQQQQQQQQQQQQQQQQQQQQ
QQQQQQQQQQQQQQQQQQQQQQQQQ
QQQQQQQQQQQQQQQQQQQQQQQQQ
QQQQQQQQQQQQQQQQQQQQQQQQQ
QQQQQQQQQQQQQQQQQQQQQQQQQ
QQQQQQQQQQQQQQQQQQQQQQQQQ
QQQQQQQQQQQQQQQQQQQQQQQQQ
QQQQQQQQQQQQQQQQQQQQQQQQQ
QQQQQQQQQQQQQQQQQQQQQQQQQ
QQQQQQQQQQQQQQQQQQQQQQQQQ
QQQQQQQQQQQQQQQQQQQQQQQQQ
QQQQQQQQQQQQQQQQQQQQQQQQQ
QQQQQQQQQQQQQQQQQQQQQQQQQ
QQQQQQQQQQQQQQQQQQQQQQQQQ
QQQQQQQQQQQQQQQQQQQQQQQQQ
QQQQQQQQQQQQQQQQQQQQQQQQQ
QQQQQQQQQQQQQQQQQQQQQQQQQ
QQQQQQQQQQQQQQQQQQQQQQQQQ
teste62.bmp
OOOOOOOOOOOOOOOOOOOOOOOOO
OOOOOOOOOOOOOOOOOOOOOOOOO
OOOOOOOOOOOOOOOOOOOOOOOOO
OOOOOOOOOOOOOOOOOOOOOOOOO
OOOOOOOOOOOOOOOOOOOOOOOOO
OOOOOOOOOOOOOOOOOOOOOOOOO
OOOOOOOOOOOOOOOOOOOOOOOOO
OOOOOOOOOOOOOOOOOOOOOOOOO
OOOOOOOOOOOOOOOOOOOOOOOOO
OOOOOOOOOOOOOOOOOOOOOOOOO
OOOOOROOOOOOOOOOOOOOOOOOO
OOOOOOOOOOOOOOOOOOOOOOOOO
OOOOOOOOOOOOOOOOOOOOOOOOO
OOOOOOOOOOOOOOOOOOOOOOOOO
OOOOOOOOOOOOOOOOOOOOOOOOO
OOOOOOOOOOOOOOOOOOOOOOOOO
OOOOOOOOOOOOOOOOOOOOOOOOO
OOOOOOOOOOOOOOOOOOOOOOOOO
OOOOOOOOOOOOOOOOOOOOOOOOO
OOOOOOOOOOOOOOOOOOOOOOOOO
OOOOOOOOOOOOOOOOOOOOOOOOO
OOOOOOOOOOOOOOOOOOOOOOOOO
OOOOOOOOOOOOOOOOOOOOOOOOO
OOOOOOOOOOOOOOOOOOOOOOOOO
OOOOOOOOOOOOOOOOOOOOOOOOO
teste63.bmp
OOOOOOOOOOOOOOOOOOOOOOOOO
OOOOOOOOOOOOOOOOOOOOOOOOO
HOOOOOOOOOOOOOOOOOOOOOOOO
HOOOOOOOOOOOOOOOOOOOOOOOO
HOOOOOOOOOOOOOOOOOOOOOOOO
OOOOOOOOOOOOOOOOOOOOOOOOO
OOOOOOOOOOOOOOOOOOOOOOOOO
OOOOOOOOOOOOOOOOOOOOOOOOO
OOOOOOOOOOOOOOOOOOOOOOOOO
OOOOOOOOOOOOOOOOOOOOOOOOO
OOOOOOOOOOOOOOOOOOOOOOOOO
OOOOOOOOOOOOOOOOOOOOOOOOO
OOOOOOOOOOOOOOOOOOOOOOOOO
OOOOOOOOOOOOOOOOOOOOOOOOO
OOOOOOOOOOOOOOOOOOOOOOOOO
OOOOOOOOOOOOOOOOOOOOOOOOO
OOOOOOOOOOOOOOOOOOOOOOOOO
OOOOOOOOOOOOOOOOOOOOOOOOO
OOOOOOOOOOOOOOOOOOOOOOOOO
OOOOOOOOOOOOOOOOOOOOOOOOO
OOOOOOOOOOOOOOOOOOOOOOOOO
OOOOOOOOOOOOOOOOOOOOOOOOO
OOOOOOOOOOOOOOOOOOOOOOOOO
OOOOOOOOOOOOOOOOOOOOOOOOO
OOOOOOOOOOOOOOOOOOOOOOOOO
teste64.bmp
OOOOOOOOOOOOOOOOOOOOOOOOO
OOOOOOOOOOOOOOOOOOOOOOOOO
HOOOOOOOOOOOOOOOOOOOOOOOO
HOOOOOOOOOOOOOOOOOOOOOOOO
HOOOOOOOOOOOOOOOOOOOOOOOO
OOOOOOOOOOOOOOOOOOOOOOOOO
OOOOOOOOOOOOOOOOOOOOOOOOO
OOOOOOOOOOOOOOOOOOOOOOOOO
OOOOOOOOOOOOOOOOOOOOOOOOO
OOOOOOOOOOOOOOOOOOOOOOOOO
OOOOOOOOOOOOOOOOOOOOOOOOO
OOOOYYYYYYYOOOOOOOOOOOOOO
OOOOYYYYYYYOOOOOOOOOOOOOO
OOOOYYYYYYYOOOOOOOOOOOOOO
OOOOYYYYYYYOOOOOOOOOOOOOO
OOOOYYYYYYYOOOOOOOOOOOOOO
OOOOYYYYYYYOOOOOOOOOOOOOO
OOOOYYYYYYYOOOOOOOOOOOOOO
OOOOYYYYYYYOOOOOOOOOOOOOO
OOOOYYYYYYYOOOOOOOOOOOOOO
OOOOYYYYYYYOOOOOOOOOOOOOO
OOOOYYYYYYYOOOOOOOOOOOOOO
OOOOOOOOOOOOOOOOOOOOOOOOO
OOOOOOOOOOOOOOOOOOOOOOOOO
OOOOOOOOOOOOOOOOOOOOOOOOO
teste65.bmp
YYYYYYYYYYYYYYYYYYYYYYYYY
YYYYYYYYYYYYYYYYYYYYYYYYY
HYYYYYYYYYYYYYYYYYYYYYYYY
HYYYYYYYYYYYYYYYYYYYYYYYY
HYYYYYYYYYYYYYYYYYYYYYYYY
YYYYYYYYYYYYYYYYYYYYYYYYY
YYYYYYYYYYYYYYYYYYYYYYYYY
YYYYYYYYYYYYYYYYYYYYYYYYY
YYYYYYYYYYYYYYYYYYYYYYYYY
YYYYYYYYYYYYYYYYYYYYYYYYY
YYYYYYYYYYYYYYYYYYYYYYYYY
YYYYYYYYYYYYYYYYYYYYYYYYY
YYYYYYYYYYYYYYYYYYYYYYYYY
YYYYYYYYYYYYYYYYYYYYYYYYY
YYYYYYYYYYYYYYYYYYYYYYYYY
YYYYYYYYYYYYYYYYYYYYYYYYY
YYYYYYYYYYYYYYYYYYYYYYYYY
YYYYYYYYYYYYYYYYYYYYYYYYY
YYYYYYYYYYYYYYYYYYYYYYYYY
YYYYYYYYYYYYYYYYYYYYYYYYY
YYYYYYYYYYYYYYYYYYYYYYYYY
YYYYYYYYYYYYYYYYYYYYYYYYY
YYYYYYYYYYYYYYYYYYYYYYYYY
YYYYYYYYYYYYYYYYYYYYYYYYY
JJJJJJJJJJYYYYYYYYYYYYYYY
teste66.bmp
YYYYYYYYYYYYYYYYYYYYYYYYY
YYYYYYYYYYYYYYYYYYYEEEYYY
HYYYYYYYYYYYYYYYYYYYYYYYY
HYYYYYYYYYYYYYYYYYYYYYYYY
HYYYYYYYYYYYYYYYYYYYYYYYY
YYYYYYYYYYYYYYYYYYYYYYYYY
YYYYYYYYYYYYYYYYYYYYYYYYY
YYYYYYYYYYYYYYYYYYYYYYYYY
YYYYYYYYYYYYYYYYYYYYYYYYY
YYYYYYYYYYYYYYYYYYYYYYYYY
YYYYYYYYYYYYYYYYYYYYYYYYY
YYYYYYZYYYYYYYYYYYYYYYYYY
YYYYYYYYYYYYYYYYYYYYYYYYY
YYYYYYYYYYYYYYYYYYYYYYYYY
YYYYYGYYYYYYYYYYYYYYYYYYY
YYYYYGYYYYYYYYYYYYYYYYYYY
YYYYYGYYYYYYYYYYYYYYYYYYY
YYYYYGYYYYYYYYYYYYYYYYYYY
YYYYYGYYYYYYYYYYYYYYYYYYY
YYYYYGYYYYYYYYYYYYYYYYYYY
YYYYYGYYYYYYYYYYYYYYYYYYY
YYYYYGYYYYYYYYYYYYYYYYYYY
YYYYYYYYYYYYYYYYYYYYYYYYY
YYYYYYYYYYYYYYYYYYYYYYYYY
JJJJJJJJJJYYYYYYYYYYYYYYY
teste67.bmp
OOOOOOOOOOOOOOOOOOOOOOOOO
OOOOOOOOOOOOOOOOOOOOOOOOO
OOOOOOOOOOOOOOOOOOOOOOOOO
OOOOOOOOOOOOOOOOOOOOOOOOO
OOOOOOOOOOOOOOOOOOOOOOOOO
OOOOOOOOOOOOOOOOOOOOOOOOO
OOOOOOOOOOOOOOOOOOOOOOOOO
OOOOOOOOOOOOOOOOOOOOOOOOO
OOOOOOOOOOOOOOOOOOOOOOOOO
OOOOOOOOOOOOOOOOOOOOOOOOO
OOOOOOOOOOOOOOOOOOOOOOOOO
OOOOOOOOOOOOOOOOOOOOOOOOO
OOOOOOOOOOOOOOOOOOOOOOOOO
OOOOOOOOOOOOOOOOOOOOOOOOO
OOOOOOOOOOOOOOOOOOOOOOOOO
OOOOOOOOOOOOOOOOOOOOOOOOO
OOOOOOOOOOOOOOOOOOOOOOOOO
OOOOOOOOOOOOOOOOOOOOOOOOO
OOOOOOOOOOOOOOOOOOOOOOOOO
OOOOOOOOOOOOOOOOOOOOOOOOO
OOOOOOOOOOOOOOOOOOOOOOOOO
OOOOOOOOOOOOOOOOOOOOOOOOO
OOOOOOOOOOOOOOOOOOOOOOOOO
OOOOOOOOOOOOOOOOOOOOOOOOO
OOOOOOOOOOOOOOOOOOOOOOOOO
teste68.bmp
OOOOOOOOOOOOOOOOOOOOOOOOO
OOOOOOOOOOOOOOOOOOOOOOOOO
OOOOOOOOOOOOOOOOOOOOOOOOO
OOOOOOOOOOOOOOOOOOOOOOOOO
OOOOOOOOOOOOOOOOOOOOOOOOO
OOOOOOOOOOOOOOOOOOOOOOOOO
OOOOOOOOOOOOOOOOOOOOOOOOO
OOOOOOOOOOOOOOOOOOOOOOOOO
OOOOOOOOOOOOOOOOOOOOOOOOO
OOOOOOOOOOOOOOOOOOOOOOOOO
OOOOOOOOOOOOOOOOOOOOOOOOO
OOOOOOOOOOOOOOOOOOOOOOOOO
OOOOOOOOOOOOOOOOOOOOOOOOO
OOOOOOOOOOOOOOOOOOOOOOOOO
OOOOOOOOOOOOOOOOOOOOOOOOO
OOOOOOOOOOOOOOOOOOOOOOOOO
OOOOOOOOOOOOOOOOOOOOOOOOO
OOOOOOOOOOOOOOOOOOOOOOOOO
OOOOOOOOOOOOOOOOOOOOOOOOO
OOOOOOOOOOOOOOOOOOOOOOOOO
OOOOOOOOOOOOOOOOOOOOOOOOO
OOOOOOOOOOOOOOOOOOOOOOOOO
OOOOOOOOOOOOOOOOOOOOOOOOO
OOOOOOOOOOOOOOOOOOOOOOOOO
OOOOOOOOOOOOOOOOOOOOOOOOO
teste69.bmp
OOOOOOOOOOOOOOOOOOOOOOOOO
OOOOOOOOOOOOOOOOOOOOOOOOO
OOOOOOOOOOOOOOOOOOOOOOOOO
OOOOOOOOOOOOOOOOOOOOOOOOO
OOOOOOOOOOOOOOOOOOOOOOOOO
OOOOOOOOOOOOOOOOOOOOOOOOO
OOOOOOOOOOOOOOOOOOOOOOOOO
OOOOOOOOOOOOOOOOOOOOOOOOO
OOOOOOOOOOOOOOOOOOOOOOOOO
OOOOOOOOOOOOOOOOOOOOOOOOO
OOOOOOOOOOOOOOOOOOOOOOOOO
OOOOOOOOOOOOOOOOOOOOOOOOO
OOOOOOOOOOOOOOOOOOOOOOOOO
OOOOOOOOOOOOOOOOOOOOOOOOO
OOOOOOOOOOOOOOOOOOOOOOOOO
OOOOOOOOOOOOOOOOOOOOOOOOO
OOOOOOOOOOOOOOOOOOOOOOOOO
OOOOOOOOOOOOOOOOOOOOOOOOO
OOOOOOOOOOOOOOOOOOOOOOOOO
OOOOOOOOOOOOOOOOOOOOOOOOO
OOOOOOOOOOOOOOOOOOOOOOOOO
OOOOOOOOOOOOOOOOOOOOOOOOO
OOOOOOOOOOOOOOOOOOOOOOOOO
OOOOOOOOOOOOOOOOOOOOOOOOO
OOOOOOOOOOOOOOOOOOOOOOOOO
teste70.bmp
OOOOOOOOOOOOOOOOOOOOOOOOO
OOOOOOOOOOOOOOOOOOOOOOOOO
OOOOOOOOOOOOOOOOOOOOOOOOO
OOOOOOOOOOOOOOOOOOOOOOOOO
OOOOOOOOOOOOOOOOOOOOOOOOO
OOOOOOOOOOOOOOOOOOOOOOOOO
OOOOOOOOOOOOOOOOOOOOOOOOO
OOOOOOOOOOOOOOOOOOOOOOOOO
OOOOOOOOOOOOOOOOOOOOOOOOO
OOOOOOOOOOOOOOOOOOOOOOOOO
OOOOOOOOOOOOOOOOOOOOOOOOO
OOOOOOOOOOOOOOOOOOOOOOOOO
OOOOOOOOOOOOOOOOOOOOOOOOO
OOOOOOOOOOOOOOOOOOOOOOOOO
OOOOOOOOOOOOOOOOOOOOOOOOO
OOOOOOOOOOOOOOOOOOOOOOOOO
OOOOOOOOOOOOOOOOOOOOOOOOO
OOOOOOOOOOOOOOOOOOOOOOOOO
OOOOOOOOOOOOOOOOOOOOOOOOO
OOOOOOOOOOOOOOOOOOOOOOOOO
OOOOOOOOOOOOOOOOOOOOOOOOO
OOOOOOOOOOOOOOOOOOOOOOOOO
OOOOOOOOOOOOOOOOOOOOOOOOO
OOOOOOOOOOOOOOOOOOOOOOOOO
OOOOOOOOOOOOOOOOOOOOOOOOO
teste71.bmp
OOOOOOOOOOOOOOOOOOOOOOOOO
OOOOOOOOOOOOOOOOOOOOOOOOO
OOOOOOOOOOOOOOOOOOOOOOOOO
OOOOOOOOOOOOOOOOOOOOOOOOO
OOOOOOOOOOOOOOOOOOOOOOOOO
OOOOOOOOOOONNNNNNOOOOOOOO
JOOOOOOOOOONNNNNNOOOOOOOO
OOKKKKKKKKKNNNNNNKKKOQOOO
OOOOOOOOOOONNNNNNOOOOQOOO
OOOOOOOOOOOOOOOOOOOOOOOOO
OOOOOOOOOOOOOOOOOOOOOOOOO
OOOOOOOOOOOOOOOOOOOOOOOOO
OOOOOOOOOOOOOOOOOOOOOOOOO
OOOOPPOOOOOOOOOOOOOOOOOOO
OOOOPPOOOOOOOOOOOOOOOOOOO
OOOOPPOOOOOOOOOOOOOOOOOOO
OOOOPPOOOOOOOOOOOOOOOOOOO
OOOOPPOOOOOOOOOOOOOOOOOOO
OOOOPPOOOOOOOOOOOOOOOOOOO
OOOOPPOOOOOOOOOOOOOFOOOOO
OOOOPPOOONOOOOOOOOOOOOOOO
OOOOPPOOOOOOOOOOOOOOOOOOO
OOOOPPOOOOOOOOOOOOOOOOOOO
OOOOPPOOOOOOOOOOOOOOOOOOO
OOOOOOOOOOOOOOOOOOOOOOOOO
teste72.bmp
CCCCECCCCCMMMMMMMMCCCCCCC
CCCCECCCCCMMMMMMMMCCCCCCC
CCCCECCCCCMMMMMMMMCCCCCCC
CCCCECCCCCMMMMMMMMCCCCCCC
CCCCECNCCCMMMMMMMMCCCCCCC
CCCCECNCCCMMMMMMMMCCCCCCC
CCCCELLLLLMMMMMMMMCCCCCCC
CCCCECNCCCMMMMMMMMCCCCCCC
CCCCCCNCCCMMMMMMMMCCCCCCC
CCCCCCCCCCMMMMMMMMCCCCCCC
CCCCCCCCMMMMMMMMMMMMMMMMM
CCCCCCCCMMMMMMMMMMMMMMMMM
CCCCCCCCMMMMMMMMMMMMMMMMM
CCCCCCCCMMMMMMMMMMMMMMMMM
CCCCCCCCMMMPPPPPPPPPPPPPP
CCCCCCCCMMMMMMMMMMMMMMMMM
CCCCCCCCMMMMMMMMMMMMMMMMM
CCCCCCCCMMMMMMMMMMMMMMMMM
CCCCCCCCMMMMMMMMMMMMMMMMM
CCCCCCVCMMMMMMMMMMMMMMMMM
CCCCCCCCMMMMMMMMMMMMMMMMM
CCCCCCCCMMMMMMMMMMMMMMMMM
CCCCCCCCMMMMMMMMMMMMMMMMM
CCCCCCCCCCCCCCMOOOOOOOOOT
CCCCCCCCCCCCCCMOOOOOOOOOO
teste73.bmp
CCCCECCWCCUUUUUUUUCCCCCCC
CCCCECSCCCUUUUUUUUCCCCCCC
CCCCECSCCCUUUUUUUUCCCCCCC
CCCCECSCWCUUUUUUUUCCCCCCC
CCCCECSCWCUUUUUUUUCCCCCCC
CCCCECSCWCUUUUUUUUCCCCCCC
CCCCELSLWLUUUUUUUUCCCCCCC
CCCCECSCWCUUUUUUUUCCCCCCC
CCCCCCSCWCUUUUUUUUCCCCCCC
CCCCCCSCWCUUUUUUUUCCCCCCC
CCCCCCSCWUUUUUUUUUUUUUUUU
CCCCCCSCWUUUUUUUUUUUUUUUU
CCCUUUSUWUUUUUUUUUUUUUUUU
CCCCCCSCWUUUUUUUUUUUUUUUU
CCCCCCSCWUUPPPPPPPPPPPPPP
CCCCCCSCWUUUUUUUUUUUUUUUU
CCCCCCSCWUUUUUUUUUUUUUUUU
CCCCCCSCWUUUUUUUUUUUUUUUU
CCCCCCSCWUUUUUUUUUUUUUUUU
CCCCCCSCWUUUUUUUUUUUUUUUU
CCCCCCSCWUUUUUUUUUUUUUUUU
CCCCCCSCUUUUUUUUUUUUUUUUU
CCCCCCCCUUUUUUUUUUUUUUUUU
CCCCCCCCCCCCCCUOOOOOOOOOT
CCCCCCCCCCCCCCUOOOOOOOOOO
teste74.bmp
IIIIIIIIIIIIIIIIIIIIIIIII
IIIIIIIIIIIIIIIIIIIIIIIII
IIIIIIIIIIIIIIIIIIIIIIIII
IIIIIIIIIIIIIIIIIIIIIIIII
IIIIIIIIIIIIIIIIIIIIIIIII
IIIIIIIIIIIIIIIIIIIIIIIII
IIIIIIIIIIIIIIIIIIIIIIIII
IIIIIIIIIIIIIIIIIIIIIIIII
IIIIIIIIIIIIIIIIIIIIIIIII
IIIIIIIIIIIIIIIIIIIIIIIII
IIIIIIIIIIIIIIIIIIIIIIIII
RIIIIIIIIIIIIIIIIIIIIIIII
IIIIIIIIIIIIIIIIIIIIIIIII
IIIIIIIIIIIIIIIIIIIIIIIII
IIIIIIIIIIIIIIIIIIIIIIIII
IIIIIIIIIIIIIIIIIIIIIIIII
IIIIIIIIIIIIIIIIIIIIIIIII
IIIIIIIIIIIIIIIIIIIIIIIII
IIIIIIIIIIIIIIIIIIIIIIIII
IIIIIIIIIIIIIIIIIIIIIIIII
IIIIIIIIIIIIIIIIIIIIIIIII
IIIIIIIIIIIIIIIIIIIIIIIII
IIIIIIIIIIIIIIIIIIIIIIIII
IIIIIIIIIIIIIIIIIIIIIIIII
IIIIIIIIIIIIIIIIIIIIIIIII
teste75.bmp
IIIIIIIIIIIIIIIIIIIIIIIII
IIIIIIIIIIIIIIIIIIIIIIIII
IIIIIIIIIIIIIIIIIIIIIIIII
IIIIIIIIIIIIIIIIIIIIIIIII
IIIIIIIIIIIIIIIIIIIIIIIII
IIIIIIIIIIIIIIIIIIIIIIIII
IIIIIIIIIIIIIIIIIIIIIIIII
IIIIIIIIIIIIIIIIIIIIIIIII
IIIIIIIIIIIIIIIIIIIIIIIII
IIIIIIIIIIIIIIIIIIIIIIIII
IIIIIIIIIIIIIIIIIIIIIIIII
RIIIIIIIIIIIIIIIIIIIIIIII
IIIIIIIIIIIIIIIIIIIIIIIII
IIIIIIIIIIIIIIIIIIIIIIIII
IIIIIIIIIIIIIIIIIIIIIIIII
IIIIIIIIIIIIIIIIIIIIIIIII
IIIIIIIIIIIIIIIIIIIIIIIII
IIIIIIIIIIIIIIIIIIIIIIIII
IIIIIIIIIIIIIIIIIIIIIIIII
IICIIIIIIIIIIIIIIIIIIIIII
IICIIIIIIIIIIIIIIIIIIIIII
IICIIIIIIIIIIIIIIIIIIIIII
IICIIIIIIIIIIIIIIIIIIIIII
IIIIIIIIIIIIIIIIIIIIIIIII
IIIIIIIIIIIIIIIIIIIIIIIII
teste76.bmp
WWWWWWWWWWWWWWWWWWWWWWWWW
WWWWWWWWWWWWWWWWWWWWWWWWW
WWWWWWWWWWWWWWWWWWWWWWWWW
WWWWWWWWWWWWWWWWWWWWWWWWW
WWWWWWWWWWWWWWWWWWWWWWWWW
WWWWWWWWWWWWWWWWWWWWWWWWW
WWWWWWWWWWWWWWWWWWWWWWWWW
WWWWWWWWWWWWWWWWWWWWWWWWW
WWWWWWWWWWWWWWWWWWWWWWWWW
WWWWWWWWWWWWWWWWWWWWWWWWW
WWWWWWWWWWWWWWWWWWWWWWWWW
WWWWWWWWWWWWWWWWWWWWWWWWW
WWWWWWWWWWWWWWWWWWWWWWWWW
WWWWWWWWWWWWWWWWWWWWWWWWW
WWWWWWWWWWWWWWWWWWWWWWWWW
WWWWWWWWWWWWWWWWWWWWWWWWW
WWWWWWWWWWWWWWWWWWWWWWWWW
WWWWWWWWWWWWWWWWWWWWWWWWW
WWWWWWWWWWWWWWWWWWWWWWWWW
WWWWWWWWWWWWWWWWWWWWWWWWW
WWWWWWWWWWWWWWWWWWWWWWWWW
WWWWWWWWWWWWWWWWWWWWWWWWW
WWWWWWWWWWWWWWWWWWWWWWWWW
WWWWWWWWWWWWWWWWWWWWWWWWW
WWWWWWWWWWWWWWWWWWWWWWWWW
teste77.bmp
PPPPPPPPPPPPPPPPPHPPPPPPP
PPPPPPPPPPPPPPPPPHPPPPPPP
PPPPPPPPPPPPPPPPPHPPPPPPP
PPPPPPPPPPPPPPPPPHPPPPPPP
PPPPPPPPPPPBBBBBBBBBBBPPP
PPPPPPPPPPPBBBBBBBBBBBPPP
PPPPPPPPPPPBBBBBBBBBBBPPP
PPPPPPPPPPPPPPPPPHPPPPPPP
PPPPPPPPPPPPPPPPPHPPPPPPP
PPPPPPPPPPPPPPPPPHPPPPPPP
PPPPPPPPPPPPPPPPPHPPPPPPP
PPPPPPPPPPPPPPPPPHPPPPPPP
PPPPPPPPPPPPPPPPPHPPPPPPP
PPPPPPPPPPPPPPPPPHPPPPPPP
PPPPPPPPPPPPPPPPPHPPAPPPP
PPPPPPBBBBBBBBBBBHBPAPPPP
PPPPPPPPPPPPPPPPPHPPAPPPP
PPPPPPPPPPPPPPPPPHPPAPPPP
PPPPPPPPWPPPPPPPPHPPAPPPP
PPPPPPPPPPPPPPPPPHPPAPPPP
PPPPPPPPPPPPPPPPPHPPAPPPP
PPPPPPPPPPPPPPPPPHPPPPPPP
PPPPPPPPPPPPPPPPPHPPPPPPP
PPPPPPPPPPPPPPPPPHPPPPPPP
PPPPPPPPPPPPPPPPPPPPPPPPP
teste78.bmp
PPPPPPPPPPPPPPPPPHPPPPPPP
PPPPPPPPPPPPPPPPPHPPPPPPP
PPPPPPPPPPPPPPPPPHPPPPPPP
PPPPPPPPPPPPPPPPPHPPPPPPP
PPPPPPPPPPPBBBBBBBBBBBPPP
PPPPPPPPPPPBBBBBBBBBBBPRP
PPPPPPPPPPPBBBBBBBBBBBPPP
PPPPPPPPPPPPPPPPPHPPPPPMP
PPPPPPPPPPPPPPPPPHPPPPPMP
PPPPPPPPPPPPPPPPPHPPPPPMP
PPPPPPPPPPPPPPPPPHPPPPPMP
PPPPPPPPPPPPPPPPPHPPPPPMP
PPPPPPPPPPPPPPPPPHPPPPPMP
PPPPPPPPPPPPPPPPPHPPPPPMP
PPPPPPPPPPPPPPPPPHPPAPPPP
PPPPPPBBBBBBBBBBBHBPAPPPP
PPPPPPPPPPPPPPPPPHPPAPPPP
PPPPPPPPPPPPPPPPPHPPAPPPP
PPPPPPPPWPPPPPPPPHPPAPPPP
PPPPPPPPPPPPPPPPPHPPAPPPP
PPPPPPPPPPPPPPPPPHPPAPPPP
PPPPPPPPPPPPPPPPPHPPPPPPP
PPPPPPPPPPPPPPPPPHPPPPPPP
PPPPPPPPPPPPPPPPPHPPPPPPP
PPPPPPPPPPPPPPPPPPPPPPPPP
teste79.bmp
PPPPPPPPPPPPPPPPPHPPPPPPP
PPPPPPPPPPPPPPPPPHPPPPPPP
PPPPPPPPPPPPPPPPPHPPPPPPP
PPPPPPPPPPPPPPPPPHPPPPPPP
PPPPPPPPPPPBBBBBBBBBBBPPP
PPPPPPPPPPPBBBBBBBBBBBPRP
PPPPPPPPPPPBBBBBBBBBBBPPP
PPPPPPPPPPPPPPPPPHPPPPPMP
PPPPPPPPPPPPPPPPPHPPPPPMP
PPPPPPPPPPPPPPPPPHPPPPPMP
PPPPPPPPPPPPPPPPPHPPPPPMP
PPPPPPPPPPPPPPPPPHPPPPPMP
PPPPPPPPPPPPPPPPPHPPPPPMP
PPPPPPPPPPPPPPPPPHPPPPPMP
PPPPPPPPPPPPPPPPPHPPAPPPP
PPPPPPBBBBBBBBBBBHBPAPPPP
PPPPPPPPPPPPPPPPPHPPAPPPP
PPPPPPPPPPPPPPPPPHPPAPPPP
PPPPPPPPWPPPPPPPPHPPAPPPP
PPPPPPPPPPPPPPPPPHPPAPPPP
PPPPPPPPPPPPPPPPPHPPAPPPP
PPPPPPPPPPPPPPPPPHPPPPPPP
PPPPPPPPPPPPPPPPPHPPPPPPP
PPPPPPPPPPPPPPPPPHPPPPPPP
PPPPPPPPPPPPPPPPPPPPPPPPP
teste80.bmp
PPPPPPPPPPPPPPPPPHPPPPPPP
PSPPPPPPPPPPPPPPPHPPPPPPP
PSPPPPPPPPPPPPPPPHPPPPPPP
PSPPPPPPPPPPPPPPPHPPPPPPP
PPPPPPPPPPBBBBBBBBBBBBPPP
PPPPPPPPPPBBBBBBBBBPPPPPP
PPPPPPPPPPBBBBBBBBBBBBPPP
PPPPPPPPPPBBBBBBBBBPPPPMP
PPPPPPPPPPBBBBBBBBBPPPPMP
PPPPPPPPPPBBBBBBBBBPPPPMP
PPPPPPPPPPBBBBBBBBBPPPPMP
PPPPPPPPPPBBBBBBBBBPPPPMP
PPPPPPPPPPBBBBBBBBBPPPPMP
PPPPPPPPPPBBBBBBBBBPPPPMP
PPPPPPPPPPBBBBBBBBBPAPPPP
PPPPPPBBBBBBBBBBBBBPAPPPP
PPPPPPPPPPBBBBBBBBBPAPPPP
PPPPPPPPPPBBBBBBBBBPAPPPP
PPPPPPPPWPPPPPPPPHPPAPPPP
PPPPPPPPPPPWPPPPPHPPAPPPP
PPPPPPPPPPPPPPPPPHPPAPPPP
PPPPPPPPPPPPPPPPPHPPPPPPP
PPPPPPPPPPPPPPPPPHPPPPPPP
PPPPPPPPPPPPPPPPPHPPPPPPP
PPPPPPPPPPPPPPPPPPPPPPPPP
