123c123
< max: 46337.92
---
> max: 46337.93
127c127
< max: 46337.92
---
> max: 46337.93
131c131
< max: 46337.92
---
> max: 46337.93
135c135
< max: 51264.68
---
> max: 51264.69
139c139
< max: 51264.68
---
> max: 51264.69
143c143
< max: 51264.68
---
> max: 51264.69
146,147c146,147
< min: 44838.37
< max: 51264.68
---
> min: 44838.38
> max: 51264.69
150,151c150,151
< min: 44838.37
< max: 54762.44
---
> min: 44838.38
> max: 54762.45
154,155c154,155
< min: 47280.60
< max: 54762.44
---
> min: 47280.61
> max: 54762.45
158,159c158,159
< min: 47280.60
< max: 54846.20
---
> min: 47280.61
> max: 54846.21
162,163c162,163
< min: 50227.83
< max: 54846.20
---
> min: 50227.84
> max: 54846.21
166,167c166,167
< min: 50227.83
< max: 56532.96
---
> min: 50227.84
> max: 56532.97
170,171c170,171
< min: 51744.06
< max: 56532.96
---
> min: 51744.07
> max: 56532.97
174,175c174,175
< min: 51744.06
< max: 61233.72
---
> min: 51744.07
> max: 61233.73
178,179c178,179
< min: 53553.29
< max: 61233.72
---
> min: 53553.30
> max: 61233.73
182,183c182,183
< min: 53553.29
< max: 64432.48
---
> min: 53553.30
> max: 64432.50
186,187c186,187
< min: 55569.52
< max: 64432.48
---
> min: 55569.53
> max: 64432.50
190,191c190,191
< min: 55569.52
< max: 66546.24
---
> min: 55569.53
> max: 66546.26
194,195c194,195
< min: 55569.52
< max: 67126.00
---
> min: 55569.53
> max: 67126.02
198,199c198,199
< min: 55569.52
< max: 67287.76
---
> min: 55569.53
> max: 67287.77
202,203c202,203
< min: 58037.75
< max: 67287.76
---
> min: 58037.76
> max: 67287.77
206,207c206,207
< min: 58636.98
< max: 67287.76
---
> min: 58636.99
> max: 67287.77
210,211c210,211
< min: 58636.98
< max: 67712.52
---
> min: 58636.99
> max: 67712.53
214,215c214,215
< min: 63136.21
< max: 67712.52
---
> min: 63136.22
> max: 67712.53
218,219c218,219
< min: 63136.21
< max: 70591.28
---
> min: 63136.22
> max: 70591.29
222,223c222,223
< min: 67201.44
< max: 70591.28
---
> min: 67201.45
> max: 70591.29
226,227c226,227
< min: 67201.44
< max: 74262.04
---
> min: 67201.45
> max: 74262.05
231c231
< max: 74262.04
---
> max: 74262.05
259c259
< max: 86727.60
---
> max: 86727.59
262,263c262,263
< min: 75637.13
< max: 86727.60
---
> min: 75637.12
> max: 86727.59
266,267c266,267
< min: 79895.36
< max: 86727.60
---
> min: 79895.35
> max: 86727.59
270,271c270,271
< min: 79895.36
< max: 88000.36
---
> min: 79895.35
> max: 88000.35
274,275c274,275
< min: 84601.59
< max: 88000.36
---
> min: 84601.58
> max: 88000.35
278,279c278,279
< min: 84601.59
< max: 92636.12
---
> min: 84601.58
> max: 92636.11
282,283c282,283
< min: 88260.82
< max: 92636.12
---
> min: 88260.80
> max: 92636.11
286,287c286,287
< min: 88260.82
< max: 96318.88
---
> min: 88260.80
> max: 96318.87
290,291c290,291
< min: 88260.82
< max: 97625.64
---
> min: 88260.80
> max: 97625.62
294,295c294,295
< min: 88452.05
< max: 97625.64
---
> min: 88452.03
> max: 97625.62
298,299c298,299
< min: 88452.05
< max: 100993.40
---
> min: 88452.03
> max: 100993.38
302,303c302,303
< min: 88452.05
< max: 101827.16
---
> min: 88452.03
> max: 101827.14
306,307c306,307
< min: 88452.05
< max: 106170.92
---
> min: 88452.03
> max: 106170.90
310,311c310,311
< min: 92116.28
< max: 106170.92
---
> min: 92116.26
> max: 106170.90
314,315c314,315
< min: 92116.28
< max: 110454.68
---
> min: 92116.26
> max: 110454.66
318,319c318,319
< min: 92208.51
< max: 110454.68
---
> min: 92208.48
> max: 110454.66
322,323c322,323
< min: 94374.74
< max: 110454.68
---
> min: 94374.71
> max: 110454.66
326,327c326,327
< min: 94374.74
< max: 113607.44
---
> min: 94374.71
> max: 113607.41
330,331c330,331
< min: 94374.74
< max: 117901.20
---
> min: 94374.71
> max: 117901.17
334,335c334,335
< min: 94374.74
< max: 121144.96
---
> min: 94374.71
> max: 121144.93
338,339c338,339
< min: 94374.74
< max: 124782.72
---
> min: 94374.71
> max: 124782.69
342,343c342,343
< min: 95865.97
< max: 124782.72
---
> min: 95865.94
> max: 124782.69
346,347c346,347
< min: 95865.97
< max: 128945.48
---
> min: 95865.94
> max: 128945.45
350,351c350,351
< min: 95865.97
< max: 131238.24
---
> min: 95865.94
> max: 131238.20
354,355c354,355
< min: 98815.20
< max: 131238.24
---
> min: 98815.16
> max: 131238.20
358,359c358,359
< min: 98815.20
< max: 131345.00
---
> min: 98815.16
> max: 131344.97
362,363c362,363
< min: 101067.43
< max: 131345.00
---
> min: 101067.39
> max: 131344.97
366,367c366,367
< min: 101067.43
< max: 134270.76
---
> min: 101067.39
> max: 134270.73
370,371c370,371
< min: 101067.43
< max: 136132.52
---
> min: 101067.39
> max: 136132.50
374,375c374,375
< min: 104436.66
< max: 136132.52
---
> min: 104436.62
> max: 136132.50
378,379c378,379
< min: 108075.89
< max: 136132.52
---
> min: 108075.84
> max: 136132.50
382,383c382,383
< min: 108075.89
< max: 139661.28
---
> min: 108075.84
> max: 139661.27
386,387c386,387
< min: 108075.89
< max: 144441.04
---
> min: 108075.84
> max: 144441.03
390c390
< min: 108075.89
---
> min: 108075.84
394c394
< min: 108290.12
---
> min: 108290.07
398c398
< min: 108290.12
---
> min: 108290.07
402,403c402,403
< min: 108290.12
< max: 152348.32
---
> min: 108290.07
> max: 152348.33
406,407c406,407
< min: 110826.35
< max: 152348.32
---
> min: 110826.30
> max: 152348.33
410,411c410,411
< min: 110826.35
< max: 152426.08
---
> min: 110826.30
> max: 152426.09
414,415c414,415
< min: 115124.58
< max: 152426.08
---
> min: 115124.52
> max: 152426.09
418,419c418,419
< min: 116515.81
< max: 152426.08
---
> min: 116515.75
> max: 152426.09
422,423c422,423
< min: 118086.04
< max: 152426.08
---
> min: 118085.98
> max: 152426.09
426,427c426,427
< min: 120214.27
< max: 152426.08
---
> min: 120214.20
> max: 152426.09
430,431c430,431
< min: 122276.50
< max: 152426.08
---
> min: 122276.43
> max: 152426.09
434,435c434,435
< min: 126173.73
< max: 152426.08
---
> min: 126173.66
> max: 152426.09
438,439c438,439
< min: 126173.73
< max: 155918.84
---
> min: 126173.66
> max: 155918.86
442,443c442,443
< min: 126991.96
< max: 155918.84
---
> min: 126991.88
> max: 155918.86
446,447c446,447
< min: 128071.19
< max: 155918.84
---
> min: 128071.11
> max: 155918.86
450,451c450,451
< min: 128071.19
< max: 157548.60
---
> min: 128071.11
> max: 157548.62
454,455c454,455
< min: 128071.19
< max: 162360.36
---
> min: 128071.11
> max: 162360.39
458,459c458,459
< min: 130922.42
< max: 162360.36
---
> min: 130922.34
> max: 162360.39
462,463c462,463
< min: 134318.65
< max: 162360.36
---
> min: 134318.56
> max: 162360.39
466,467c466,467
< min: 134318.65
< max: 167017.12
---
> min: 134318.56
> max: 167017.16
470,471c470,471
< min: 134318.65
< max: 169664.88
---
> min: 134318.56
> max: 169664.92
474,475c474,475
< min: 134318.65
< max: 169897.64
---
> min: 134318.56
> max: 169897.69
478,479c478,479
< min: 137625.88
< max: 169897.64
---
> min: 137625.80
> max: 169897.69
482,483c482,483
< min: 137625.88
< max: 173988.40
---
> min: 137625.80
> max: 173988.45
486,487c486,487
< min: 138309.11
< max: 173988.40
---
> min: 138309.03
> max: 173988.45
490,491c490,491
< min: 138309.11
< max: 178591.16
---
> min: 138309.03
> max: 178591.22
494,495c494,495
< min: 141019.34
< max: 178591.16
---
> min: 141019.27
> max: 178591.22
498,499c498,499
< min: 143735.57
< max: 178591.16
---
> min: 143735.50
> max: 178591.22
502,503c502,503
< min: 143735.57
< max: 180891.92
---
> min: 143735.50
> max: 180891.98
506,507c506,507
< min: 147932.80
< max: 180891.92
---
> min: 147932.73
> max: 180891.98
510,511c510,511
< min: 150885.03
< max: 180891.92
---
> min: 150884.97
> max: 180891.98
514,515c514,515
< min: 150885.03
< max: 181615.68
---
> min: 150884.97
> max: 181615.75
518,519c518,519
< min: 153959.26
< max: 181615.68
---
> min: 153959.20
> max: 181615.75
522,523c522,523
< min: 153959.26
< max: 185058.44
---
> min: 153959.20
> max: 185058.52
526,527c526,527
< min: 158839.49
< max: 185058.44
---
> min: 158839.44
> max: 185058.52
530,531c530,531
< min: 159465.72
< max: 185058.44
---
> min: 159465.67
> max: 185058.52
534,535c534,535
< min: 159465.72
< max: 189915.20
---
> min: 159465.67
> max: 189915.28
538,539c538,539
< min: 163659.95
< max: 189915.20
---
> min: 163659.91
> max: 189915.28
542,543c542,543
< min: 163659.95
< max: 192881.96
---
> min: 163659.91
> max: 192882.05
546,547c546,547
< min: 165389.18
< max: 192881.96
---
> min: 165389.14
> max: 192882.05
550,551c550,551
< min: 165389.18
< max: 197896.72
---
> min: 165389.14
> max: 197896.81
554,555c554,555
< min: 165389.18
< max: 200137.48
---
> min: 165389.14
> max: 200137.58
558,559c558,559
< min: 166031.41
< max: 200137.48
---
> min: 166031.38
> max: 200137.58
562,563c562,563
< min: 166187.64
< max: 200137.48
---
> min: 166187.61
> max: 200137.58
566,567c566,567
< min: 169779.87
< max: 200137.48
---
> min: 169779.84
> max: 200137.58
570,571c570,571
< min: 169779.87
< max: 203401.24
---
> min: 169779.84
> max: 203401.34
574,575c574,575
< min: 169779.87
< max: 206211.00
---
> min: 169779.84
> max: 206211.11
578,579c578,579
< min: 173576.10
< max: 206211.00
---
> min: 173576.08
> max: 206211.11
582,583c582,583
< min: 173576.10
< max: 207959.76
---
> min: 173576.08
> max: 207959.88
586,587c586,587
< min: 173576.10
< max: 212357.52
---
> min: 173576.08
> max: 212357.64
590,591c590,591
< min: 177730.33
< max: 212357.52
---
> min: 177730.31
> max: 212357.64
594,595c594,595
< min: 181996.56
< max: 212357.52
---
> min: 181996.55
> max: 212357.64
598,599c598,599
< min: 186029.79
< max: 212357.52
---
> min: 186029.78
> max: 212357.64
603c603
< max: 212357.52
---
> max: 212357.64
607c607
< max: 217166.28
---
> max: 217166.41
611c611
< max: 217166.28
---
> max: 217166.41
615c615
< max: 220628.04
---
> max: 220628.17
619c619
< max: 220628.04
---
> max: 220628.17
622,623c622,623
< min: 195916.71
< max: 220628.04
---
> min: 195916.72
> max: 220628.17
626,627c626,627
< min: 195916.71
< max: 221374.80
---
> min: 195916.72
> max: 221374.94
630,631c630,631
< min: 195916.71
< max: 225597.56
---
> min: 195916.72
> max: 225597.70
634,635c634,635
< min: 198643.94
< max: 225597.56
---
> min: 198643.95
> max: 225597.70
638,639c638,639
< min: 202188.17
< max: 225597.56
---
> min: 202188.19
> max: 225597.70
642,643c642,643
< min: 206055.40
< max: 225597.56
---
> min: 206055.42
> max: 225597.70
646,647c646,647
< min: 206055.40
< max: 227649.32
---
> min: 206055.42
> max: 227649.47
650,651c650,651
< min: 206055.40
< max: 230561.08
---
> min: 206055.42
> max: 230561.23
654,655c654,655
< min: 206055.40
< max: 231051.84
---
> min: 206055.42
> max: 231052.00
658,659c658,659
< min: 206055.40
< max: 232944.60
---
> min: 206055.42
> max: 232944.77
662,663c662,663
< min: 206055.40
< max: 232998.36
---
> min: 206055.42
> max: 232998.53
666,667c666,667
< min: 206055.40
< max: 237792.12
---
> min: 206055.42
> max: 237792.30
670,671c670,671
< min: 210907.63
< max: 237792.12
---
> min: 210907.66
> max: 237792.30
674,675c674,675
< min: 210907.63
< max: 237844.88
---
> min: 210907.66
> max: 237845.06
678,679c678,679
< min: 210907.63
< max: 239864.64
---
> min: 210907.66
> max: 239864.83
682,683c682,683
< min: 215064.86
< max: 239864.64
---
> min: 215064.89
> max: 239864.83
686,687c686,687
< min: 215064.86
< max: 244745.40
---
> min: 215064.89
> max: 244745.59
690,691c690,691
< min: 215064.86
< max: 248157.16
---
> min: 215064.89
> max: 248157.36
694,695c694,695
< min: 215064.86
< max: 248599.92
---
> min: 215064.89
> max: 248600.12
698,699c698,699
< min: 216038.09
< max: 248599.92
---
> min: 216038.12
> max: 248600.12
702,703c702,703
< min: 216038.09
< max: 249551.68
---
> min: 216038.12
> max: 249551.89
706,707c706,707
< min: 218862.32
< max: 249551.68
---
> min: 218862.36
> max: 249551.89
710,711c710,711
< min: 218862.32
< max: 254312.44
---
> min: 218862.36
> max: 254312.66
714,715c714,715
< min: 218862.32
< max: 256094.20
---
> min: 218862.36
> max: 256094.42
718,719c718,719
< min: 220968.55
< max: 256094.20
---
> min: 220968.59
> max: 256094.42
722,723c722,723
< min: 225256.78
< max: 256094.20
---
> min: 225256.83
> max: 256094.42
726,727c726,727
< min: 225256.78
< max: 256734.96
---
> min: 225256.83
> max: 256735.19
730,731c730,731
< min: 225256.78
< max: 260774.72
---
> min: 225256.83
> max: 260774.95
734,735c734,735
< min: 225256.78
< max: 264442.48
---
> min: 225256.83
> max: 264442.72
738,739c738,739
< min: 226169.01
< max: 264442.48
---
> min: 226169.06
> max: 264442.72
742,743c742,743
< min: 226169.01
< max: 266901.24
---
> min: 226169.06
> max: 266901.47
746,747c746,747
< min: 228628.24
< max: 266901.24
---
> min: 228628.30
> max: 266901.47
750,751c750,751
< min: 228628.24
< max: 268072.00
---
> min: 228628.30
> max: 268072.22
754,755c754,755
< min: 228628.24
< max: 269737.76
---
> min: 228628.30
> max: 269737.97
758,759c758,759
< min: 232478.47
< max: 269737.76
---
> min: 232478.53
> max: 269737.97
762,763c762,763
< min: 233515.70
< max: 269737.76
---
> min: 233515.77
> max: 269737.97
766,767c766,767
< min: 234380.93
< max: 269737.76
---
> min: 234381.00
> max: 269737.97
770,771c770,771
< min: 234380.93
< max: 272923.52
---
> min: 234381.00
> max: 272923.72
774,775c774,775
< min: 237522.16
< max: 272923.52
---
> min: 237522.23
> max: 272923.72
778,779c778,779
< min: 237522.16
< max: 273885.28
---
> min: 237522.23
> max: 273885.47
782,783c782,783
< min: 237522.16
< max: 273948.04
---
> min: 237522.23
> max: 273948.22
786,787c786,787
< min: 237522.16
< max: 275845.80
---
> min: 237522.23
> max: 275845.97
790,791c790,791
< min: 237522.16
< max: 276586.56
---
> min: 237522.23
> max: 276586.72
794,795c794,795
< min: 240975.39
< max: 276586.56
---
> min: 240975.47
> max: 276586.72
798,799c798,799
< min: 240975.39
< max: 279873.32
---
> min: 240975.47
> max: 279873.47
802,803c802,803
< min: 240975.39
< max: 283970.08
---
> min: 240975.47
> max: 283970.22
806,807c806,807
< min: 240975.39
< max: 287695.84
---
> min: 240975.47
> max: 287695.97
810,811c810,811
< min: 241470.62
< max: 287695.84
---
> min: 241470.70
> max: 287695.97
814,815c814,815
< min: 241470.62
< max: 290188.60
---
> min: 241470.70
> max: 290188.72
818,819c818,819
< min: 242317.85
< max: 290188.60
---
> min: 242317.94
> max: 290188.72
822,823c822,823
< min: 242317.85
< max: 293704.36
---
> min: 242317.94
> max: 293704.47
826,827c826,827
< min: 242317.85
< max: 298485.12
---
> min: 242317.94
> max: 298485.22
830,831c830,831
< min: 244652.08
< max: 298485.12
---
> min: 244652.17
> max: 298485.22
834,835c834,835
< min: 244652.08
< max: 301746.88
---
> min: 244652.17
> max: 301746.97
838,839c838,839
< min: 244652.08
< max: 303294.64
---
> min: 244652.17
> max: 303294.72
842,843c842,843
< min: 247756.31
< max: 303294.64
---
> min: 247756.41
> max: 303294.72
846,847c846,847
< min: 247756.31
< max: 303604.40
---
> min: 247756.41
> max: 303604.47
850,851c850,851
< min: 250583.54
< max: 303604.40
---
> min: 250583.64
> max: 303604.47
854,855c854,855
< min: 250583.54
< max: 305876.16
---
> min: 250583.64
> max: 305876.22
858,859c858,859
< min: 251620.77
< max: 305876.16
---
> min: 251620.88
> max: 305876.22
862,863c862,863
< min: 254024.00
< max: 305876.16
---
> min: 254024.11
> max: 305876.22
866,867c866,867
< min: 254308.23
< max: 305876.16
---
> min: 254308.34
> max: 305876.22
870,871c870,871
< min: 256468.46
< max: 305876.16
---
> min: 256468.58
> max: 305876.22
874,875c874,875
< min: 256468.46
< max: 309628.92
---
> min: 256468.58
> max: 309628.97
878,879c878,879
< min: 256468.46
< max: 312346.68
---
> min: 256468.58
> max: 312346.72
882,883c882,883
< min: 257494.69
< max: 312346.68
---
> min: 257494.81
> max: 312346.72
886,887c886,887
< min: 259794.92
< max: 312346.68
---
> min: 259795.05
> max: 312346.72
890,891c890,891
< min: 262957.15
< max: 312346.68
---
> min: 262957.28
> max: 312346.72
894,895c894,895
< min: 262957.15
< max: 315842.44
---
> min: 262957.28
> max: 315842.47
898,899c898,899
< min: 267061.38
< max: 315842.44
---
> min: 267061.50
> max: 315842.47
902,903c902,903
< min: 267061.38
< max: 318626.20
---
> min: 267061.50
> max: 318626.22
906,907c906,907
< min: 267061.38
< max: 323520.96
---
> min: 267061.50
> max: 323520.97
910c910
< min: 267061.38
---
> min: 267061.50
914c914
< min: 268552.61
---
> min: 268552.72
918c918
< min: 272126.84
---
> min: 272126.94
922,923c922,923
< min: 272126.84
< max: 327347.48
---
> min: 272126.94
> max: 327347.47
926,927c926,927
< min: 272126.84
< max: 331289.24
---
> min: 272126.94
> max: 331289.22
930,931c930,931
< min: 272126.84
< max: 332778.00
---
> min: 272126.94
> max: 332777.97
934,935c934,935
< min: 276589.07
< max: 332778.00
---
> min: 276589.16
> max: 332777.97
938,939c938,939
< min: 278818.30
< max: 332778.00
---
> min: 278818.38
> max: 332777.97
942,943c942,943
< min: 283192.53
< max: 332778.00
---
> min: 283192.59
> max: 332777.97
946,947c946,947
< min: 283192.53
< max: 333168.76
---
> min: 283192.59
> max: 333168.72
950,951c950,951
< min: 285655.76
< max: 333168.76
---
> min: 285655.81
> max: 333168.72
954,955c954,955
< min: 285655.76
< max: 337796.52
---
> min: 285655.81
> max: 337796.47
958,959c958,959
< min: 287018.99
< max: 337796.52
---
> min: 287019.03
> max: 337796.47
962,963c962,963
< min: 287018.99
< max: 341865.28
---
> min: 287019.03
> max: 341865.22
966,967c966,967
< min: 287018.99
< max: 344726.04
---
> min: 287019.03
> max: 344725.97
970,971c970,971
< min: 287018.99
< max: 348656.80
---
> min: 287019.03
> max: 348656.72
974,975c974,975
< min: 287018.99
< max: 351234.56
---
> min: 287019.03
> max: 351234.47
978,979c978,979
< min: 287018.99
< max: 351351.32
---
> min: 287019.03
> max: 351351.22
982,983c982,983
< min: 289141.22
< max: 351351.32
---
> min: 289141.25
> max: 351351.22
986,987c986,987
< min: 293981.45
< max: 351351.32
---
> min: 293981.47
> max: 351351.22
990,991c990,991
< min: 293981.45
< max: 356168.08
---
> min: 293981.47
> max: 356167.97
994,995c994,995
< min: 293981.45
< max: 356869.84
---
> min: 293981.47
> max: 356869.72
998,999c998,999
< min: 293981.45
< max: 357118.60
---
> min: 293981.47
> max: 357118.47
1002,1003c1002,1003
< min: 293981.45
< max: 359638.36
---
> min: 293981.47
> max: 359638.22
1006,1007c1006,1007
< min: 293981.45
< max: 360650.12
---
> min: 293981.47
> max: 360649.97
1010,1011c1010,1011
< min: 294696.68
< max: 360650.12
---
> min: 294696.69
> max: 360649.97
1014,1015c1014,1015
< min: 294696.68
< max: 361343.88
---
> min: 294696.69
> max: 361343.72
1019c1019
< max: 361343.88
---
> max: 361343.72
1023c1023
< max: 361508.64
---
> max: 361508.47
1026,1027c1026,1027
< min: 296743.14
< max: 361508.64
---
> min: 296743.12
> max: 361508.47
1030,1031c1030,1031
< min: 297372.37
< max: 361508.64
---
> min: 297372.34
> max: 361508.47
1034,1035c1034,1035
< min: 297372.37
< max: 365787.40
---
> min: 297372.34
> max: 365787.22
1038,1039c1038,1039
< min: 299064.60
< max: 365787.40
---
> min: 299064.56
> max: 365787.22
1042,1043c1042,1043
< min: 301930.83
< max: 365787.40
---
> min: 301930.78
> max: 365787.22
1046,1047c1046,1047
< min: 301930.83
< max: 366100.16
---
> min: 301930.78
> max: 366099.97
1050,1051c1050,1051
< min: 304697.06
< max: 366100.16
---
> min: 304697.00
> max: 366099.97
1054,1055c1054,1055
< min: 304697.06
< max: 369706.92
---
> min: 304697.00
> max: 369706.72
1058,1059c1058,1059
< min: 307510.29
< max: 369706.92
---
> min: 307510.22
> max: 369706.72
1062,1063c1062,1063
< min: 307520.52
< max: 369706.92
---
> min: 307520.44
> max: 369706.72
1066,1067c1066,1067
< min: 307520.52
< max: 370275.68
---
> min: 307520.44
> max: 370275.47
1070,1071c1070,1071
< min: 307520.52
< max: 372837.44
---
> min: 307520.44
> max: 372837.22
1074,1075c1074,1075
< min: 307520.52
< max: 375348.20
---
> min: 307520.44
> max: 375347.97
1078,1079c1078,1079
< min: 307520.52
< max: 375529.96
---
> min: 307520.44
> max: 375529.72
1082,1083c1082,1083
< min: 311337.75
< max: 375529.96
---
> min: 311337.66
> max: 375529.72
1086,1087c1086,1087
< min: 313421.98
< max: 375529.96
---
> min: 313421.88
> max: 375529.72
1090,1091c1090,1091
< min: 315395.21
< max: 375529.96
---
> min: 315395.09
> max: 375529.72
1094,1095c1094,1095
< min: 315395.21
< max: 376980.72
---
> min: 315395.09
> max: 376980.47
1098,1099c1098,1099
< min: 319917.44
< max: 376980.72
---
> min: 319917.31
> max: 376980.47
1102,1103c1102,1103
< min: 320437.67
< max: 376980.72
---
> min: 320437.53
> max: 376980.47
1106,1107c1106,1107
< min: 320437.67
< max: 381293.48
---
> min: 320437.53
> max: 381293.22
1110,1111c1110,1111
< min: 320437.67
< max: 383267.24
---
> min: 320437.53
> max: 383266.97
1114,1115c1114,1115
< min: 321155.90
< max: 383267.24
---
> min: 321155.75
> max: 383266.97
1118,1119c1118,1119
< min: 324804.13
< max: 383267.24
---
> min: 324803.97
> max: 383266.97
1122,1123c1122,1123
< min: 327597.36
< max: 383267.24
---
> min: 327597.19
> max: 383266.97
1126,1127c1126,1127
< min: 327597.36
< max: 386405.00
---
> min: 327597.19
> max: 386404.72
1130,1131c1130,1131
< min: 327597.36
< max: 388752.76
---
> min: 327597.19
> max: 388752.47
1134,1135c1134,1135
< min: 329768.59
< max: 388752.76
---
> min: 329768.41
> max: 388752.47
1138,1139c1138,1139
< min: 330952.82
< max: 388752.76
---
> min: 330952.62
> max: 388752.47
1142,1143c1142,1143
< min: 334128.05
< max: 388752.76
---
> min: 334127.84
> max: 388752.47
1146,1147c1146,1147
< min: 334128.05
< max: 391730.52
---
> min: 334127.84
> max: 391730.22
1150,1151c1150,1151
< min: 334128.05
< max: 393992.28
---
> min: 334127.84
> max: 393991.97
1154,1155c1154,1155
< min: 334128.05
< max: 395172.04
---
> min: 334127.84
> max: 395171.72
1158,1159c1158,1159
< min: 334128.05
< max: 397413.80
---
> min: 334127.84
> max: 397413.47
1162,1163c1162,1163
< min: 334128.05
< max: 399319.56
---
> min: 334127.84
> max: 399319.22
1166,1167c1166,1167
< min: 334478.28
< max: 399319.56
---
> min: 334478.06
> max: 399319.22
1170,1171c1170,1171
< min: 334478.28
< max: 403210.32
---
> min: 334478.06
> max: 403209.97
1174,1175c1174,1175
< min: 334478.28
< max: 407335.08
---
> min: 334478.06
> max: 407334.72
1178,1179c1178,1179
< min: 336237.51
< max: 407335.08
---
> min: 336237.28
> max: 407334.72
1182,1183c1182,1183
< min: 336237.51
< max: 409748.84
---
> min: 336237.28
> max: 409748.47
1186,1187c1186,1187
< min: 337138.74
< max: 409748.84
---
> min: 337138.50
> max: 409748.47
1190,1191c1190,1191
< min: 337138.74
< max: 413543.60
---
> min: 337138.50
> max: 413543.22
1194,1195c1194,1195
< min: 337177.97
< max: 413543.60
---
> min: 337177.72
> max: 413543.22
1198,1199c1198,1199
< min: 337177.97
< max: 416489.36
---
> min: 337177.72
> max: 416488.97
1202,1203c1202,1203
< min: 341865.20
< max: 416489.36
---
> min: 341864.94
> max: 416488.97
1206,1207c1206,1207
< min: 344385.43
< max: 416489.36
---
> min: 344385.16
> max: 416488.97
1210,1211c1210,1211
< min: 348539.66
< max: 416489.36
---
> min: 348539.38
> max: 416488.97
1214,1215c1214,1215
< min: 348539.66
< max: 421165.12
---
> min: 348539.38
> max: 421164.72
1218,1219c1218,1219
< min: 348539.66
< max: 421431.88
---
> min: 348539.38
> max: 421431.47
1222,1223c1222,1223
< min: 352231.89
< max: 421431.88
---
> min: 352231.59
> max: 421431.47
1226,1227c1226,1227
< min: 353092.12
< max: 421431.88
---
> min: 353091.81
> max: 421431.47
1230,1231c1230,1231
< min: 353527.35
< max: 421431.88
---
> min: 353527.03
> max: 421431.47
1234,1235c1234,1235
< min: 353527.35
< max: 424698.64
---
> min: 353527.03
> max: 424698.22
1238,1239c1238,1239
< min: 353769.58
< max: 424698.64
---
> min: 353769.25
> max: 424698.22
1242,1243c1242,1243
< min: 356516.81
< max: 424698.64
---
> min: 356516.47
> max: 424698.22
1246,1247c1246,1247
< min: 356516.81
< max: 426508.40
---
> min: 356516.47
> max: 426507.97
1250,1251c1250,1251
< min: 358637.04
< max: 426508.40
---
> min: 358636.69
> max: 426507.97
1254,1255c1254,1255
< min: 358637.04
< max: 431093.16
---
> min: 358636.69
> max: 431092.72
1258,1259c1258,1259
< min: 358637.04
< max: 435715.92
---
> min: 358636.69
> max: 435715.47
1262,1263c1262,1263
< min: 360605.27
< max: 435715.92
---
> min: 360604.91
> max: 435715.47
1266,1267c1266,1267
< min: 360605.27
< max: 438461.68
---
> min: 360604.91
> max: 438461.22
1270,1271c1270,1271
< min: 361667.50
< max: 438461.68
---
> min: 361667.12
> max: 438461.22
1274,1275c1274,1275
< min: 361667.50
< max: 440092.44
---
> min: 361667.12
> max: 440091.97
1278,1279c1278,1279
< min: 366404.73
< max: 440092.44
---
> min: 366404.34
> max: 440091.97
1282,1283c1282,1283
< min: 366404.73
< max: 442608.20
---
> min: 366404.34
> max: 442607.72
1286,1287c1286,1287
< min: 367883.96
< max: 442608.20
---
> min: 367883.56
> max: 442607.72
1290,1291c1290,1291
< min: 367987.19
< max: 442608.20
---
> min: 367986.78
> max: 442607.72
1294,1295c1294,1295
< min: 370244.42
< max: 442608.20
---
> min: 370244.00
> max: 442607.72
1298,1299c1298,1299
< min: 372614.65
< max: 442608.20
---
> min: 372614.22
> max: 442607.72
1302,1303c1302,1303
< min: 373139.88
< max: 442608.20
---
> min: 373139.44
> max: 442607.72
1306,1307c1306,1307
< min: 377999.11
< max: 442608.20
---
> min: 377998.66
> max: 442607.72
1310,1311c1310,1311
< min: 379934.34
< max: 442608.20
---
> min: 379933.88
> max: 442607.72
1314,1315c1314,1315
< min: 379934.34
< max: 447213.96
---
> min: 379933.88
> max: 447213.47
1318,1319c1318,1319
< min: 383496.57
< max: 447213.96
---
> min: 383496.09
> max: 447213.47
1322,1323c1322,1323
< min: 387501.80
< max: 447213.96
---
> min: 387501.31
> max: 447213.47
1326,1327c1326,1327
< min: 387501.80
< max: 452116.72
---
> min: 387501.31
> max: 452116.22
1330,1331c1330,1331
< min: 392247.03
< max: 452116.72
---
> min: 392246.53
> max: 452116.22
1334,1335c1334,1335
< min: 395422.26
< max: 452116.72
---
> min: 395421.75
> max: 452116.22
1338,1339c1338,1339
< min: 395422.26
< max: 453031.48
---
> min: 395421.75
> max: 453030.97
1342,1343c1342,1343
< min: 395422.26
< max: 453537.24
---
> min: 395421.75
> max: 453536.72
1346,1347c1346,1347
< min: 397304.49
< max: 453537.24
---
> min: 397303.97
> max: 453536.72
1350,1351c1350,1351
< min: 397304.49
< max: 454928.00
---
> min: 397303.97
> max: 454927.47
1354,1355c1354,1355
< min: 397304.49
< max: 456334.76
---
> min: 397303.97
> max: 456334.22
1358,1359c1358,1359
< min: 397304.49
< max: 459055.52
---
> min: 397303.97
> max: 459054.97
1362,1363c1362,1363
< min: 401170.72
< max: 459055.52
---
> min: 401170.19
> max: 459054.97
1366,1367c1366,1367
< min: 401170.72
< max: 462699.28
---
> min: 401170.19
> max: 462698.72
1370,1371c1370,1371
< min: 405303.95
< max: 462699.28
---
> min: 405303.41
> max: 462698.72
1374,1375c1374,1375
< min: 409954.18
< max: 462699.28
---
> min: 409953.62
> max: 462698.72
1378,1379c1378,1379
< min: 409954.18
< max: 465913.04
---
> min: 409953.62
> max: 465912.47
1382,1383c1382,1383
< min: 409954.18
< max: 467739.80
---
> min: 409953.62
> max: 467739.22
1386,1387c1386,1387
< min: 411587.41
< max: 467739.80
---
> min: 411586.84
> max: 467739.22
1390,1391c1390,1391
< min: 411587.41
< max: 468683.56
---
> min: 411586.84
> max: 468682.97
1394,1395c1394,1395
< min: 415838.64
< max: 468683.56
---
> min: 415838.06
> max: 468682.97
1398,1399c1398,1399
< min: 415838.64
< max: 470017.32
---
> min: 415838.06
> max: 470016.72
1402,1403c1402,1403
< min: 418295.87
< max: 470017.32
---
> min: 418295.28
> max: 470016.72
1406,1407c1406,1407
< min: 418695.10
< max: 470017.32
---
> min: 418694.50
> max: 470016.72
1410,1411c1410,1411
< min: 418695.10
< max: 474856.08
---
> min: 418694.50
> max: 474855.47
1414,1415c1414,1415
< min: 418695.10
< max: 477280.84
---
> min: 418694.50
> max: 477280.22
1418,1419c1418,1419
< min: 418695.10
< max: 479608.60
---
> min: 418694.50
> max: 479607.97
1422,1423c1422,1423
< min: 421241.33
< max: 479608.60
---
> min: 421240.72
> max: 479607.97
1426,1427c1426,1427
< min: 424357.56
< max: 479608.60
---
> min: 424356.94
> max: 479607.97
1430,1431c1430,1431
< min: 425552.79
< max: 479608.60
---
> min: 425552.16
> max: 479607.97
1434,1435c1434,1435
< min: 428698.02
< max: 479608.60
---
> min: 428697.38
> max: 479607.97
1438,1439c1438,1439
< min: 432224.25
< max: 479608.60
---
> min: 432223.59
> max: 479607.97
1442,1443c1442,1443
< min: 435644.48
< max: 479608.60
---
> min: 435643.81
> max: 479607.97
1446,1447c1446,1447
< min: 437809.71
< max: 479608.60
---
> min: 437809.03
> max: 479607.97
1450,1451c1450,1451
< min: 437809.71
< max: 482321.36
---
> min: 437809.03
> max: 482320.72
1454,1455c1454,1455
< min: 440990.94
< max: 482321.36
---
> min: 440990.25
> max: 482320.72
1458,1459c1458,1459
< min: 441347.17
< max: 482321.36
---
> min: 441346.47
> max: 482320.72
1462,1463c1462,1463
< min: 442735.40
< max: 482321.36
---
> min: 442734.69
> max: 482320.72
1466,1467c1466,1467
< min: 442735.40
< max: 484630.12
---
> min: 442734.69
> max: 484629.47
1470,1471c1470,1471
< min: 443637.63
< max: 484630.12
---
> min: 443636.91
> max: 484629.47
1474,1475c1474,1475
< min: 443637.63
< max: 489616.88
---
> min: 443636.91
> max: 489616.22
1478,1479c1478,1479
< min: 444936.86
< max: 489616.88
---
> min: 444936.12
> max: 489616.22
1482,1483c1482,1483
< min: 448134.09
< max: 489616.88
---
> min: 448133.34
> max: 489616.22
1486,1487c1486,1487
< min: 448134.09
< max: 492073.64
---
> min: 448133.34
> max: 492072.97
1490,1491c1490,1491
< min: 450805.32
< max: 492073.64
---
> min: 450804.56
> max: 492072.97
1494,1495c1494,1495
< min: 450805.32
< max: 496080.40
---
> min: 450804.56
> max: 496079.72
1498,1499c1498,1499
< min: 450805.32
< max: 498872.16
---
> min: 450804.56
> max: 498871.47
1502,1503c1502,1503
< min: 450805.32
< max: 500750.92
---
> min: 450804.56
> max: 500750.22
1506,1507c1506,1507
< min: 450805.32
< max: 501568.68
---
> min: 450804.56
> max: 501567.97
1510,1511c1510,1511
< min: 450805.32
< max: 504063.44
---
> min: 450804.56
> max: 504062.72
1514,1515c1514,1515
< min: 450805.32
< max: 508223.20
---
> min: 450804.56
> max: 508222.47
1518,1519c1518,1519
< min: 452902.55
< max: 508223.20
---
> min: 452901.78
> max: 508222.47
1522,1523c1522,1523
< min: 454089.78
< max: 508223.20
---
> min: 454089.00
> max: 508222.47
1526,1527c1526,1527
< min: 457403.01
< max: 508223.20
---
> min: 457402.22
> max: 508222.47
1530,1531c1530,1531
< min: 457403.01
< max: 510710.96
---
> min: 457402.22
> max: 510710.22
1534,1535c1534,1535
< min: 457403.01
< max: 515698.72
---
> min: 457402.22
> max: 515697.97
1538,1539c1538,1539
< min: 457403.01
< max: 516146.48
---
> min: 457402.22
> max: 516145.72
1542,1543c1542,1543
< min: 461251.24
< max: 516146.48
---
> min: 461250.44
> max: 516145.72
1546,1547c1546,1547
< min: 461251.24
< max: 519924.24
---
> min: 461250.44
> max: 519923.47
1550,1551c1550,1551
< min: 461251.24
< max: 522240.00
---
> min: 461250.44
> max: 522239.22
1554,1555c1554,1555
< min: 464958.47
< max: 522240.00
---
> min: 464957.66
> max: 522239.22
1558,1559c1558,1559
< min: 469340.70
< max: 522240.00
---
> min: 469339.88
> max: 522239.22
1562,1563c1562,1563
< min: 469340.70
< max: 522365.76
---
> min: 469339.88
> max: 522364.97
1566,1567c1566,1567
< min: 471483.93
< max: 522365.76
---
> min: 471483.09
> max: 522364.97
1570,1571c1570,1571
< min: 473047.16
< max: 522365.76
---
> min: 473046.31
> max: 522364.97
1574,1575c1574,1575
< min: 475224.39
< max: 522365.76
---
> min: 475223.53
> max: 522364.97
1578,1579c1578,1579
< min: 475564.62
< max: 522365.76
---
> min: 475563.75
> max: 522364.97
1582,1583c1582,1583
< min: 476147.85
< max: 522365.76
---
> min: 476146.97
> max: 522364.97
1586,1587c1586,1587
< min: 478377.08
< max: 522365.76
---
> min: 478376.19
> max: 522364.97
1590,1591c1590,1591
< min: 478377.08
< max: 525671.52
---
> min: 478376.19
> max: 525670.75
1594,1595c1594,1595
< min: 478377.08
< max: 529171.28
---
> min: 478376.19
> max: 529170.50
1598,1599c1598,1599
< min: 478377.08
< max: 533266.04
---
> min: 478376.19
> max: 533265.25
1602,1603c1602,1603
< min: 478377.08
< max: 536608.80
---
> min: 478376.19
> max: 536608.00
1606,1607c1606,1607
< min: 478377.08
< max: 538247.56
---
> min: 478376.19
> max: 538246.75
1610,1611c1610,1611
< min: 480489.31
< max: 538247.56
---
> min: 480488.41
> max: 538246.75
1614,1615c1614,1615
< min: 484833.54
< max: 538247.56
---
> min: 484832.62
> max: 538246.75
1618,1619c1618,1619
< min: 484833.54
< max: 538877.32
---
> min: 484832.62
> max: 538876.50
1622,1623c1622,1623
< min: 489169.77
< max: 538877.32
---
> min: 489168.84
> max: 538876.50
1626,1627c1626,1627
< min: 490298.00
< max: 538877.32
---
> min: 490297.06
> max: 538876.50
1630,1631c1630,1631
< min: 493866.23
< max: 538877.32
---
> min: 493865.28
> max: 538876.50
1634,1635c1634,1635
< min: 494371.46
< max: 538877.32
---
> min: 494370.50
> max: 538876.50
1638,1639c1638,1639
< min: 494371.46
< max: 543245.08
---
> min: 494370.50
> max: 543244.25
1642,1643c1642,1643
< min: 495052.69
< max: 543245.08
---
> min: 495051.72
> max: 543244.25
1646,1647c1646,1647
< min: 495408.92
< max: 543245.08
---
> min: 495407.94
> max: 543244.25
1650,1651c1650,1651
< min: 495408.92
< max: 545635.84
---
> min: 495407.94
> max: 545635.00
1654,1655c1654,1655
< min: 495408.92
< max: 548778.60
---
> min: 495407.94
> max: 548777.75
1658,1659c1658,1659
< min: 495792.15
< max: 548778.60
---
> min: 495791.16
> max: 548777.75
1662,1663c1662,1663
< min: 497968.38
< max: 548778.60
---
> min: 497967.38
> max: 548777.75
1666,1667c1666,1667
< min: 497968.38
< max: 549409.36
---
> min: 497967.38
> max: 549408.50
1670,1671c1670,1671
< min: 499589.61
< max: 549409.36
---
> min: 499588.59
> max: 549408.50
1674,1675c1674,1675
< min: 499589.61
< max: 550885.12
---
> min: 499588.59
> max: 550884.25
1678,1679c1678,1679
< min: 499589.61
< max: 552793.88
---
> min: 499588.59
> max: 552793.00
1682,1683c1682,1683
< min: 500608.84
< max: 552793.88
---
> min: 500607.81
> max: 552793.00
1686,1687c1686,1687
< min: 504022.07
< max: 552793.88
---
> min: 504021.03
> max: 552793.00
1690,1691c1690,1691
< min: 504022.07
< max: 553895.64
---
> min: 504021.03
> max: 553894.75
1694,1695c1694,1695
< min: 505268.30
< max: 553895.64
---
> min: 505267.25
> max: 553894.75
1698,1699c1698,1699
< min: 509522.53
< max: 553895.64
---
> min: 509521.47
> max: 553894.75
1702,1703c1702,1703
< min: 513775.76
< max: 553895.64
---
> min: 513774.69
> max: 553894.75
1706,1707c1706,1707
< min: 513775.76
< max: 557051.40
---
> min: 513774.69
> max: 557050.50
1710,1711c1710,1711
< min: 513775.76
< max: 561905.16
---
> min: 513774.69
> max: 561904.25
1714,1715c1714,1715
< min: 513775.76
< max: 562293.92
---
> min: 513774.69
> max: 562293.00
1718,1719c1718,1719
< min: 513775.76
< max: 563933.68
---
> min: 513774.69
> max: 563932.75
1722,1723c1722,1723
< min: 513775.76
< max: 564218.44
---
> min: 513774.69
> max: 564217.50
1726,1727c1726,1727
< min: 515059.99
< max: 564218.44
---
> min: 515058.91
> max: 564217.50
1730,1731c1730,1731
< min: 516797.22
< max: 564218.44
---
> min: 516796.12
> max: 564217.50
1734,1735c1734,1735
< min: 516797.22
< max: 567375.20
---
> min: 516796.12
> max: 567374.25
1738,1739c1738,1739
< min: 521089.45
< max: 567375.20
---
> min: 521088.34
> max: 567374.25
1742,1743c1742,1743
< min: 521089.45
< max: 567604.96
---
> min: 521088.34
> max: 567604.00
1746,1747c1746,1747
< min: 521089.45
< max: 567762.72
---
> min: 521088.34
> max: 567761.75
1750,1751c1750,1751
< min: 521525.68
< max: 567762.72
---
> min: 521524.56
> max: 567761.75
1754,1755c1754,1755
< min: 521525.68
< max: 569408.48
---
> min: 521524.56
> max: 569407.50
1758,1759c1758,1759
< min: 521525.68
< max: 574045.24
---
> min: 521524.56
> max: 574044.25
1762,1763c1762,1763
< min: 526257.91
< max: 574045.24
---
> min: 526256.81
> max: 574044.25
1766,1767c1766,1767
< min: 526257.91
< max: 576347.00
---
> min: 526256.81
> max: 576346.00
1770,1771c1770,1771
< min: 530640.14
< max: 576347.00
---
> min: 530639.06
> max: 576346.00
1774,1775c1774,1775
< min: 530640.14
< max: 578990.76
---
> min: 530639.06
> max: 578989.75
1778,1779c1778,1779
< min: 533859.37
< max: 578990.76
---
> min: 533858.31
> max: 578989.75
1782,1783c1782,1783
< min: 533859.37
< max: 579209.52
---
> min: 533858.31
> max: 579208.50
1786,1787c1786,1787
< min: 538407.60
< max: 579209.52
---
> min: 538406.56
> max: 579208.50
1790,1791c1790,1791
< min: 538407.60
< max: 581606.28
---
> min: 538406.56
> max: 581605.25
1794,1795c1794,1795
< min: 538473.83
< max: 581606.28
---
> min: 538472.81
> max: 581605.25
1798,1799c1798,1799
< min: 540210.06
< max: 581606.28
---
> min: 540209.06
> max: 581605.25
1802,1803c1802,1803
< min: 544568.29
< max: 581606.28
---
> min: 544567.31
> max: 581605.25
1806,1807c1806,1807
< min: 544568.29
< max: 581858.04
---
> min: 544567.31
> max: 581857.00
1810,1811c1810,1811
< min: 548381.52
< max: 581858.04
---
> min: 548380.56
> max: 581857.00
1814,1815c1814,1815
< min: 548381.52
< max: 583585.80
---
> min: 548380.56
> max: 583584.75
1818,1819c1818,1819
< min: 548381.52
< max: 587575.56
---
> min: 548380.56
> max: 587574.50
1822,1823c1822,1823
< min: 551463.75
< max: 587575.56
---
> min: 551462.81
> max: 587574.50
1826,1827c1826,1827
< min: 552652.98
< max: 587575.56
---
> min: 552652.06
> max: 587574.50
1830,1831c1830,1831
< min: 554171.21
< max: 587575.56
---
> min: 554170.31
> max: 587574.50
1834,1835c1834,1835
< min: 554171.21
< max: 590683.32
---
> min: 554170.31
> max: 590682.25
1838,1839c1838,1839
< min: 554171.21
< max: 594867.08
---
> min: 554170.31
> max: 594866.00
1842,1843c1842,1843
< min: 559065.44
< max: 594867.08
---
> min: 559064.56
> max: 594866.00
1846,1847c1846,1847
< min: 560688.67
< max: 594867.08
---
> min: 560687.81
> max: 594866.00
1850,1851c1850,1851
< min: 562804.90
< max: 594867.08
---
> min: 562804.06
> max: 594866.00
1854,1855c1854,1855
< min: 562804.90
< max: 599572.84
---
> min: 562804.06
> max: 599571.75
1858,1859c1858,1859
< min: 566287.13
< max: 599572.84
---
> min: 566286.31
> max: 599571.75
1862,1863c1862,1863
< min: 566287.13
< max: 604501.60
---
> min: 566286.31
> max: 604500.50
1866,1867c1866,1867
< min: 566367.36
< max: 604501.60
---
> min: 566366.56
> max: 604500.50
1870,1871c1870,1871
< min: 566367.36
< max: 606161.36
---
> min: 566366.56
> max: 606160.25
1874,1875c1874,1875
< min: 570538.59
< max: 606161.36
---
> min: 570537.81
> max: 606160.25
1878,1879c1878,1879
< min: 570538.59
< max: 609063.12
---
> min: 570537.81
> max: 609062.00
1882,1883c1882,1883
< min: 572904.82
< max: 609063.12
---
> min: 572904.06
> max: 609062.00
1886,1887c1886,1887
< min: 576823.05
< max: 609063.12
---
> min: 576822.31
> max: 609062.00
1890,1891c1890,1891
< min: 580283.28
< max: 609063.12
---
> min: 580282.56
> max: 609062.00
1894,1895c1894,1895
< min: 582047.51
< max: 609063.12
---
> min: 582046.81
> max: 609062.00
1898,1899c1898,1899
< min: 582047.51
< max: 612772.88
---
> min: 582046.81
> max: 612771.75
1902,1903c1902,1903
< min: 583741.74
< max: 612772.88
---
> min: 583741.06
> max: 612771.75
1906,1907c1906,1907
< min: 583950.97
< max: 612772.88
---
> min: 583950.31
> max: 612771.75
1910,1911c1910,1911
< min: 583950.97
< max: 613270.64
---
> min: 583950.31
> max: 613269.50
1914,1915c1914,1915
< min: 588264.20
< max: 613270.64
---
> min: 588263.56
> max: 613269.50
1918,1919c1918,1919
< min: 588264.20
< max: 617979.40
---
> min: 588263.56
> max: 617978.25
1922,1923c1922,1923
< min: 588264.20
< max: 621725.16
---
> min: 588263.56
> max: 621724.00
1926,1927c1926,1927
< min: 591951.43
< max: 621725.16
---
> min: 591950.81
> max: 621724.00
1930,1931c1930,1931
< min: 592006.66
< max: 621725.16
---
> min: 592006.06
> max: 621724.00
1934,1935c1934,1935
< min: 592006.66
< max: 626642.92
---
> min: 592006.06
> max: 626641.75
1938,1939c1938,1939
< min: 592629.89
< max: 626642.92
---
> min: 592629.31
> max: 626641.75
1942,1943c1942,1943
< min: 597358.12
< max: 626642.92
---
> min: 597357.56
> max: 626641.75
1946,1947c1946,1947
< min: 597358.12
< max: 629814.68
---
> min: 597357.56
> max: 629813.50
1950,1951c1950,1951
< min: 597358.12
< max: 632987.44
---
> min: 597357.56
> max: 632986.25
1954,1955c1954,1955
< min: 598620.35
< max: 632987.44
---
> min: 598619.81
> max: 632986.25
1958,1959c1958,1959
< min: 601004.58
< max: 632987.44
---
> min: 601004.06
> max: 632986.25
1962,1963c1962,1963
< min: 602311.81
< max: 632987.44
---
> min: 602311.31
> max: 632986.25
1966,1967c1966,1967
< min: 603483.04
< max: 632987.44
---
> min: 603482.56
> max: 632986.25
1970,1971c1970,1971
< min: 603483.04
< max: 633964.20
---
> min: 603482.56
> max: 633963.00
1974,1975c1974,1975
< min: 605569.27
< max: 633964.20
---
> min: 605568.81
> max: 633963.00
1978,1979c1978,1979
< min: 605569.27
< max: 638834.96
---
> min: 605568.81
> max: 638833.75
1982,1983c1982,1983
< min: 606738.50
< max: 638834.96
---
> min: 606738.06
> max: 638833.75
1986,1987c1986,1987
< min: 608911.73
< max: 638834.96
---
> min: 608911.31
> max: 638833.75
1990,1991c1990,1991
< min: 612784.96
< max: 638834.96
---
> min: 612784.56
> max: 638833.75
1994,1995c1994,1995
< min: 612784.96
< max: 640662.72
---
> min: 612784.56
> max: 640661.50
1998,1999c1998,1999
< min: 614145.19
< max: 640662.72
---
> min: 614144.81
> max: 640661.50
2002,2003c2002,2003
< min: 614145.19
< max: 641027.48
---
> min: 614144.81
> max: 641026.25
2006,2007c2006,2007
< min: 614145.19
< max: 645473.24
---
> min: 614144.81
> max: 645472.00
2010,2011c2010,2011
< min: 618087.42
< max: 645473.24
---
> min: 618087.06
> max: 645472.00
2014,2015c2014,2015
< min: 618087.42
< max: 647363.00
---
> min: 618087.06
> max: 647361.75
2018,2019c2018,2019
< min: 620421.65
< max: 647363.00
---
> min: 620421.31
> max: 647361.75
2022,2023c2022,2023
< min: 620421.65
< max: 652114.76
---
> min: 620421.31
> max: 652113.50
2026,2027c2026,2027
< min: 625241.88
< max: 652114.76
---
> min: 625241.56
> max: 652113.50
2030,2031c2030,2031
< min: 625241.88
< max: 654555.52
---
> min: 625241.56
> max: 654554.25
2034,2035c2034,2035
< min: 628656.11
< max: 654555.52
---
> min: 628655.81
> max: 654554.25
2038,2039c2038,2039
< min: 628656.11
< max: 656758.28
---
> min: 628655.81
> max: 656757.00
2042,2043c2042,2043
< min: 630170.34
< max: 656758.28
---
> min: 630170.06
> max: 656757.00
2046,2047c2046,2047
< min: 630170.34
< max: 658427.04
---
> min: 630170.06
> max: 658425.75
2050,2051c2050,2051
< min: 630318.57
< max: 658427.04
---
> min: 630318.31
> max: 658425.75
2054,2055c2054,2055
< min: 630318.57
< max: 661842.80
---
> min: 630318.31
> max: 661841.50
2058,2059c2058,2059
< min: 630318.57
< max: 663413.56
---
> min: 630318.31
> max: 663412.25
2062,2063c2062,2063
< min: 630318.57
< max: 667626.32
---
> min: 630318.31
> max: 667625.00
2066,2067c2066,2067
< min: 630318.57
< max: 667650.08
---
> min: 630318.31
> max: 667648.75
2070,2071c2070,2071
< min: 634239.80
< max: 667650.08
---
> min: 634239.56
> max: 667648.75
2074,2075c2074,2075
< min: 635518.03
< max: 667650.08
---
> min: 635517.81
> max: 667648.75
2078,2079c2078,2079
< min: 635518.03
< max: 671395.84
---
> min: 635517.81
> max: 671394.50
2082,2083c2082,2083
< min: 636839.26
< max: 671395.84
---
> min: 636839.06
> max: 671394.50
2086,2087c2086,2087
< min: 636839.26
< max: 673795.60
---
> min: 636839.06
> max: 673794.25
2090,2091c2090,2091
< min: 636839.26
< max: 677706.36
---
> min: 636839.06
> max: 677705.00
2094,2095c2094,2095
< min: 636839.26
< max: 678698.12
---
> min: 636839.06
> max: 678696.75
2098,2099c2098,2099
< min: 636839.26
< max: 680347.88
---
> min: 636839.06
> max: 680346.50
2102,2103c2102,2103
< min: 636839.26
< max: 684113.64
---
> min: 636839.06
> max: 684112.25
2106,2107c2106,2107
< min: 636839.26
< max: 685272.40
---
> min: 636839.06
> max: 685271.00
2110,2111c2110,2111
< min: 636839.26
< max: 686085.16
---
> min: 636839.06
> max: 686083.75
2114,2115c2114,2115
< min: 636839.26
< max: 687313.92
---
> min: 636839.06
> max: 687312.50
2118,2119c2118,2119
< min: 638868.49
< max: 687313.92
---
> min: 638868.31
> max: 687312.50
2122,2123c2122,2123
< min: 638868.49
< max: 691750.68
---
> min: 638868.31
> max: 691749.25
2126,2127c2126,2127
< min: 642289.72
< max: 691750.68
---
> min: 642289.56
> max: 691749.25
2130,2131c2130,2131
< min: 644888.95
< max: 691750.68
---
> min: 644888.81
> max: 691749.25
2134,2135c2134,2135
< min: 644888.95
< max: 693582.44
---
> min: 644888.81
> max: 693581.00
2138,2139c2138,2139
< min: 645084.18
< max: 693582.44
---
> min: 645084.06
> max: 693581.00
2142,2143c2142,2143
< min: 648681.41
< max: 693582.44
---
> min: 648681.31
> max: 693581.00
2146,2147c2146,2147
< min: 648681.41
< max: 695150.20
---
> min: 648681.31
> max: 695148.75
2150,2151c2150,2151
< min: 648712.64
< max: 695150.20
---
> min: 648712.56
> max: 695148.75
2154,2155c2154,2155
< min: 648712.64
< max: 695329.96
---
> min: 648712.56
> max: 695328.50
2158,2159c2158,2159
< min: 649221.87
< max: 695329.96
---
> min: 649221.81
> max: 695328.50
2162,2163c2162,2163
< min: 652066.10
< max: 695329.96
---
> min: 652066.06
> max: 695328.50
2166,2167c2166,2167
< min: 652066.10
< max: 698980.72
---
> min: 652066.06
> max: 698979.25
2170,2171c2170,2171
< min: 655922.33
< max: 698980.72
---
> min: 655922.31
> max: 698979.25
2175c2175
< max: 698980.72
---
> max: 698979.25
2178,2179c2178,2179
< min: 659175.79
< max: 698980.72
---
> min: 659175.81
> max: 698979.25
2182,2183c2182,2183
< min: 660125.02
< max: 698980.72
---
> min: 660125.06
> max: 698979.25
2186,2187c2186,2187
< min: 662584.25
< max: 698980.72
---
> min: 662584.31
> max: 698979.25
2190,2191c2190,2191
< min: 662584.25
< max: 702391.48
---
> min: 662584.31
> max: 702390.00
2194,2195c2194,2195
< min: 662584.25
< max: 702505.24
---
> min: 662584.31
> max: 702503.75
2198,2199c2198,2199
< min: 664984.48
< max: 702505.24
---
> min: 664984.56
> max: 702503.75
2202,2203c2202,2203
< min: 664984.48
< max: 704646.00
---
> min: 664984.56
> max: 704644.50
2206,2207c2206,2207
< min: 664984.48
< max: 704774.76
---
> min: 664984.56
> max: 704773.25
2210,2211c2210,2211
< min: 664984.48
< max: 709758.52
---
> min: 664984.56
> max: 709757.00
2214,2215c2214,2215
< min: 664984.48
< max: 710795.28
---
> min: 664984.56
> max: 710793.75
2218,2219c2218,2219
< min: 664984.48
< max: 713252.04
---
> min: 664984.56
> max: 713250.50
2222,2223c2222,2223
< min: 667014.71
< max: 713252.04
---
> min: 667014.81
> max: 713250.50
2226,2227c2226,2227
< min: 670875.94
< max: 713252.04
---
> min: 670876.06
> max: 713250.50
2230,2231c2230,2231
< min: 672276.17
< max: 713252.04
---
> min: 672276.31
> max: 713250.50
2234,2235c2234,2235
< min: 672276.17
< max: 717018.80
---
> min: 672276.31
> max: 717017.25
2238,2239c2238,2239
< min: 673571.40
< max: 717018.80
---
> min: 673571.56
> max: 717017.25
2242,2243c2242,2243
< min: 675663.63
< max: 717018.80
---
> min: 675663.81
> max: 717017.25
2246,2247c2246,2247
< min: 676123.86
< max: 717018.80
---
> min: 676124.06
> max: 717017.25
2250,2251c2250,2251
< min: 679504.09
< max: 717018.80
---
> min: 679504.31
> max: 717017.25
2254,2255c2254,2255
< min: 682859.32
< max: 717018.80
---
> min: 682859.56
> max: 717017.25
2258,2259c2258,2259
< min: 686503.55
< max: 717018.80
---
> min: 686503.81
> max: 717017.25
2262,2263c2262,2263
< min: 686503.55
< max: 718427.56
---
> min: 686503.81
> max: 718426.00
2266,2267c2266,2267
< min: 688470.78
< max: 718427.56
---
> min: 688471.06
> max: 718426.00
2270,2271c2270,2271
< min: 689210.01
< max: 718427.56
---
> min: 689210.31
> max: 718426.00
2274,2275c2274,2275
< min: 692848.24
< max: 718427.56
---
> min: 692848.56
> max: 718426.00
2278,2279c2278,2279
< min: 693299.47
< max: 718427.56
---
> min: 693299.81
> max: 718426.00
2282,2283c2282,2283
< min: 693299.47
< max: 722163.32
---
> min: 693299.81
> max: 722161.75
2286,2287c2286,2287
< min: 693299.47
< max: 727017.08
---
> min: 693299.81
> max: 727015.50
2290,2291c2290,2291
< min: 693299.47
< max: 731552.84
---
> min: 693299.81
> max: 731551.25
2294,2295c2294,2295
< min: 693299.47
< max: 736416.60
---
> min: 693299.81
> max: 736415.00
2298,2299c2298,2299
< min: 695117.70
< max: 736416.60
---
> min: 695118.06
> max: 736415.00
2302,2303c2302,2303
< min: 697194.93
< max: 736416.60
---
> min: 697195.31
> max: 736415.00
2306,2307c2306,2307
< min: 698296.16
< max: 736416.60
---
> min: 698296.56
> max: 736415.00
2310,2311c2310,2311
< min: 701237.39
< max: 736416.60
---
> min: 701237.81
> max: 736415.00
2314,2315c2314,2315
< min: 701237.39
< max: 739086.36
---
> min: 701237.81
> max: 739084.75
2318,2319c2318,2319
< min: 701237.39
< max: 739435.12
---
> min: 701237.81
> max: 739433.50
2322,2323c2322,2323
< min: 701594.62
< max: 739435.12
---
> min: 701595.06
> max: 739433.50
2326,2327c2326,2327
< min: 701798.85
< max: 739435.12
---
> min: 701799.31
> max: 739433.50
2330,2331c2330,2331
< min: 701798.85
< max: 741248.88
---
> min: 701799.31
> max: 741247.25
2334,2335c2334,2335
< min: 705836.08
< max: 741248.88
---
> min: 705836.56
> max: 741247.25
2338,2339c2338,2339
< min: 705836.08
< max: 743417.64
---
> min: 705836.56
> max: 743416.00
2342,2343c2342,2343
< min: 710229.31
< max: 743417.64
---
> min: 710229.81
> max: 743416.00
2346,2347c2346,2347
< min: 711312.54
< max: 743417.64
---
> min: 711313.06
> max: 743416.00
2350,2351c2350,2351
< min: 711668.77
< max: 743417.64
---
> min: 711669.31
> max: 743416.00
2354,2355c2354,2355
< min: 716126.00
< max: 743417.64
---
> min: 716126.56
> max: 743416.00
2358,2359c2358,2359
< min: 716126.00
< max: 747437.40
---
> min: 716126.56
> max: 747435.75
2362,2363c2362,2363
< min: 716126.00
< max: 750770.16
---
> min: 716126.56
> max: 750768.50
2366,2367c2366,2367
< min: 717691.23
< max: 750770.16
---
> min: 717691.81
> max: 750768.50
2370,2371c2370,2371
< min: 719146.46
< max: 750770.16
---
> min: 719147.06
> max: 750768.50
2374,2375c2374,2375
< min: 719146.46
< max: 752058.92
---
> min: 719147.06
> max: 752057.25
2378,2379c2378,2379
< min: 719146.46
< max: 752123.68
---
> min: 719147.06
> max: 752122.00
2382,2383c2382,2383
< min: 719261.69
< max: 752123.68
---
> min: 719262.31
> max: 752122.00
2386,2387c2386,2387
< min: 721579.92
< max: 752123.68
---
> min: 721580.56
> max: 752122.00
2390,2391c2390,2391
< min: 722146.15
< max: 752123.68
---
> min: 722146.81
> max: 752122.00
2394,2395c2394,2395
< min: 722146.15
< max: 756253.44
---
> min: 722146.81
> max: 756251.75
2398,2399c2398,2399
< min: 726766.38
< max: 756253.44
---
> min: 726767.06
> max: 756251.75
2402,2403c2402,2403
< min: 726766.38
< max: 760220.20
---
> min: 726767.06
> max: 760218.50
2406,2407c2406,2407
< min: 727564.61
< max: 760220.20
---
> min: 727565.31
> max: 760218.50
2410,2411c2410,2411
< min: 732346.84
< max: 760220.20
---
> min: 732347.56
> max: 760218.50
2414,2415c2414,2415
< min: 732507.07
< max: 760220.20
---
> min: 732507.81
> max: 760218.50
2418,2419c2418,2419
< min: 733457.30
< max: 760220.20
---
> min: 733458.06
> max: 760218.50
2422,2423c2422,2423
< min: 733457.30
< max: 764955.96
---
> min: 733458.06
> max: 764954.25
2426,2427c2426,2427
< min: 733457.30
< max: 767702.72
---
> min: 733458.06
> max: 767701.00
2430,2431c2430,2431
< min: 734172.53
< max: 767702.72
---
> min: 734173.31
> max: 767701.00
2434,2435c2434,2435
< min: 737392.76
< max: 767702.72
---
> min: 737393.56
> max: 767701.00
2438,2439c2438,2439
< min: 737392.76
< max: 768104.48
---
> min: 737393.56
> max: 768102.75
2442,2443c2442,2443
< min: 737392.76
< max: 769074.24
---
> min: 737393.56
> max: 769072.50
2446,2447c2446,2447
< min: 739633.99
< max: 769074.24
---
> min: 739634.81
> max: 769072.50
2450,2451c2450,2451
< min: 739633.99
< max: 770608.00
---
> min: 739634.81
> max: 770606.25
2454,2455c2454,2455
< min: 741866.22
< max: 770608.00
---
> min: 741867.06
> max: 770606.25
2458,2459c2458,2459
< min: 746807.45
< max: 770608.00
---
> min: 746808.31
> max: 770606.25
2462,2463c2462,2463
< min: 751768.68
< max: 770608.00
---
> min: 751769.56
> max: 770606.25
2466,2467c2466,2467
< min: 751768.68
< max: 775318.76
---
> min: 751769.56
> max: 775317.00
2470,2471c2470,2471
< min: 752808.91
< max: 775318.76
---
> min: 752809.81
> max: 775317.00
2474,2475c2474,2475
< min: 756790.14
< max: 775318.76
---
> min: 756791.06
> max: 775317.00
2478,2479c2478,2479
< min: 761551.37
< max: 775318.76
---
> min: 761552.31
> max: 775317.00
2482,2483c2482,2483
< min: 761551.37
< max: 779635.52
---
> min: 761552.31
> max: 779633.75
2486,2487c2486,2487
< min: 761551.37
< max: 780324.28
---
> min: 761552.31
> max: 780322.50
2490,2491c2490,2491
< min: 762893.60
< max: 780324.28
---
> min: 762894.56
> max: 780322.50
2494,2495c2494,2495
< min: 765047.83
< max: 780324.28
---
> min: 765048.81
> max: 780322.50
2498,2499c2498,2499
< min: 768086.06
< max: 780324.28
---
> min: 768087.06
> max: 780322.50
2502,2503c2502,2503
< min: 768086.06
< max: 780383.04
---
> min: 768087.06
> max: 780381.25
2506,2507c2506,2507
< min: 769019.29
< max: 780383.04
---
> min: 769020.31
> max: 780381.25
2510,2511c2510,2511
< min: 769390.52
< max: 780383.04
---
> min: 769391.56
> max: 780381.25
2514,2515c2514,2515
< min: 769390.52
< max: 784859.80
---
> min: 769391.56
> max: 784858.00
2518,2519c2518,2519
< min: 771208.75
< max: 784859.80
---
> min: 771209.81
> max: 784858.00
2522,2523c2522,2523
< min: 771215.98
< max: 784859.80
---
> min: 771217.06
> max: 784858.00
2526,2527c2526,2527
< min: 771435.21
< max: 784859.80
---
> min: 771436.31
> max: 784858.00
2530,2531c2530,2531
< min: 771435.21
< max: 787227.56
---
> min: 771436.31
> max: 787225.75
2534,2535c2534,2535
< min: 774887.44
< max: 787227.56
---
> min: 774888.56
> max: 787225.75
2538,2539c2538,2539
< min: 774887.44
< max: 791832.32
---
> min: 774888.56
> max: 791830.50
2542,2543c2542,2543
< min: 774887.44
< max: 794587.08
---
> min: 774888.56
> max: 794585.25
2546,2547c2546,2547
< min: 778619.67
< max: 794587.08
---
> min: 778620.81
> max: 794585.25
2550,2551c2550,2551
< min: 779931.90
< max: 794587.08
---
> min: 779933.06
> max: 794585.25
2554,2555c2554,2555
< min: 779931.90
< max: 797962.84
---
> min: 779933.06
> max: 797961.00
2558,2559c2558,2559
< min: 779931.90
< max: 802346.60
---
> min: 779933.06
> max: 802344.75
2562,2563c2562,2563
< min: 779931.90
< max: 802772.36
---
> min: 779933.06
> max: 802770.50
2566,2567c2566,2567
< min: 780601.13
< max: 802772.36
---
> min: 780602.31
> max: 802770.50
2570,2571c2570,2571
< min: 783473.36
< max: 802772.36
---
> min: 783474.56
> max: 802770.50
2574,2575c2574,2575
< min: 783473.36
< max: 806068.12
---
> min: 783474.56
> max: 806066.25
2578,2579c2578,2579
< min: 785038.59
< max: 806068.12
---
> min: 785039.81
> max: 806066.25
2582,2583c2582,2583
< min: 787867.82
< max: 806068.12
---
> min: 787869.06
> max: 806066.25
2586,2587c2586,2587
< min: 787867.82
< max: 809386.88
---
> min: 787869.06
> max: 809385.00
2590,2591c2590,2591
< min: 789737.05
< max: 809386.88
---
> min: 789738.31
> max: 809385.00
2594,2595c2594,2595
< min: 792270.28
< max: 809386.88
---
> min: 792271.56
> max: 809385.00
2598,2599c2598,2599
< min: 792270.28
< max: 813709.64
---
> min: 792271.56
> max: 813707.75
2602,2603c2602,2603
< min: 793916.51
< max: 813709.64
---
> min: 793917.81
> max: 813707.75
2606,2607c2606,2607
< min: 797148.74
< max: 813709.64
---
> min: 797150.06
> max: 813707.75
2610,2611c2610,2611
< min: 797152.97
< max: 813709.64
---
> min: 797154.31
> max: 813707.75
2614,2615c2614,2615
< min: 798805.20
< max: 813709.64
---
> min: 798806.56
> max: 813707.75
2618,2619c2618,2619
< min: 802855.43
< max: 813709.64
---
> min: 802856.81
> max: 813707.75
2622,2623c2622,2623
< min: 802855.43
< max: 815651.40
---
> min: 802856.81
> max: 815649.50
2626,2627c2626,2627
< min: 802855.43
< max: 819043.16
---
> min: 802856.81
> max: 819041.25
2630,2631c2630,2631
< min: 802855.43
< max: 819044.92
---
> min: 802856.81
> max: 819043.00
2634,2635c2634,2635
< min: 806300.66
< max: 819044.92
---
> min: 806302.06
> max: 819043.00
2638,2639c2638,2639
< min: 807095.89
< max: 819044.92
---
> min: 807097.31
> max: 819043.00
2642,2643c2642,2643
< min: 807095.89
< max: 822212.68
---
> min: 807097.31
> max: 822210.75
2646,2647c2646,2647
< min: 809211.12
< max: 822212.68
---
> min: 809212.56
> max: 822210.75
2650,2651c2650,2651
< min: 809211.12
< max: 822534.44
---
> min: 809212.56
> max: 822532.50
2654,2655c2654,2655
< min: 812339.35
< max: 822534.44
---
> min: 812340.81
> max: 822532.50
2658,2659c2658,2659
< min: 812922.58
< max: 822534.44
---
> min: 812924.06
> max: 822532.50
2662,2663c2662,2663
< min: 816659.81
< max: 822534.44
---
> min: 816661.31
> max: 822532.50
2666,2667c2666,2667
< min: 816659.81
< max: 823497.20
---
> min: 816661.31
> max: 823495.25
2670,2671c2670,2671
< min: 816659.81
< max: 824165.96
---
> min: 816661.31
> max: 824164.00
2674,2675c2674,2675
< min: 816724.04
< max: 824165.96
---
> min: 816725.56
> max: 824164.00
2678,2679c2678,2679
< min: 821048.27
< max: 824165.96
---
> min: 821049.81
> max: 824164.00
2682,2683c2682,2683
< min: 824658.50
< max: 824165.96
---
> min: 824660.06
> max: 824164.00
2686,2687c2686,2687
< min: 824658.50
< max: 825863.72
---
> min: 824660.06
> max: 825861.75
2690,2691c2690,2691
< min: 824667.73
< max: 825863.72
---
> min: 824669.31
> max: 825861.75
2694,2695c2694,2695
< min: 826165.96
< max: 825863.72
---
> min: 826167.56
> max: 825861.75
2698,2699c2698,2699
< min: 826187.19
< max: 825863.72
---
> min: 826188.81
> max: 825861.75
2702,2703c2702,2703
< min: 826425.42
< max: 825863.72
---
> min: 826427.06
> max: 825861.75
2706,2707c2706,2707
< min: 829416.65
< max: 825863.72
---
> min: 829418.31
> max: 825861.75
2710,2711c2710,2711
< min: 831134.88
< max: 825863.72
---
> min: 831136.56
> max: 825861.75
2714,2715c2714,2715
< min: 831134.88
< max: 828740.48
---
> min: 831136.56
> max: 828738.50
2718,2719c2718,2719
< min: 835323.11
< max: 828740.48
---
> min: 835324.81
> max: 828738.50
2722,2723c2722,2723
< min: 835323.11
< max: 832681.24
---
> min: 835324.81
> max: 832679.25
2726,2727c2726,2727
< min: 835323.11
< max: 835248.00
---
> min: 835324.81
> max: 835246.00
2730,2731c2730,2731
< min: 835323.11
< max: 839164.76
---
> min: 835324.81
> max: 839162.75
2734,2735c2734,2735
< min: 836402.34
< max: 839164.76
---
> min: 836404.06
> max: 839162.75
2738,2739c2738,2739
< min: 840502.57
< max: 839164.76
---
> min: 840504.31
> max: 839162.75
2742,2743c2742,2743
< min: 840502.57
< max: 844015.52
---
> min: 840504.31
> max: 844013.50
2746,2747c2746,2747
< min: 840502.57
< max: 846215.28
---
> min: 840504.31
> max: 846213.25
2750,2751c2750,2751
< min: 840502.57
< max: 846843.04
---
> min: 840504.31
> max: 846841.00
2754,2755c2754,2755
< min: 840665.80
< max: 846843.04
---
> min: 840667.56
> max: 846841.00
2758,2759c2758,2759
< min: 840665.80
< max: 846933.80
---
> min: 840667.56
> max: 846931.75
2762,2763c2762,2763
< min: 840665.80
< max: 851750.56
---
> min: 840667.56
> max: 851748.50
2766,2767c2766,2767
< min: 840665.80
< max: 856091.32
---
> min: 840667.56
> max: 856089.25
2770,2771c2770,2771
< min: 840665.80
< max: 859051.08
---
> min: 840667.56
> max: 859049.00
2774,2775c2774,2775
< min: 840665.80
< max: 859174.84
---
> min: 840667.56
> max: 859172.75
2778,2779c2778,2779
< min: 840665.80
< max: 861724.60
---
> min: 840667.56
> max: 861722.50
2782,2783c2782,2783
< min: 840665.80
< max: 865437.36
---
> min: 840667.56
> max: 865435.25
2786,2787c2786,2787
< min: 840665.80
< max: 866808.12
---
> min: 840667.56
> max: 866806.00
2790,2791c2790,2791
< min: 840665.80
< max: 871656.88
---
> min: 840667.56
> max: 871654.75
2794,2795c2794,2795
< min: 841299.03
< max: 871656.88
---
> min: 841300.81
> max: 871654.75
2798,2799c2798,2799
< min: 841299.03
< max: 874299.64
---
> min: 841300.81
> max: 874297.50
2802,2803c2802,2803
< min: 845790.26
< max: 874299.64
---
> min: 845792.06
> max: 874297.50
2806,2807c2806,2807
< min: 845790.26
< max: 875040.40
---
> min: 845792.06
> max: 875038.25
2810,2811c2810,2811
< min: 846464.49
< max: 875040.40
---
> min: 846466.31
> max: 875038.25
2814,2815c2814,2815
< min: 849628.72
< max: 875040.40
---
> min: 849630.56
> max: 875038.25
2818,2819c2818,2819
< min: 849628.72
< max: 875619.16
---
> min: 849630.56
> max: 875617.00
2822,2823c2822,2823
< min: 849628.72
< max: 876259.92
---
> min: 849630.56
> max: 876257.75
2826,2827c2826,2827
< min: 849628.72
< max: 877842.68
---
> min: 849630.56
> max: 877840.50
2830,2831c2830,2831
< min: 850704.95
< max: 877842.68
---
> min: 850706.81
> max: 877840.50
2834,2835c2834,2835
< min: 850704.95
< max: 881749.44
---
> min: 850706.81
> max: 881747.25
2838,2839c2838,2839
< min: 854909.18
< max: 881749.44
---
> min: 854911.06
> max: 881747.25
2842,2843c2842,2843
< min: 858837.41
< max: 881749.44
---
> min: 858839.31
> max: 881747.25
2846,2847c2846,2847
< min: 859652.64
< max: 881749.44
---
> min: 859654.56
> max: 881747.25
2850,2851c2850,2851
< min: 859652.64
< max: 885097.20
---
> min: 859654.56
> max: 885095.00
2854,2855c2854,2855
< min: 859652.64
< max: 890069.96
---
> min: 859654.56
> max: 890067.75
2858,2859c2858,2859
< min: 860210.87
< max: 890069.96
---
> min: 860212.81
> max: 890067.75
2862,2863c2862,2863
< min: 860210.87
< max: 890653.72
---
> min: 860212.81
> max: 890651.50
2866,2867c2866,2867
< min: 860210.87
< max: 895462.48
---
> min: 860212.81
> max: 895460.25
2870,2871c2870,2871
< min: 863585.10
< max: 895462.48
---
> min: 863587.06
> max: 895460.25
2874,2875c2874,2875
< min: 867389.33
< max: 895462.48
---
> min: 867391.31
> max: 895460.25
2878,2879c2878,2879
< min: 871407.56
< max: 895462.48
---
> min: 871409.56
> max: 895460.25
2882,2883c2882,2883
< min: 873353.79
< max: 895462.48
---
> min: 873355.81
> max: 895460.25
2886,2887c2886,2887
< min: 873353.79
< max: 897811.24
---
> min: 873355.81
> max: 897809.00
2890,2891c2890,2891
< min: 878046.02
< max: 897811.24
---
> min: 878048.06
> max: 897809.00
2894,2895c2894,2895
< min: 882048.25
< max: 897811.24
---
> min: 882050.31
> max: 897809.00
2898,2899c2898,2899
< min: 882048.25
< max: 901620.00
---
> min: 882050.31
> max: 901617.75
2902,2903c2902,2903
< min: 882854.48
< max: 901620.00
---
> min: 882856.56
> max: 901617.75
2906,2907c2906,2907
< min: 882854.48
< max: 906315.76
---
> min: 882856.56
> max: 906313.50
2910,2911c2910,2911
< min: 886337.71
< max: 906315.76
---
> min: 886339.81
> max: 906313.50
2914,2915c2914,2915
< min: 887310.94
< max: 906315.76
---
> min: 887313.06
> max: 906313.50
2918,2919c2918,2919
< min: 891912.17
< max: 906315.76
---
> min: 891914.31
> max: 906313.50
2922,2923c2922,2923
< min: 891912.17
< max: 910459.52
---
> min: 891914.31
> max: 910457.25
2926,2927c2926,2927
< min: 892391.40
< max: 910459.52
---
> min: 892393.56
> max: 910457.25
2930,2931c2930,2931
< min: 894915.63
< max: 910459.52
---
> min: 894917.81
> max: 910457.25
2934,2935c2934,2935
< min: 894915.63
< max: 915265.28
---
> min: 894917.81
> max: 915263.00
2938,2939c2938,2939
< min: 897222.86
< max: 915265.28
---
> min: 897225.06
> max: 915263.00
2942,2943c2942,2943
< min: 897832.09
< max: 915265.28
---
> min: 897834.31
> max: 915263.00
2946,2947c2946,2947
< min: 897832.09
< max: 915696.04
---
> min: 897834.31
> max: 915693.75
2950,2951c2950,2951
< min: 897832.09
< max: 919955.80
---
> min: 897834.31
> max: 919953.50
2954,2955c2954,2955
< min: 898181.32
< max: 919955.80
---
> min: 898183.56
> max: 919953.50
2958,2959c2958,2959
< min: 902506.55
< max: 919955.80
---
> min: 902508.81
> max: 919953.50
2962,2963c2962,2963
< min: 907465.78
< max: 919955.80
---
> min: 907468.06
> max: 919953.50
2966,2967c2966,2967
< min: 907465.78
< max: 920662.56
---
> min: 907468.06
> max: 920660.25
2970,2971c2970,2971
< min: 911270.01
< max: 920662.56
---
> min: 911272.31
> max: 920660.25
2974,2975c2974,2975
< min: 911545.24
< max: 920662.56
---
> min: 911547.56
> max: 920660.25
2978,2979c2978,2979
< min: 911545.24
< max: 921327.32
---
> min: 911547.56
> max: 921325.00
2982,2983c2982,2983
< min: 911545.24
< max: 921949.08
---
> min: 911547.56
> max: 921946.75
2986,2987c2986,2987
< min: 916252.47
< max: 921949.08
---
> min: 916254.81
> max: 921946.75
2990,2991c2990,2991
< min: 919442.70
< max: 921949.08
---
> min: 919445.06
> max: 921946.75
2994,2995c2994,2995
< min: 919442.70
< max: 924181.84
---
> min: 919445.06
> max: 924179.50
2998,2999c2998,2999
< min: 919442.70
< max: 927006.60
---
> min: 919445.06
> max: 927004.25
3002,3003c3002,3003
< min: 921666.93
< max: 927006.60
---
> min: 921669.31
> max: 927004.25
3006,3007c3006,3007
< min: 921666.93
< max: 928629.36
---
> min: 921669.31
> max: 928627.00
3010,3011c3010,3011
< min: 925157.16
< max: 928629.36
---
> min: 925159.56
> max: 928627.00
3014,3015c3014,3015
< min: 925157.16
< max: 933049.12
---
> min: 925159.56
> max: 933046.75
3018,3019c3018,3019
< min: 925157.16
< max: 935653.88
---
> min: 925159.56
> max: 935651.50
3022,3023c3022,3023
< min: 929853.39
< max: 935653.88
---
> min: 929855.81
> max: 935651.50
3026,3027c3026,3027
< min: 931255.62
< max: 935653.88
---
> min: 931258.06
> max: 935651.50
3030,3031c3030,3031
< min: 932618.85
< max: 935653.88
---
> min: 932621.31
> max: 935651.50
3034,3035c3034,3035
< min: 935814.08
< max: 935653.88
---
> min: 935816.56
> max: 935651.50
3038,3039c3038,3039
< min: 936852.31
< max: 935653.88
---
> min: 936854.81
> max: 935651.50
3042,3043c3042,3043
< min: 941480.54
< max: 935653.88
---
> min: 941483.06
> max: 935651.50
3046,3047c3046,3047
< min: 945547.77
< max: 935653.88
---
> min: 945550.31
> max: 935651.50
3050,3051c3050,3051
< min: 945729.00
< max: 935653.88
---
> min: 945731.56
> max: 935651.50
3054,3055c3054,3055
< min: 945729.00
< max: 939837.64
---
> min: 945731.56
> max: 939835.25
3058,3059c3058,3059
< min: 945729.00
< max: 941913.40
---
> min: 945731.56
> max: 941911.00
3062,3063c3062,3063
< min: 945729.00
< max: 944409.16
---
> min: 945731.56
> max: 944406.75
3066,3067c3066,3067
< min: 947170.23
< max: 944409.16
---
> min: 947172.81
> max: 944406.75
3070,3071c3070,3071
< min: 947170.23
< max: 948251.92
---
> min: 947172.81
> max: 948249.50
3074,3075c3074,3075
< min: 947170.23
< max: 949992.68
---
> min: 947172.81
> max: 949990.25
3078,3079c3078,3079
< min: 947170.23
< max: 953186.44
---
> min: 947172.81
> max: 953184.00
3082,3083c3082,3083
< min: 947170.23
< max: 954040.20
---
> min: 947172.81
> max: 954037.75
3086,3087c3086,3087
< min: 949052.46
< max: 954040.20
---
> min: 949055.06
> max: 954037.75
3090,3091c3090,3091
< min: 950166.69
< max: 954040.20
---
> min: 950169.31
> max: 954037.75
3094,3095c3094,3095
< min: 950166.69
< max: 956073.96
---
> min: 950169.31
> max: 956071.50
3098,3099c3098,3099
< min: 950987.92
< max: 956073.96
---
> min: 950990.56
> max: 956071.50
3102,3103c3102,3103
< min: 950987.92
< max: 956960.72
---
> min: 950990.56
> max: 956958.25
3106,3107c3106,3107
< min: 953347.15
< max: 956960.72
---
> min: 953349.81
> max: 956958.25
3110,3111c3110,3111
< min: 953891.38
< max: 956960.72
---
> min: 953894.06
> max: 956958.25
3114,3115c3114,3115
< min: 953891.38
< max: 959641.48
---
> min: 953894.06
> max: 959639.00
3118,3119c3118,3119
< min: 953891.38
< max: 960851.24
---
> min: 953894.06
> max: 960848.75
3122,3123c3122,3123
< min: 953891.38
< max: 964468.00
---
> min: 953894.06
> max: 964465.50
3126,3127c3126,3127
< min: 953891.38
< max: 966260.76
---
> min: 953894.06
> max: 966258.25
3130,3131c3130,3131
< min: 956074.61
< max: 966260.76
---
> min: 956077.31
> max: 966258.25
3134,3135c3134,3135
< min: 960963.84
< max: 966260.76
---
> min: 960966.56
> max: 966258.25
3138,3139c3138,3139
< min: 963414.07
< max: 966260.76
---
> min: 963416.81
> max: 966258.25
3142,3143c3142,3143
< min: 963414.07
< max: 968018.52
---
> min: 963416.81
> max: 968016.00
3146,3147c3146,3147
< min: 968015.30
< max: 968018.52
---
> min: 968018.06
> max: 968016.00
3149c3149
< $968018.52
---
> $968018.06
